<?xml version="1.0" encoding="UTF-8" ?>
<testsuite errors="0" failures="0" hostname="bana-lt1" name="sztaki.hexaa.httputility.apicalls.services.ServicesDeleteTest" skipped="0" tests="1" time="6.053" timestamp="2014-08-06T08:05:53">
  <properties>
[...]
</properties>
  <testcase classname="sztaki.hexaa.httputility.apicalls.services.ServicesDeleteTest" name="testRolesDelete" time="0.276" />
  <system-out><![CDATA[BeforeClass @ CleanTest
OUTPUT>Dropped database for connection named `hexaa`
OUTPUT>Created database for connection named `hexaa`
OUTPUT>Updating database schema...
OUTPUT>Database schema updated successfully! "54" queries were executed
ExitValue: 0
GET 	/app.php/api/principal/self.json
{"code":403,"message":"Forbidden"}
Getting temporary API key.
Temporary API key acquired.
POST 	/app.php/api/tokens.json
{"fedid":"tesztAdmin@sztaki.hu","token":"e89909dd41f4162f12e84cc19fad5234d02ce0669bd811adeeaaf7f6e51278e2"}
Normal API key acquired.
GET 	/app.php/api/entityids.json
POST 	/app.php/api/services.json
POST 	/app.php/api/services.json
DEL 	/app.php/api/services/1.json
GET 	/app.php/api/services.json
]]></system-out>
  <system-err><![CDATA[]]></system-err>
</testsuite>
