<?xml version="1.0" encoding="UTF-8" ?>
<testsuite errors="0" failures="0" hostname="banat" name="sztaki.hexaa.httputility.leveledtests.LevelTwoTestSuite" skipped="0" tests="32" time="112.366" timestamp="2014-10-06T13:40:05">
  <properties>
[...]
</properties>
  <testcase classname="sztaki.hexaa.httputility.apicalls.attributespecs.AttributespecsDeleteTest" name="testAttributespecsDelete" time="0.262" />
  <testcase classname="sztaki.hexaa.httputility.apicalls.attributespecs.AttributespecsGetTest" name="testAttributespecsArray" time="0.137" />
  <testcase classname="sztaki.hexaa.httputility.apicalls.attributespecs.AttributespecsGetTest" name="testAttributespecsGetByID" time="0.133" />
  <testcase classname="sztaki.hexaa.httputility.apicalls.attributespecs.AttributespecsPutTest" name="testAttributespecsPut" time="0.306" />
  <testcase classname="sztaki.hexaa.httputility.apicalls.attributespecs.AttributespecsPatchTest" name="testAttributespecsPatch" time="0.262" />
  <testcase classname="sztaki.hexaa.httputility.apicalls.organizations.OrganizationDeleteTest" name="testOrganizationDelete" time="0.409" />
  <testcase classname="sztaki.hexaa.httputility.apicalls.organizations.OrganizationGetTest" name="testOrganizationGetArray" time="0.159" />
  <testcase classname="sztaki.hexaa.httputility.apicalls.organizations.OrganizationGetTest" name="testOrganizationGetById" time="0.278" />
  <testcase classname="sztaki.hexaa.httputility.apicalls.organizations.OrganizationPutTest" name="testOrganizationPut" time="0.484" />
  <testcase classname="sztaki.hexaa.httputility.apicalls.organizations.principals.OrganizationsManagersAddTest" name="testOrganizationManagersAdd" time="0.156" />
  <testcase classname="sztaki.hexaa.httputility.apicalls.organizations.principals.OrganizationsMembersAddTest" name="testOrganizationMemberAdd" time="0.136" />
  <testcase classname="sztaki.hexaa.httputility.apicalls.principals.PrincipalGetAdmin" name="testPrincipalGetIsAdmin" time="0.13" />
  <testcase classname="sztaki.hexaa.httputility.apicalls.principals.PrincipalGetAdmin" name="testPrincipalGetNotAdmin" time="0.705" />
  <testcase classname="sztaki.hexaa.httputility.apicalls.principals.PrincipalGetTest" name="testPrincipalSelfGet" time="0.125" />
  <testcase classname="sztaki.hexaa.httputility.apicalls.principals.PrincipalGetTest" name="testPrincipalsGet" time="0.139" />
  <testcase classname="sztaki.hexaa.httputility.apicalls.principals.PrincipalGetTest" name="testPrincipalsGetByFedid" time="0.158" />
  <testcase classname="sztaki.hexaa.httputility.apicalls.principals.PrincipalGetTest" name="testPrincipalsGetById" time="0.116" />
  <testcase classname="sztaki.hexaa.httputility.apicalls.principals.PrincipalsDeleteSelfTest" name="testPrincipalDeleteSelf" time="0.713" />
  <testcase classname="sztaki.hexaa.httputility.apicalls.principals.PrincipalsDeleteTest" name="testPrincipalsDeleteByFedid" time="0.308" />
  <testcase classname="sztaki.hexaa.httputility.apicalls.principals.PrincipalsDeleteTest" name="testPrincipalsDeleteById" time="0.292" />
  <testcase classname="sztaki.hexaa.httputility.apicalls.principals.PrincipalsManagerGetOrganizationsTest" name="testPrincipalGetManagerOrg" time="0.155" />
  <testcase classname="sztaki.hexaa.httputility.apicalls.principals.PrincipalsManagerGetServicesTest" name="testPrincipalGetManagerService" time="0.154" />
  <testcase classname="sztaki.hexaa.httputility.apicalls.principals.PrincipalsMemeberGetOrganizationsTest" name="testPrincipalGetMemberOrg" time="0.15" />
  <testcase classname="sztaki.hexaa.httputility.apicalls.roles.RolesPostTest" name="testRolesPost" time="0.147" />
  <testcase classname="sztaki.hexaa.httputility.apicalls.services.ServicesDeleteTest" name="testServicesDelete" time="0.283" />
  <testcase classname="sztaki.hexaa.httputility.apicalls.services.ServicesGetTest" name="testServicesGetArray" time="0.144" />
  <testcase classname="sztaki.hexaa.httputility.apicalls.services.ServicesGetTest" name="testServicesGetByID" time="0.281" />
  <testcase classname="sztaki.hexaa.httputility.apicalls.services.ServicesGetTest" name="testServicesGetByArray" time="0.142" />
  <testcase classname="sztaki.hexaa.httputility.apicalls.services.ServicesPutTest" name="testServicesPut" time="0.315" />
  <testcase classname="sztaki.hexaa.httputility.apicalls.services.attributespecs.ServicesAttributespecsAddTest" name="testServicesAttributespecsAdd" time="1.125" />
  <testcase classname="sztaki.hexaa.httputility.apicalls.services.entitlementpacks.ServicesEntitlementpacksPostTest" name="testServiceEntitlementpacksPosts" time="0.535" />
  <testcase classname="sztaki.hexaa.httputility.apicalls.services.entitlements.ServicesEntitlementsPostTest" name="testServiceEntitlementsPosts" time="0.483" />
  <system-out><![CDATA[BeforeClass @ CleanTest
/home/ede/NetBeansProjects/JavaCoreTest/hexaa-test
*** Loading Properties ***
*** 80
*** 192.168.203.203
*** tesztAdmin@sztaki.hu
*** 7lrfjlpu5br2vpv1jcaogdz481b28xf7lz85wqmv
OUTPUT>Could not open input file: app/console
OUTPUT>Dropped database for connection named `hexaa`
OUTPUT>Created database for connection named `hexaa`
OUTPUT>Updating database schema...
OUTPUT>Database schema updated successfully! "64" queries were executed
ExitValue: 0
** AUTHENTICATE **	GET 	/app.php/api/principal/self.json
** AUTHENTICATE **	{"code":403,"message":"Forbidden","errors":null}
** AUTHENTICATE **	Getting temporary API key.
** AUTHENTICATE **	Temporary API key acquired.
** AUTHENTICATE **	POST 	/app.php/api/tokens.json
{"fedid":"tesztAdmin@sztaki.hu","token":"eb4b8268da9f0ec967ab88149a9c4a4169c233a97972291c3a0581a6b9827fdd"}
** AUTHENTICATE **	{"fedid":"tesztAdmin@sztaki.hu","token":"eb4b8268da9f0ec967ab88149a9c4a4169c233a97972291c3a0581a6b9827fdd"}
** AUTHENTICATE **	Normal API key acquired.
POST 	/app.php/api/attributespecs.json
***	 AttributespecsDeleteTest ***
DEL 	/app.php/api/attributespecs/1.json
GET 	/app.php/api/attributespecs.json
BeforeClass @ CleanTest
/home/ede/NetBeansProjects/JavaCoreTest/hexaa-test
*** Loading Properties ***
*** 80
*** 192.168.203.203
*** tesztAdmin@sztaki.hu
*** 7lrfjlpu5br2vpv1jcaogdz481b28xf7lz85wqmv
OUTPUT>Could not open input file: app/console
OUTPUT>Dropped database for connection named `hexaa`
OUTPUT>Created database for connection named `hexaa`
OUTPUT>Updating database schema...
OUTPUT>Database schema updated successfully! "64" queries were executed
ExitValue: 0
** AUTHENTICATE **	GET 	/app.php/api/principal/self.json
** AUTHENTICATE **	{"code":403,"message":"Forbidden","errors":null}
** AUTHENTICATE **	Getting temporary API key.
** AUTHENTICATE **	Temporary API key acquired.
** AUTHENTICATE **	POST 	/app.php/api/tokens.json
{"fedid":"tesztAdmin@sztaki.hu","token":"9bd317e63726ddf582449ef2fe069d009f19de41922cef40a7deccdf38f5d822"}
** AUTHENTICATE **	{"fedid":"tesztAdmin@sztaki.hu","token":"9bd317e63726ddf582449ef2fe069d009f19de41922cef40a7deccdf38f5d822"}
** AUTHENTICATE **	Normal API key acquired.
POST 	/app.php/api/attributespecs.json
POST 	/app.php/api/attributespecs.json
***	 AttributespecsGetTest ***
GET 	/app.php/api/attributespecs.json
GET 	/app.php/api/attributespecs/2.json
BeforeClass @ CleanTest
/home/ede/NetBeansProjects/JavaCoreTest/hexaa-test
*** Loading Properties ***
*** 80
*** 192.168.203.203
*** tesztAdmin@sztaki.hu
*** 7lrfjlpu5br2vpv1jcaogdz481b28xf7lz85wqmv
OUTPUT>Could not open input file: app/console
OUTPUT>Dropped database for connection named `hexaa`
OUTPUT>Created database for connection named `hexaa`
OUTPUT>Updating database schema...
OUTPUT>Database schema updated successfully! "64" queries were executed
ExitValue: 0
** AUTHENTICATE **	GET 	/app.php/api/principal/self.json
** AUTHENTICATE **	{"code":403,"message":"Forbidden","errors":null}
** AUTHENTICATE **	Getting temporary API key.
** AUTHENTICATE **	Temporary API key acquired.
** AUTHENTICATE **	POST 	/app.php/api/tokens.json
{"fedid":"tesztAdmin@sztaki.hu","token":"6981b82acb65270ab350ac917deaf0f112987047c18b6f5686fd00bd3bda12c1"}
** AUTHENTICATE **	{"fedid":"tesztAdmin@sztaki.hu","token":"6981b82acb65270ab350ac917deaf0f112987047c18b6f5686fd00bd3bda12c1"}
** AUTHENTICATE **	Normal API key acquired.
POST 	/app.php/api/attributespecs.json
***	 AttributespecsPutTest ***
PUT 	/app.php/api/attributespecs/1.json
GET 	/app.php/api/attributespecs/1.json
BeforeClass @ CleanTest
/home/ede/NetBeansProjects/JavaCoreTest/hexaa-test
*** Loading Properties ***
*** 80
*** 192.168.203.203
*** tesztAdmin@sztaki.hu
*** 7lrfjlpu5br2vpv1jcaogdz481b28xf7lz85wqmv
OUTPUT>Could not open input file: app/console
OUTPUT>Dropped database for connection named `hexaa`
OUTPUT>Created database for connection named `hexaa`
OUTPUT>Updating database schema...
OUTPUT>Database schema updated successfully! "64" queries were executed
ExitValue: 0
** AUTHENTICATE **	GET 	/app.php/api/principal/self.json
** AUTHENTICATE **	{"code":403,"message":"Forbidden","errors":null}
** AUTHENTICATE **	Getting temporary API key.
** AUTHENTICATE **	Temporary API key acquired.
** AUTHENTICATE **	POST 	/app.php/api/tokens.json
{"fedid":"tesztAdmin@sztaki.hu","token":"2a938de15cfbf4af54d77887d74330e3fb978ab13f41fdbc6d6891445cc0acd7"}
** AUTHENTICATE **	{"fedid":"tesztAdmin@sztaki.hu","token":"2a938de15cfbf4af54d77887d74330e3fb978ab13f41fdbc6d6891445cc0acd7"}
** AUTHENTICATE **	Normal API key acquired.
POST 	/app.php/api/attributespecs.json
***	 AttributespecsPatchTest ***
PATCH 	/app.php/api/attributespecs/1.json
GET 	/app.php/api/attributespecs/1.json
BeforeClass @ CleanTest
/home/ede/NetBeansProjects/JavaCoreTest/hexaa-test
*** Loading Properties ***
*** 80
*** 192.168.203.203
*** tesztAdmin@sztaki.hu
*** 7lrfjlpu5br2vpv1jcaogdz481b28xf7lz85wqmv
OUTPUT>Could not open input file: app/console
OUTPUT>Dropped database for connection named `hexaa`
OUTPUT>Created database for connection named `hexaa`
OUTPUT>Updating database schema...
OUTPUT>Database schema updated successfully! "64" queries were executed
ExitValue: 0
** AUTHENTICATE **	GET 	/app.php/api/principal/self.json
** AUTHENTICATE **	{"code":403,"message":"Forbidden","errors":null}
** AUTHENTICATE **	Getting temporary API key.
** AUTHENTICATE **	Temporary API key acquired.
** AUTHENTICATE **	POST 	/app.php/api/tokens.json
{"fedid":"tesztAdmin@sztaki.hu","token":"4b78e6e3bb23f43621ea6dcd5456402c370a6801f240ce791e9f6c09caadbd91"}
** AUTHENTICATE **	{"fedid":"tesztAdmin@sztaki.hu","token":"4b78e6e3bb23f43621ea6dcd5456402c370a6801f240ce791e9f6c09caadbd91"}
** AUTHENTICATE **	Normal API key acquired.
POST 	/app.php/api/organizations.json
POST 	/app.php/api/organizations.json
***	 OrganizationDeleteTest ***
DEL 	/app.php/api/organizations/1.json
GET 	/app.php/api/organizations/1.json
GET 	/app.php/api/organizations/2.json
BeforeClass @ CleanTest
/home/ede/NetBeansProjects/JavaCoreTest/hexaa-test
*** Loading Properties ***
*** 80
*** 192.168.203.203
*** tesztAdmin@sztaki.hu
*** 7lrfjlpu5br2vpv1jcaogdz481b28xf7lz85wqmv
OUTPUT>Could not open input file: app/console
OUTPUT>Dropped database for connection named `hexaa`
OUTPUT>Created database for connection named `hexaa`
OUTPUT>Updating database schema...
OUTPUT>Database schema updated successfully! "64" queries were executed
ExitValue: 0
** AUTHENTICATE **	GET 	/app.php/api/principal/self.json
** AUTHENTICATE **	{"code":403,"message":"Forbidden","errors":null}
** AUTHENTICATE **	Getting temporary API key.
** AUTHENTICATE **	Temporary API key acquired.
** AUTHENTICATE **	POST 	/app.php/api/tokens.json
{"fedid":"tesztAdmin@sztaki.hu","token":"40b15acdb84dfbb4f8adde4f1d84e5e78d7f5d92ab6eaf9763aa679842fabe30"}
** AUTHENTICATE **	{"fedid":"tesztAdmin@sztaki.hu","token":"40b15acdb84dfbb4f8adde4f1d84e5e78d7f5d92ab6eaf9763aa679842fabe30"}
** AUTHENTICATE **	Normal API key acquired.
POST 	/app.php/api/organizations.json
POST 	/app.php/api/organizations.json
***	 OrganizationGetTest ***
GET 	/app.php/api/organizations.json
GET 	/app.php/api/organizations/1.json
GET 	/app.php/api/organizations/2.json
BeforeClass @ CleanTest
/home/ede/NetBeansProjects/JavaCoreTest/hexaa-test
*** Loading Properties ***
*** 80
*** 192.168.203.203
*** tesztAdmin@sztaki.hu
*** 7lrfjlpu5br2vpv1jcaogdz481b28xf7lz85wqmv
OUTPUT>Could not open input file: app/console
OUTPUT>Dropped database for connection named `hexaa`
OUTPUT>Created database for connection named `hexaa`
OUTPUT>Updating database schema...
OUTPUT>Database schema updated successfully! "64" queries were executed
ExitValue: 0
** AUTHENTICATE **	GET 	/app.php/api/principal/self.json
** AUTHENTICATE **	{"code":403,"message":"Forbidden","errors":null}
** AUTHENTICATE **	Getting temporary API key.
** AUTHENTICATE **	Temporary API key acquired.
** AUTHENTICATE **	POST 	/app.php/api/tokens.json
{"fedid":"tesztAdmin@sztaki.hu","token":"78f77e4d853a855d0bea2efc11be37205f7cd5f93244632c4e29d184161dfa0f"}
** AUTHENTICATE **	{"fedid":"tesztAdmin@sztaki.hu","token":"78f77e4d853a855d0bea2efc11be37205f7cd5f93244632c4e29d184161dfa0f"}
** AUTHENTICATE **	Normal API key acquired.
POST 	/app.php/api/organizations.json
POST 	/app.php/api/organizations.json
***	 OrganizationPutTest ***
PUT 	/app.php/api/organizations/1.json
GET 	/app.php/api/organizations/1.json
GET 	/app.php/api/organizations/2.json
BeforeClass @ CleanTest
/home/ede/NetBeansProjects/JavaCoreTest/hexaa-test
*** Loading Properties ***
*** 80
*** 192.168.203.203
*** tesztAdmin@sztaki.hu
*** 7lrfjlpu5br2vpv1jcaogdz481b28xf7lz85wqmv
OUTPUT>Could not open input file: app/console
OUTPUT>Dropped database for connection named `hexaa`
OUTPUT>Created database for connection named `hexaa`
OUTPUT>Updating database schema...
OUTPUT>Database schema updated successfully! "64" queries were executed
ExitValue: 0
** AUTHENTICATE **	GET 	/app.php/api/principal/self.json
** AUTHENTICATE **	{"code":403,"message":"Forbidden","errors":null}
** AUTHENTICATE **	Getting temporary API key.
** AUTHENTICATE **	Temporary API key acquired.
** AUTHENTICATE **	POST 	/app.php/api/tokens.json
{"fedid":"tesztAdmin@sztaki.hu","token":"668a480183258aaa18f0bb15f96ffbf786e88061fad875e927da2cc57baaac2c"}
** AUTHENTICATE **	{"fedid":"tesztAdmin@sztaki.hu","token":"668a480183258aaa18f0bb15f96ffbf786e88061fad875e927da2cc57baaac2c"}
** AUTHENTICATE **	Normal API key acquired.
POST 	/app.php/api/organizations.json
POST 	/app.php/api/principals.json
***	 OrganizationsManagersAddTest ***
PUT 	/app.php/api/organizations/1/managers/2.json
BeforeClass @ CleanTest
/home/ede/NetBeansProjects/JavaCoreTest/hexaa-test
*** Loading Properties ***
*** 80
*** 192.168.203.203
*** tesztAdmin@sztaki.hu
*** 7lrfjlpu5br2vpv1jcaogdz481b28xf7lz85wqmv
OUTPUT>Could not open input file: app/console
OUTPUT>Dropped database for connection named `hexaa`
OUTPUT>Created database for connection named `hexaa`
OUTPUT>Updating database schema...
OUTPUT>Database schema updated successfully! "64" queries were executed
ExitValue: 0
** AUTHENTICATE **	GET 	/app.php/api/principal/self.json
** AUTHENTICATE **	{"code":403,"message":"Forbidden","errors":null}
** AUTHENTICATE **	Getting temporary API key.
** AUTHENTICATE **	Temporary API key acquired.
** AUTHENTICATE **	POST 	/app.php/api/tokens.json
{"fedid":"tesztAdmin@sztaki.hu","token":"73b916962127f621cdef107f84e619de297a1e3a8de377e17ab0e6797cc61c9e"}
** AUTHENTICATE **	{"fedid":"tesztAdmin@sztaki.hu","token":"73b916962127f621cdef107f84e619de297a1e3a8de377e17ab0e6797cc61c9e"}
** AUTHENTICATE **	Normal API key acquired.
POST 	/app.php/api/organizations.json
POST 	/app.php/api/principals.json
***	 OrganizationsMembersAddTest ***
PUT 	/app.php/api/organizations/1/members/2.json
BeforeClass @ CleanTest
/home/ede/NetBeansProjects/JavaCoreTest/hexaa-test
*** Loading Properties ***
*** 80
*** 192.168.203.203
*** tesztAdmin@sztaki.hu
*** 7lrfjlpu5br2vpv1jcaogdz481b28xf7lz85wqmv
OUTPUT>Could not open input file: app/console
OUTPUT>Dropped database for connection named `hexaa`
OUTPUT>Created database for connection named `hexaa`
OUTPUT>Updating database schema...
OUTPUT>Database schema updated successfully! "64" queries were executed
ExitValue: 0
** AUTHENTICATE **	GET 	/app.php/api/principal/self.json
** AUTHENTICATE **	{"code":403,"message":"Forbidden","errors":null}
** AUTHENTICATE **	Getting temporary API key.
** AUTHENTICATE **	Temporary API key acquired.
** AUTHENTICATE **	POST 	/app.php/api/tokens.json
{"fedid":"tesztAdmin@sztaki.hu","token":"6b361daaf7836922b2f507cf7edeb6be5e8a407d49362772ab87dfde91c8ef8e"}
** AUTHENTICATE **	{"fedid":"tesztAdmin@sztaki.hu","token":"6b361daaf7836922b2f507cf7edeb6be5e8a407d49362772ab87dfde91c8ef8e"}
** AUTHENTICATE **	Normal API key acquired.
***	 PrincipalGetAdmin ***
GET 	/app.php/api/principal/isadmin.json
** AUTHENTICATE **	GET 	/app.php/api/principal/self.json
** AUTHENTICATE **	{"created_at":"2014-10-06T13:40:53+0000","id":1,"fedid":"tesztAdmin@sztaki.hu","display_name":"tesztAdmin@sztaki.hu_name","email":"tesztAdmin@sztaki.hu"}
** AUTHENTICATE **	Getting temporary API key.
** AUTHENTICATE **	Temporary API key acquired.
** AUTHENTICATE **	POST 	/app.php/api/tokens.json
{"fedid":"admin@is.not","token":"96c2c6e96aa6449c2ac775d9394eda772dce358e77bf8b5c0bb35f7c28fa75a8"}
** AUTHENTICATE **	{"fedid":"admin@is.not","token":"96c2c6e96aa6449c2ac775d9394eda772dce358e77bf8b5c0bb35f7c28fa75a8"}
** AUTHENTICATE **	Normal API key acquired.
GET 	/app.php/api/principal/isadmin.json
** AUTHENTICATE **	GET 	/app.php/api/principal/self.json
** AUTHENTICATE **	{"created_at":"2014-10-06T13:40:53+0000","id":2,"fedid":"admin@is.not","display_name":"admin@is.not_name","email":"admin@is.not"}
** AUTHENTICATE **	Getting temporary API key.
** AUTHENTICATE **	Temporary API key acquired.
** AUTHENTICATE **	POST 	/app.php/api/tokens.json
{"fedid":"tesztAdmin@sztaki.hu","token":"6b361daaf7836922b2f507cf7edeb6be5e8a407d49362772ab87dfde91c8ef8e"}
** AUTHENTICATE **	{"fedid":"tesztAdmin@sztaki.hu","token":"6b361daaf7836922b2f507cf7edeb6be5e8a407d49362772ab87dfde91c8ef8e"}
** AUTHENTICATE **	Normal API key acquired.
BeforeClass @ CleanTest
/home/ede/NetBeansProjects/JavaCoreTest/hexaa-test
*** Loading Properties ***
*** 80
*** 192.168.203.203
*** tesztAdmin@sztaki.hu
*** 7lrfjlpu5br2vpv1jcaogdz481b28xf7lz85wqmv
OUTPUT>Could not open input file: app/console
OUTPUT>Dropped database for connection named `hexaa`
OUTPUT>Created database for connection named `hexaa`
OUTPUT>Updating database schema...
OUTPUT>Database schema updated successfully! "64" queries were executed
ExitValue: 0
** AUTHENTICATE **	GET 	/app.php/api/principal/self.json
** AUTHENTICATE **	{"code":403,"message":"Forbidden","errors":null}
** AUTHENTICATE **	Getting temporary API key.
** AUTHENTICATE **	Temporary API key acquired.
** AUTHENTICATE **	POST 	/app.php/api/tokens.json
{"fedid":"tesztAdmin@sztaki.hu","token":"35c62c1212bd31b58930ac3d9dee0a8ce2e6146d77576ca23daf9f8a77a19b6c"}
** AUTHENTICATE **	{"fedid":"tesztAdmin@sztaki.hu","token":"35c62c1212bd31b58930ac3d9dee0a8ce2e6146d77576ca23daf9f8a77a19b6c"}
** AUTHENTICATE **	Normal API key acquired.
***	 PrincipalGetTest ***
GET 	/app.php/api/principal/self.json
GET 	/app.php/api/principals.json
GET 	/app.php/api/principals/tesztAdmin@sztaki.hu/fedid.json
GET 	/app.php/api/principals/1/id.json
BeforeClass @ CleanTest
/home/ede/NetBeansProjects/JavaCoreTest/hexaa-test
*** Loading Properties ***
*** 80
*** 192.168.203.203
*** tesztAdmin@sztaki.hu
*** 7lrfjlpu5br2vpv1jcaogdz481b28xf7lz85wqmv
OUTPUT>Could not open input file: app/console
OUTPUT>Dropped database for connection named `hexaa`
OUTPUT>Created database for connection named `hexaa`
OUTPUT>Updating database schema...
OUTPUT>Database schema updated successfully! "64" queries were executed
ExitValue: 0
** AUTHENTICATE **	GET 	/app.php/api/principal/self.json
** AUTHENTICATE **	{"code":403,"message":"Forbidden","errors":null}
** AUTHENTICATE **	Getting temporary API key.
** AUTHENTICATE **	Temporary API key acquired.
** AUTHENTICATE **	POST 	/app.php/api/tokens.json
{"fedid":"tesztAdmin@sztaki.hu","token":"ed63afd8eaf605a6fae744e075ea1d22734a2e6b7ca443eadf3cb3945b4b9f6b"}
** AUTHENTICATE **	{"fedid":"tesztAdmin@sztaki.hu","token":"ed63afd8eaf605a6fae744e075ea1d22734a2e6b7ca443eadf3cb3945b4b9f6b"}
** AUTHENTICATE **	Normal API key acquired.
** AUTHENTICATE **	GET 	/app.php/api/principal/self.json
** AUTHENTICATE **	{"created_at":"2014-10-06T13:41:03+0000","id":1,"fedid":"tesztAdmin@sztaki.hu","display_name":"tesztAdmin@sztaki.hu_name","email":"tesztAdmin@sztaki.hu"}
** AUTHENTICATE **	Getting temporary API key.
** AUTHENTICATE **	Temporary API key acquired.
** AUTHENTICATE **	POST 	/app.php/api/tokens.json
{"fedid":"testPrincipal@something.test","token":"b9109b0bb421e6aaab07155fa5609d2d35a3648ed8b65a965a0020b118f103b2"}
** AUTHENTICATE **	{"fedid":"testPrincipal@something.test","token":"b9109b0bb421e6aaab07155fa5609d2d35a3648ed8b65a965a0020b118f103b2"}
** AUTHENTICATE **	Normal API key acquired.
***	 PrincipalsDeleteSelfTest ***
GET 	/app.php/api/principal/self.json
DEL 	/app.php/api/principal.json
GET 	/app.php/api/principal/self.json
** AUTHENTICATE **	GET 	/app.php/api/principal/self.json
** AUTHENTICATE **	{"code":403,"message":"Forbidden","errors":null}
** AUTHENTICATE **	Getting temporary API key.
** AUTHENTICATE **	Temporary API key acquired.
** AUTHENTICATE **	POST 	/app.php/api/tokens.json
{"fedid":"tesztAdmin@sztaki.hu","token":"ed63afd8eaf605a6fae744e075ea1d22734a2e6b7ca443eadf3cb3945b4b9f6b"}
** AUTHENTICATE **	{"fedid":"tesztAdmin@sztaki.hu","token":"ed63afd8eaf605a6fae744e075ea1d22734a2e6b7ca443eadf3cb3945b4b9f6b"}
** AUTHENTICATE **	Normal API key acquired.
GET 	/app.php/api/principals.json
BeforeClass @ CleanTest
/home/ede/NetBeansProjects/JavaCoreTest/hexaa-test
*** Loading Properties ***
*** 80
*** 192.168.203.203
*** tesztAdmin@sztaki.hu
*** 7lrfjlpu5br2vpv1jcaogdz481b28xf7lz85wqmv
OUTPUT>Could not open input file: app/console
OUTPUT>Dropped database for connection named `hexaa`
OUTPUT>Created database for connection named `hexaa`
OUTPUT>Updating database schema...
OUTPUT>Database schema updated successfully! "64" queries were executed
ExitValue: 0
** AUTHENTICATE **	GET 	/app.php/api/principal/self.json
** AUTHENTICATE **	{"code":403,"message":"Forbidden","errors":null}
** AUTHENTICATE **	Getting temporary API key.
** AUTHENTICATE **	Temporary API key acquired.
** AUTHENTICATE **	POST 	/app.php/api/tokens.json
{"fedid":"tesztAdmin@sztaki.hu","token":"69bc1471ccca75546e312ab04fc80d804cb556bf236b158cbb2d73090f361f62"}
** AUTHENTICATE **	{"fedid":"tesztAdmin@sztaki.hu","token":"69bc1471ccca75546e312ab04fc80d804cb556bf236b158cbb2d73090f361f62"}
** AUTHENTICATE **	Normal API key acquired.
***	 PrincipalsDeleteTest ***
POST 	/app.php/api/principals.json
DEL 	/app.php/api/principals/testPrincipal/fedid.json
POST 	/app.php/api/principals.json
DEL 	/app.php/api/principals/3/id.json
BeforeClass @ CleanTest
/home/ede/NetBeansProjects/JavaCoreTest/hexaa-test
*** Loading Properties ***
*** 80
*** 192.168.203.203
*** tesztAdmin@sztaki.hu
*** 7lrfjlpu5br2vpv1jcaogdz481b28xf7lz85wqmv
OUTPUT>Could not open input file: app/console
OUTPUT>Dropped database for connection named `hexaa`
OUTPUT>Created database for connection named `hexaa`
OUTPUT>Updating database schema...
OUTPUT>Database schema updated successfully! "64" queries were executed
ExitValue: 0
** AUTHENTICATE **	GET 	/app.php/api/principal/self.json
** AUTHENTICATE **	{"code":403,"message":"Forbidden","errors":null}
** AUTHENTICATE **	Getting temporary API key.
** AUTHENTICATE **	Temporary API key acquired.
** AUTHENTICATE **	POST 	/app.php/api/tokens.json
{"fedid":"tesztAdmin@sztaki.hu","token":"9435b40792adf53c36f2ad28810f1ba94b681d5331ccf316a44b143dacd0ce19"}
** AUTHENTICATE **	{"fedid":"tesztAdmin@sztaki.hu","token":"9435b40792adf53c36f2ad28810f1ba94b681d5331ccf316a44b143dacd0ce19"}
** AUTHENTICATE **	Normal API key acquired.
POST 	/app.php/api/organizations.json
***	 PrincipalsManagerGetOrganizationsTest ***
GET 	/app.php/api/manager/organizations.json
BeforeClass @ CleanTest
/home/ede/NetBeansProjects/JavaCoreTest/hexaa-test
*** Loading Properties ***
*** 80
*** 192.168.203.203
*** tesztAdmin@sztaki.hu
*** 7lrfjlpu5br2vpv1jcaogdz481b28xf7lz85wqmv
OUTPUT>Could not open input file: app/console
OUTPUT>Dropped database for connection named `hexaa`
OUTPUT>Created database for connection named `hexaa`
OUTPUT>Updating database schema...
OUTPUT>Database schema updated successfully! "64" queries were executed
ExitValue: 0
** AUTHENTICATE **	GET 	/app.php/api/principal/self.json
** AUTHENTICATE **	{"code":403,"message":"Forbidden","errors":null}
** AUTHENTICATE **	Getting temporary API key.
** AUTHENTICATE **	Temporary API key acquired.
** AUTHENTICATE **	POST 	/app.php/api/tokens.json
{"fedid":"tesztAdmin@sztaki.hu","token":"f058fd67d83dd123989326a84266d0977660ef593391cc0c597ceb35b341d5f2"}
** AUTHENTICATE **	{"fedid":"tesztAdmin@sztaki.hu","token":"f058fd67d83dd123989326a84266d0977660ef593391cc0c597ceb35b341d5f2"}
** AUTHENTICATE **	Normal API key acquired.
GET 	/app.php/api/entityids.json
POST 	/app.php/api/services.json
***	 PrincipalsManagerGetServicesTest ***
GET 	/app.php/api/manager/services.json
BeforeClass @ CleanTest
/home/ede/NetBeansProjects/JavaCoreTest/hexaa-test
*** Loading Properties ***
*** 80
*** 192.168.203.203
*** tesztAdmin@sztaki.hu
*** 7lrfjlpu5br2vpv1jcaogdz481b28xf7lz85wqmv
OUTPUT>Could not open input file: app/console
OUTPUT>Dropped database for connection named `hexaa`
OUTPUT>Created database for connection named `hexaa`
OUTPUT>Updating database schema...
OUTPUT>Database schema updated successfully! "64" queries were executed
ExitValue: 0
** AUTHENTICATE **	GET 	/app.php/api/principal/self.json
** AUTHENTICATE **	{"code":403,"message":"Forbidden","errors":null}
** AUTHENTICATE **	Getting temporary API key.
** AUTHENTICATE **	Temporary API key acquired.
** AUTHENTICATE **	POST 	/app.php/api/tokens.json
{"fedid":"tesztAdmin@sztaki.hu","token":"320de8f2e1a3c916c5e86ee1f2a3955bc4f63eeadcd8bc22b2da7a60b760830f"}
** AUTHENTICATE **	{"fedid":"tesztAdmin@sztaki.hu","token":"320de8f2e1a3c916c5e86ee1f2a3955bc4f63eeadcd8bc22b2da7a60b760830f"}
** AUTHENTICATE **	Normal API key acquired.
POST 	/app.php/api/organizations.json
***	 PrincipalsMemeberGetOrganizationsTest ***
GET 	/app.php/api/member/organizations.json
BeforeClass @ CleanTest
/home/ede/NetBeansProjects/JavaCoreTest/hexaa-test
*** Loading Properties ***
*** 80
*** 192.168.203.203
*** tesztAdmin@sztaki.hu
*** 7lrfjlpu5br2vpv1jcaogdz481b28xf7lz85wqmv
OUTPUT>Could not open input file: app/console
OUTPUT>Dropped database for connection named `hexaa`
OUTPUT>Created database for connection named `hexaa`
OUTPUT>Updating database schema...
OUTPUT>Database schema updated successfully! "64" queries were executed
ExitValue: 0
** AUTHENTICATE **	GET 	/app.php/api/principal/self.json
** AUTHENTICATE **	{"code":403,"message":"Forbidden","errors":null}
** AUTHENTICATE **	Getting temporary API key.
** AUTHENTICATE **	Temporary API key acquired.
** AUTHENTICATE **	POST 	/app.php/api/tokens.json
{"fedid":"tesztAdmin@sztaki.hu","token":"6ae0999c9a69263943ba6ec117979e7034e718f9267b110150afaafd2b8a8a6d"}
** AUTHENTICATE **	{"fedid":"tesztAdmin@sztaki.hu","token":"6ae0999c9a69263943ba6ec117979e7034e718f9267b110150afaafd2b8a8a6d"}
** AUTHENTICATE **	Normal API key acquired.
POST 	/app.php/api/organizations.json
***	 RolesPostTest ***
POST 	/app.php/api/organizations/1/roles.json
BeforeClass @ CleanTest
/home/ede/NetBeansProjects/JavaCoreTest/hexaa-test
*** Loading Properties ***
*** 80
*** 192.168.203.203
*** tesztAdmin@sztaki.hu
*** 7lrfjlpu5br2vpv1jcaogdz481b28xf7lz85wqmv
OUTPUT>Could not open input file: app/console
OUTPUT>Dropped database for connection named `hexaa`
OUTPUT>Created database for connection named `hexaa`
OUTPUT>Updating database schema...
OUTPUT>Database schema updated successfully! "64" queries were executed
ExitValue: 0
** AUTHENTICATE **	GET 	/app.php/api/principal/self.json
** AUTHENTICATE **	{"code":403,"message":"Forbidden","errors":null}
** AUTHENTICATE **	Getting temporary API key.
** AUTHENTICATE **	Temporary API key acquired.
** AUTHENTICATE **	POST 	/app.php/api/tokens.json
{"fedid":"tesztAdmin@sztaki.hu","token":"ecc826ddffb203dd2c19de702451e7faaf60fae79cf287cdb882fb780785aa03"}
** AUTHENTICATE **	{"fedid":"tesztAdmin@sztaki.hu","token":"ecc826ddffb203dd2c19de702451e7faaf60fae79cf287cdb882fb780785aa03"}
** AUTHENTICATE **	Normal API key acquired.
GET 	/app.php/api/entityids.json
POST 	/app.php/api/services.json
POST 	/app.php/api/services.json
***	 ServicesDeleteTest ***
DEL 	/app.php/api/services/1.json
GET 	/app.php/api/services.json
BeforeClass @ CleanTest
/home/ede/NetBeansProjects/JavaCoreTest/hexaa-test
*** Loading Properties ***
*** 80
*** 192.168.203.203
*** tesztAdmin@sztaki.hu
*** 7lrfjlpu5br2vpv1jcaogdz481b28xf7lz85wqmv
OUTPUT>Could not open input file: app/console
OUTPUT>Dropped database for connection named `hexaa`
OUTPUT>Created database for connection named `hexaa`
OUTPUT>Updating database schema...
OUTPUT>Database schema updated successfully! "64" queries were executed
ExitValue: 0
** AUTHENTICATE **	GET 	/app.php/api/principal/self.json
** AUTHENTICATE **	{"code":403,"message":"Forbidden","errors":null}
** AUTHENTICATE **	Getting temporary API key.
** AUTHENTICATE **	Temporary API key acquired.
** AUTHENTICATE **	POST 	/app.php/api/tokens.json
{"fedid":"tesztAdmin@sztaki.hu","token":"10699e6b5a41c020aefd938d2b7e5f76ee30e33e75f46a234024446a9d5acb7c"}
** AUTHENTICATE **	{"fedid":"tesztAdmin@sztaki.hu","token":"10699e6b5a41c020aefd938d2b7e5f76ee30e33e75f46a234024446a9d5acb7c"}
** AUTHENTICATE **	Normal API key acquired.
GET 	/app.php/api/entityids.json
POST 	/app.php/api/services.json
POST 	/app.php/api/services.json
***	 ServicesGetTest ***
GET 	/app.php/api/services.json
GET 	/app.php/api/services/1.json
GET 	/app.php/api/services/2.json
GET 	/app.php/api/services.json
BeforeClass @ CleanTest
/home/ede/NetBeansProjects/JavaCoreTest/hexaa-test
*** Loading Properties ***
*** 80
*** 192.168.203.203
*** tesztAdmin@sztaki.hu
*** 7lrfjlpu5br2vpv1jcaogdz481b28xf7lz85wqmv
OUTPUT>Could not open input file: app/console
OUTPUT>Dropped database for connection named `hexaa`
OUTPUT>Created database for connection named `hexaa`
OUTPUT>Updating database schema...
OUTPUT>Database schema updated successfully! "64" queries were executed
ExitValue: 0
** AUTHENTICATE **	GET 	/app.php/api/principal/self.json
** AUTHENTICATE **	{"code":403,"message":"Forbidden","errors":null}
** AUTHENTICATE **	Getting temporary API key.
** AUTHENTICATE **	Temporary API key acquired.
** AUTHENTICATE **	POST 	/app.php/api/tokens.json
{"fedid":"tesztAdmin@sztaki.hu","token":"3448c129cdd54b0e61fab790db6072151d64e6559049291493afee3e3f3f2750"}
** AUTHENTICATE **	{"fedid":"tesztAdmin@sztaki.hu","token":"3448c129cdd54b0e61fab790db6072151d64e6559049291493afee3e3f3f2750"}
** AUTHENTICATE **	Normal API key acquired.
GET 	/app.php/api/entityids.json
POST 	/app.php/api/services.json
POST 	/app.php/api/services.json
***	 ServicesPutTest ***
PUT 	/app.php/api/services/1.json
GET 	/app.php/api/services.json
BeforeClass @ CleanTest
/home/ede/NetBeansProjects/JavaCoreTest/hexaa-test
*** Loading Properties ***
*** 80
*** 192.168.203.203
*** tesztAdmin@sztaki.hu
*** 7lrfjlpu5br2vpv1jcaogdz481b28xf7lz85wqmv
OUTPUT>Could not open input file: app/console
OUTPUT>Dropped database for connection named `hexaa`
OUTPUT>Created database for connection named `hexaa`
OUTPUT>Updating database schema...
OUTPUT>Database schema updated successfully! "64" queries were executed
ExitValue: 0
** AUTHENTICATE **	GET 	/app.php/api/principal/self.json
** AUTHENTICATE **	{"code":403,"message":"Forbidden","errors":null}
** AUTHENTICATE **	Getting temporary API key.
** AUTHENTICATE **	Temporary API key acquired.
** AUTHENTICATE **	POST 	/app.php/api/tokens.json
{"fedid":"tesztAdmin@sztaki.hu","token":"e938a5f1fa9d19503b55cb3ac30159f44e2e0ef1eeef0e211e7f5094f65c159b"}
** AUTHENTICATE **	{"fedid":"tesztAdmin@sztaki.hu","token":"e938a5f1fa9d19503b55cb3ac30159f44e2e0ef1eeef0e211e7f5094f65c159b"}
** AUTHENTICATE **	Normal API key acquired.
GET 	/app.php/api/entityids.json
POST 	/app.php/api/services.json
POST 	/app.php/api/services.json
POST 	/app.php/api/attributespecs.json
POST 	/app.php/api/attributespecs.json
***	 ServicesAttributespecsAddTest ***
PUT 	/app.php/api/services/1/attributespecs/1.json
GET 	/app.php/api/services/1/attributespecs.json
PUT 	/app.php/api/services/1/attributespecs/2.json
GET 	/app.php/api/services/1/attributespecs.json
GET 	/app.php/api/services/1/attributespecs.json
GET 	/app.php/api/services/2/attributespecs.json
BeforeClass @ CleanTest
/home/ede/NetBeansProjects/JavaCoreTest/hexaa-test
*** Loading Properties ***
*** 80
*** 192.168.203.203
*** tesztAdmin@sztaki.hu
*** 7lrfjlpu5br2vpv1jcaogdz481b28xf7lz85wqmv
OUTPUT>Could not open input file: app/console
OUTPUT>Dropped database for connection named `hexaa`
OUTPUT>Created database for connection named `hexaa`
OUTPUT>Updating database schema...
OUTPUT>Database schema updated successfully! "64" queries were executed
ExitValue: 0
** AUTHENTICATE **	GET 	/app.php/api/principal/self.json
** AUTHENTICATE **	{"code":403,"message":"Forbidden","errors":null}
** AUTHENTICATE **	Getting temporary API key.
** AUTHENTICATE **	Temporary API key acquired.
** AUTHENTICATE **	POST 	/app.php/api/tokens.json
{"fedid":"tesztAdmin@sztaki.hu","token":"524daaa5249a5d5f87af6c3abb608666ed9a2fa0480d3021cc7ecb2067adf2f1"}
** AUTHENTICATE **	{"fedid":"tesztAdmin@sztaki.hu","token":"524daaa5249a5d5f87af6c3abb608666ed9a2fa0480d3021cc7ecb2067adf2f1"}
** AUTHENTICATE **	Normal API key acquired.
GET 	/app.php/api/entityids.json
POST 	/app.php/api/services.json
POST 	/app.php/api/services.json
***	 ServicesEntitlementpacksPostTest ***
POST 	/app.php/api/services/1/entitlementpacks.json
POST 	/app.php/api/services/1/entitlementpacks.json
GET 	/app.php/api/services/1/entitlementpacks.json
BeforeClass @ CleanTest
/home/ede/NetBeansProjects/JavaCoreTest/hexaa-test
*** Loading Properties ***
*** 80
*** 192.168.203.203
*** tesztAdmin@sztaki.hu
*** 7lrfjlpu5br2vpv1jcaogdz481b28xf7lz85wqmv
OUTPUT>Could not open input file: app/console
OUTPUT>Dropped database for connection named `hexaa`
OUTPUT>Created database for connection named `hexaa`
OUTPUT>Updating database schema...
OUTPUT>Database schema updated successfully! "64" queries were executed
ExitValue: 0
** AUTHENTICATE **	GET 	/app.php/api/principal/self.json
** AUTHENTICATE **	{"code":403,"message":"Forbidden","errors":null}
** AUTHENTICATE **	Getting temporary API key.
** AUTHENTICATE **	Temporary API key acquired.
** AUTHENTICATE **	POST 	/app.php/api/tokens.json
{"fedid":"tesztAdmin@sztaki.hu","token":"edcf869ca0d13cf1944dbcd4ba291b18eb85a4d2d14b603a98ed9b71811a6501"}
** AUTHENTICATE **	{"fedid":"tesztAdmin@sztaki.hu","token":"edcf869ca0d13cf1944dbcd4ba291b18eb85a4d2d14b603a98ed9b71811a6501"}
** AUTHENTICATE **	Normal API key acquired.
GET 	/app.php/api/entityids.json
POST 	/app.php/api/services.json
POST 	/app.php/api/services.json
***	 ServicesEntitlementsPostTest ***
POST 	/app.php/api/services/1/entitlements.json
POST 	/app.php/api/services/1/entitlements.json
GET 	/app.php/api/services/1/entitlements.json
]]></system-out>
  <system-err><![CDATA[]]></system-err>
</testsuite>
