<?xml version="1.0" encoding="UTF-8" ?>
<testsuite errors="0" failures="1" hostname="banat" name="sztaki.hexaa.httputility.leveledtests.LevelOneTestSuite" skipped="0" tests="39" time="100.382" timestamp="2014-10-06T13:38:25">
  <properties>
[...]
</properties>
  <testcase classname="sztaki.hexaa.httputility.apicalls.attributevalueorganizations.AttributevalueorganizationIsEmptyTest" name="testAttributevalueorganizationIsEmptyPatch" time="0.167" />
  <testcase classname="sztaki.hexaa.httputility.apicalls.attributevalueorganizations.AttributevalueorganizationIsEmptyTest" name="testAttributevalueorganizationIsEmptyPut" time="0.31" />
  <testcase classname="sztaki.hexaa.httputility.apicalls.attributevalueorganizations.AttributevalueorganizationIsEmptyTest" name="testAttributevalueorganizationIsEmptyDelete" time="0.298" />
  <testcase classname="sztaki.hexaa.httputility.apicalls.attributevalueorganizations.AttributevalueorganizationIsEmptyTest" name="testAttributevalueorganizationIsEmptyGet" time="0.456" />
  <testcase classname="sztaki.hexaa.httputility.apicalls.attributevalueprincipals.AttributevalueprincipalIsEmptyTest" name="testAttributevalueprincipalIsEmptyGet" time="0.491" />
  <testcase classname="sztaki.hexaa.httputility.apicalls.attributevalueprincipals.AttributevalueprincipalIsEmptyTest" name="testAttributevalueprincipalIsEmptyPut" time="0.301" />
  <testcase classname="sztaki.hexaa.httputility.apicalls.attributevalueprincipals.AttributevalueprincipalIsEmptyTest" name="testAttributevalueprincipalIsEmptyDelete" time="0.304" />
  <testcase classname="sztaki.hexaa.httputility.apicalls.attributevalueprincipals.AttributevalueprincipalIsEmptyTest" name="testAttributevalueprincipalIsEmptyPatch" time="0.487" />
  <testcase classname="sztaki.hexaa.httputility.apicalls.attributespecs.AttributespecsIsEmptyTest" name="testAttributespecsIsEmptyGet" time="0.292" />
  <testcase classname="sztaki.hexaa.httputility.apicalls.attributespecs.AttributespecsIsEmptyTest" name="testAttributespecsIsEmptyPut" time="0.118" />
  <testcase classname="sztaki.hexaa.httputility.apicalls.attributespecs.AttributespecsIsEmptyTest" name="testAttributespecsIsEmptyDelete" time="0.143" />
  <testcase classname="sztaki.hexaa.httputility.apicalls.attributespecs.AttributespecsIsEmptyTest" name="testAttributespecsIsEmptyPatch" time="0.144" />
  <testcase classname="sztaki.hexaa.httputility.apicalls.entitlementpacks.EntitlementpacksIsEmptyTest" name="testEntitlementpacksIsEmptyGet" time="0.387" />
  <testcase classname="sztaki.hexaa.httputility.apicalls.entitlementpacks.EntitlementpacksIsEmptyTest" name="testEntitlementpacksIsEmptyPut" time="0.275" />
  <testcase classname="sztaki.hexaa.httputility.apicalls.entitlementpacks.EntitlementpacksIsEmptyTest" name="testEntitlementpacksIsEmptyDelete" time="0.293" />
  <testcase classname="sztaki.hexaa.httputility.apicalls.entitlementpacks.EntitlementpacksIsEmptyTest" name="testEntitlementpacksIsEmptyPatch" time="0.141" />
  <testcase classname="sztaki.hexaa.httputility.apicalls.entitlements.EntitlementsIsEmptyTest" name="testEntitlementsIsEmptyGet" time="0.145" />
  <testcase classname="sztaki.hexaa.httputility.apicalls.entitlements.EntitlementsIsEmptyTest" name="testEntitlementsIsEmptyPut" time="0.113" />
  <testcase classname="sztaki.hexaa.httputility.apicalls.entitlements.EntitlementsIsEmptyTest" name="testEntitlementsIsEmptyDelete" time="0.137" />
  <testcase classname="sztaki.hexaa.httputility.apicalls.entitlements.EntitlementsIsEmptyTest" name="testEntitlementsIsEmptyPatch" time="0.133" />
  <testcase classname="sztaki.hexaa.httputility.apicalls.organizations.OrganizationIsEmptyTest" name="testOrganizationIsEmptyGet" time="1.238" />
  <testcase classname="sztaki.hexaa.httputility.apicalls.organizations.OrganizationIsEmptyTest" name="testOrganizationIsEmptyPut" time="1.46" />
  <testcase classname="sztaki.hexaa.httputility.apicalls.organizations.OrganizationIsEmptyTest" name="testOrganizationIsEmptyDelete" time="0.853" />
  <testcase classname="sztaki.hexaa.httputility.apicalls.organizations.OrganizationIsEmptyTest" name="testOrganizationIsEmptyPatch" time="0.168" />
  <testcase classname="sztaki.hexaa.httputility.apicalls.principals.PrincipalIsEmptyTest" name="testPrincipalisEmpty" time="1.665" />
  <testcase classname="sztaki.hexaa.httputility.apicalls.principals.PrincipalIsEmptyTest" name="testPrincipalIsEmptyPatch" time="0.132">
    <failure message="expected:&lt;HTTP/1.1 40[4 Not Foun]d&gt; but was:&lt;HTTP/1.1 40[5 Method Not Allowe]d&gt;" type="junit.framework.AssertionFailedError">junit.framework.AssertionFailedError: expected:&lt;HTTP/1.1 40[4 Not Foun]d&gt; but was:&lt;HTTP/1.1 40[5 Method Not Allowe]d&gt;
	at sztaki.hexaa.httputility.apicalls.IsEmptyTest.expectingNotFound(IsEmptyTest.java:50)
	at sztaki.hexaa.httputility.apicalls.principals.PrincipalIsEmptyTest.testPrincipalIsEmptyPatch(PrincipalIsEmptyTest.java:68)
</failure>
  </testcase>
  <testcase classname="sztaki.hexaa.httputility.apicalls.roles.RolesIsEmptyTest" name="testRolesIsEmptyGet" time="0.398" />
  <testcase classname="sztaki.hexaa.httputility.apicalls.roles.RolesIsEmptyTest" name="testRoleIsEmptyPut" time="0.442" />
  <testcase classname="sztaki.hexaa.httputility.apicalls.roles.RolesIsEmptyTest" name="testRolesIsEmptyPatch" time="0.147" />
  <testcase classname="sztaki.hexaa.httputility.apicalls.roles.RolesIsEmptyTest" name="testRoleIsEmptyDelete" time="0.428" />
  <testcase classname="sztaki.hexaa.httputility.apicalls.services.ServicesIsEmptyTest" name="testServicesIsEmptyGet" time="1.154" />
  <testcase classname="sztaki.hexaa.httputility.apicalls.services.ServicesIsEmptyTest" name="testServicesIsEmptyPut" time="0.537" />
  <testcase classname="sztaki.hexaa.httputility.apicalls.services.ServicesIsEmptyTest" name="testServicesIsEmptyDelete" time="0.46" />
  <testcase classname="sztaki.hexaa.httputility.apicalls.services.ServicesIsEmptyTest" name="testServicesIsEmptyPatch" time="0.166" />
  <testcase classname="sztaki.hexaa.httputility.apicalls.MethodNotAllowedTest" name="testMethodNotAllowed" time="22.318" />
  <testcase classname="sztaki.hexaa.httputility.apicalls.attributespecs.AttributespecsPostTest" name="testAttributespecsPost" time="0.343" />
  <testcase classname="sztaki.hexaa.httputility.apicalls.organizations.OrganizationPostTest" name="testOrganizationPost" time="0.35" />
  <testcase classname="sztaki.hexaa.httputility.apicalls.principals.PrincipalsPostTest" name="testPrincipalsPost" time="0.433" />
  <testcase classname="sztaki.hexaa.httputility.apicalls.services.ServicesPostTest" name="testServicePost" time="0.473" />
  <system-out><![CDATA[BeforeClass @ CleanTest
/home/ede/NetBeansProjects/JavaCoreTest/hexaa-test
*** Loading Properties ***
*** 80
*** 192.168.203.203
*** tesztAdmin@sztaki.hu
*** 7lrfjlpu5br2vpv1jcaogdz481b28xf7lz85wqmv
OUTPUT>Could not open input file: app/console
OUTPUT>Dropped database for connection named `hexaa`
OUTPUT>Created database for connection named `hexaa`
OUTPUT>Updating database schema...
OUTPUT>Database schema updated successfully! "64" queries were executed
ExitValue: 0
** AUTHENTICATE **	GET 	/app.php/api/principal/self.json
** AUTHENTICATE **	{"code":403,"message":"Forbidden","errors":null}
** AUTHENTICATE **	Getting temporary API key.
** AUTHENTICATE **	Temporary API key acquired.
** AUTHENTICATE **	POST 	/app.php/api/tokens.json
{"fedid":"tesztAdmin@sztaki.hu","token":"526a18729ae0f6787deac3ad39e1d645b2c45f628075d356493a30e62428ffd4"}
** AUTHENTICATE **	{"fedid":"tesztAdmin@sztaki.hu","token":"526a18729ae0f6787deac3ad39e1d645b2c45f628075d356493a30e62428ffd4"}
** AUTHENTICATE **	Normal API key acquired.
***	 AttributevalueorganizationIsEmptyTest ***
PATCH 	/app.php/api/attributevalueorganizations/1.json
PUT 	/app.php/api/attributevalueorganizations/1.json
PUT 	/app.php/api/attributevalueorganizations/1/services/1.json
DEL 	/app.php/api/attributevalueorganizations/1.json
DEL 	/app.php/api/attributevalueorganizations/1/services/1.json
GET 	/app.php/api/attributevalueorganizations/1.json
GET 	/app.php/api/attributevalueorganizations/1/services.json
GET 	/app.php/api/attributevalueorganizations/1/services/1.json
BeforeClass @ CleanTest
/home/ede/NetBeansProjects/JavaCoreTest/hexaa-test
*** Loading Properties ***
*** 80
*** 192.168.203.203
*** tesztAdmin@sztaki.hu
*** 7lrfjlpu5br2vpv1jcaogdz481b28xf7lz85wqmv
OUTPUT>Could not open input file: app/console
OUTPUT>Dropped database for connection named `hexaa`
OUTPUT>Created database for connection named `hexaa`
OUTPUT>Updating database schema...
OUTPUT>Database schema updated successfully! "64" queries were executed
ExitValue: 0
** AUTHENTICATE **	GET 	/app.php/api/principal/self.json
** AUTHENTICATE **	{"code":403,"message":"Forbidden","errors":null}
** AUTHENTICATE **	Getting temporary API key.
** AUTHENTICATE **	Temporary API key acquired.
** AUTHENTICATE **	POST 	/app.php/api/tokens.json
{"fedid":"tesztAdmin@sztaki.hu","token":"5255c13fb52c571e05f8404f92f8d71b369a29e0d1694ea1cde7c4fbe8fffe56"}
** AUTHENTICATE **	{"fedid":"tesztAdmin@sztaki.hu","token":"5255c13fb52c571e05f8404f92f8d71b369a29e0d1694ea1cde7c4fbe8fffe56"}
** AUTHENTICATE **	Normal API key acquired.
***	 AttributevalueprincipalIsEmptyTest ***
GET 	/app.php/api/attributevalueprincipals/1.json
GET 	/app.php/api/attributevalueprincipals/1/services.json
GET 	/app.php/api/attributevalueprincipals/1/services/1.json
PUT 	/app.php/api/attributevalueprincipals/1.json
PUT 	/app.php/api/attributevalueprincipals/1/services/1.json
DEL 	/app.php/api/attributevalueprincipals/1.json
DEL 	/app.php/api/attributevalueprincipals/1/services/1.json
PATCH 	/app.php/api/attributevalueprincipals/1.json
BeforeClass @ CleanTest
/home/ede/NetBeansProjects/JavaCoreTest/hexaa-test
*** Loading Properties ***
*** 80
*** 192.168.203.203
*** tesztAdmin@sztaki.hu
*** 7lrfjlpu5br2vpv1jcaogdz481b28xf7lz85wqmv
OUTPUT>Could not open input file: app/console
OUTPUT>Dropped database for connection named `hexaa`
OUTPUT>Created database for connection named `hexaa`
OUTPUT>Updating database schema...
OUTPUT>Database schema updated successfully! "64" queries were executed
ExitValue: 0
** AUTHENTICATE **	GET 	/app.php/api/principal/self.json
** AUTHENTICATE **	{"code":403,"message":"Forbidden","errors":null}
** AUTHENTICATE **	Getting temporary API key.
** AUTHENTICATE **	Temporary API key acquired.
** AUTHENTICATE **	POST 	/app.php/api/tokens.json
{"fedid":"tesztAdmin@sztaki.hu","token":"67466eaafed90924dd3b05e6b73e36a052671600de6c98b429b8d53f2c6dd066"}
** AUTHENTICATE **	{"fedid":"tesztAdmin@sztaki.hu","token":"67466eaafed90924dd3b05e6b73e36a052671600de6c98b429b8d53f2c6dd066"}
** AUTHENTICATE **	Normal API key acquired.
***	 AttributespecsIsEmptyTest ***
GET 	/app.php/api/attributespecs.json
GET 	/app.php/api/attributespecs/1.json
PUT 	/app.php/api/attributespecs/1.json
DEL 	/app.php/api/attributespecs/1.json
PATCH 	/app.php/api/attributespecs/1.json
BeforeClass @ CleanTest
/home/ede/NetBeansProjects/JavaCoreTest/hexaa-test
*** Loading Properties ***
*** 80
*** 192.168.203.203
*** tesztAdmin@sztaki.hu
*** 7lrfjlpu5br2vpv1jcaogdz481b28xf7lz85wqmv
OUTPUT>Could not open input file: app/console
OUTPUT>Dropped database for connection named `hexaa`
OUTPUT>Created database for connection named `hexaa`
OUTPUT>Updating database schema...
OUTPUT>Database schema updated successfully! "64" queries were executed
ExitValue: 0
** AUTHENTICATE **	GET 	/app.php/api/principal/self.json
** AUTHENTICATE **	{"code":403,"message":"Forbidden","errors":null}
** AUTHENTICATE **	Getting temporary API key.
** AUTHENTICATE **	Temporary API key acquired.
** AUTHENTICATE **	POST 	/app.php/api/tokens.json
{"fedid":"tesztAdmin@sztaki.hu","token":"d7cb89196a50b5c583a7260f2c86408b25006c7003b104725acef18440fee0f2"}
** AUTHENTICATE **	{"fedid":"tesztAdmin@sztaki.hu","token":"d7cb89196a50b5c583a7260f2c86408b25006c7003b104725acef18440fee0f2"}
** AUTHENTICATE **	Normal API key acquired.
***	 EntitlementpacksIsEmptyTest ***
GET 	/app.php/api/entitlementpacks/public.json
GET 	/app.php/api/entitlementpacks/1.json
GET 	/app.php/api/entitlementpacks/1/entitlements.json
PUT 	/app.php/api/entitlementpacks/1.json
PUT 	/app.php/api/entitlementpacks/1/entitlements/1.json
DEL 	/app.php/api/entitlementpacks/1.json
DEL 	/app.php/api/entitlementpacks/1/entitlements/1.json
PATCH 	/app.php/api/entitlementpacks/1.json
BeforeClass @ CleanTest
/home/ede/NetBeansProjects/JavaCoreTest/hexaa-test
*** Loading Properties ***
*** 80
*** 192.168.203.203
*** tesztAdmin@sztaki.hu
*** 7lrfjlpu5br2vpv1jcaogdz481b28xf7lz85wqmv
OUTPUT>Could not open input file: app/console
OUTPUT>Dropped database for connection named `hexaa`
OUTPUT>Created database for connection named `hexaa`
OUTPUT>Updating database schema...
OUTPUT>Database schema updated successfully! "64" queries were executed
ExitValue: 0
** AUTHENTICATE **	GET 	/app.php/api/principal/self.json
** AUTHENTICATE **	{"code":403,"message":"Forbidden","errors":null}
** AUTHENTICATE **	Getting temporary API key.
** AUTHENTICATE **	Temporary API key acquired.
** AUTHENTICATE **	POST 	/app.php/api/tokens.json
{"fedid":"tesztAdmin@sztaki.hu","token":"b974f26c7e24f2ecef88d947e56114e6ac82cab17d0f99bb26ac873a7a4f8c79"}
** AUTHENTICATE **	{"fedid":"tesztAdmin@sztaki.hu","token":"b974f26c7e24f2ecef88d947e56114e6ac82cab17d0f99bb26ac873a7a4f8c79"}
** AUTHENTICATE **	Normal API key acquired.
***	 EntitlementsIsEmptyTest ***
GET 	/app.php/api/entitlements/1.json
PUT 	/app.php/api/entitlements/1.json
DEL 	/app.php/api/entitlements/1.json
PATCH 	/app.php/api/entitlements/1.json
BeforeClass @ CleanTest
/home/ede/NetBeansProjects/JavaCoreTest/hexaa-test
*** Loading Properties ***
*** 80
*** 192.168.203.203
*** tesztAdmin@sztaki.hu
*** 7lrfjlpu5br2vpv1jcaogdz481b28xf7lz85wqmv
OUTPUT>Could not open input file: app/console
OUTPUT>Dropped database for connection named `hexaa`
OUTPUT>Created database for connection named `hexaa`
OUTPUT>Updating database schema...
OUTPUT>Database schema updated successfully! "64" queries were executed
ExitValue: 0
** AUTHENTICATE **	GET 	/app.php/api/principal/self.json
** AUTHENTICATE **	{"code":403,"message":"Forbidden","errors":null}
** AUTHENTICATE **	Getting temporary API key.
** AUTHENTICATE **	Temporary API key acquired.
** AUTHENTICATE **	POST 	/app.php/api/tokens.json
{"fedid":"tesztAdmin@sztaki.hu","token":"e40eb0c6e7e2384b2b7f72b57f7125c0487196557b4c46ccfecdf5e1d52b4b35"}
** AUTHENTICATE **	{"fedid":"tesztAdmin@sztaki.hu","token":"e40eb0c6e7e2384b2b7f72b57f7125c0487196557b4c46ccfecdf5e1d52b4b35"}
** AUTHENTICATE **	Normal API key acquired.
***	 OrganizationIsEmptyTest ***
GET 	/app.php/api/organizations.json
GET 	/app.php/api/organizations/1.json
GET 	/app.php/api/organizations/1/attributespecs.json
GET 	/app.php/api/organizations/1/attributevalueorganization.json
GET 	/app.php/api/organizations/1/entitlementpacks.json
GET 	/app.php/api/organizations/1/entitlements.json
GET 	/app.php/api/organizations/1/managers.json
GET 	/app.php/api/organizations/1/members.json
GET 	/app.php/api/organizations/1/roles.json
PUT 	/app.php/api/organizations/1.json
PUT 	/app.php/api/organizations/1/entitlementpacks/1.json
PUT 	/app.php/api/organizations/1/entitlementpacks/1/accept.json
PUT 	/app.php/api/organizations/1/entitlementpacks/token/token.json
PUT 	/app.php/api/organizations/1/managers/1.json
PUT 	/app.php/api/organizations/1/members/1.json
DEL 	/app.php/api/organizations/1.json
DEL 	/app.php/api/organizations/1/entitlementpacks/1.json
DEL 	/app.php/api/organizations/1/managers/1.json
DEL 	/app.php/api/organizations/1/members/1.json
PATCH 	/app.php/api/organizations/1.json
BeforeClass @ CleanTest
/home/ede/NetBeansProjects/JavaCoreTest/hexaa-test
*** Loading Properties ***
*** 80
*** 192.168.203.203
*** tesztAdmin@sztaki.hu
*** 7lrfjlpu5br2vpv1jcaogdz481b28xf7lz85wqmv
OUTPUT>Could not open input file: app/console
OUTPUT>Dropped database for connection named `hexaa`
OUTPUT>Created database for connection named `hexaa`
OUTPUT>Updating database schema...
OUTPUT>Database schema updated successfully! "64" queries were executed
ExitValue: 0
** AUTHENTICATE **	GET 	/app.php/api/principal/self.json
** AUTHENTICATE **	{"code":403,"message":"Forbidden","errors":null}
** AUTHENTICATE **	Getting temporary API key.
** AUTHENTICATE **	Temporary API key acquired.
** AUTHENTICATE **	POST 	/app.php/api/tokens.json
{"fedid":"tesztAdmin@sztaki.hu","token":"57209adcb13ade8f7d17a1f59797c3a0cb056b418800c6794faf87f50414e38f"}
** AUTHENTICATE **	{"fedid":"tesztAdmin@sztaki.hu","token":"57209adcb13ade8f7d17a1f59797c3a0cb056b418800c6794faf87f50414e38f"}
** AUTHENTICATE **	Normal API key acquired.
***	 PrincipalIsEmptyTest ***
GET 	/app.php/api/manager/organizations.json
GET 	/app.php/api/manager/services.json
GET 	/app.php/api/member/organizations.json
GET 	/app.php/api/principal/self.json
GET 	/app.php/api/principal/attributespecs.json
GET 	/app.php/api/principal/attributevalueprincipal.json
GET 	/app.php/api/principal/entitlements.json
GET 	/app.php/api/principal/roles.json
GET 	/app.php/api/principals.json
GET 	/app.php/api/principals/1/attributespecs/attributevalueprincipals.json
GET 	/app.php/api/principals/1/id.json
PATCH 	/app.php/api/principals/1/id.json
HTTP/1.1 405 Method Not Allowed
expected:<HTTP/1.1 40[4 Not Foun]d> but was:<HTTP/1.1 40[5 Method Not Allowe]d>
BeforeClass @ CleanTest
/home/ede/NetBeansProjects/JavaCoreTest/hexaa-test
*** Loading Properties ***
*** 80
*** 192.168.203.203
*** tesztAdmin@sztaki.hu
*** 7lrfjlpu5br2vpv1jcaogdz481b28xf7lz85wqmv
OUTPUT>Could not open input file: app/console
OUTPUT>Dropped database for connection named `hexaa`
OUTPUT>Created database for connection named `hexaa`
OUTPUT>Updating database schema...
OUTPUT>Database schema updated successfully! "64" queries were executed
ExitValue: 0
** AUTHENTICATE **	GET 	/app.php/api/principal/self.json
** AUTHENTICATE **	{"code":403,"message":"Forbidden","errors":null}
** AUTHENTICATE **	Getting temporary API key.
** AUTHENTICATE **	Temporary API key acquired.
** AUTHENTICATE **	POST 	/app.php/api/tokens.json
{"fedid":"tesztAdmin@sztaki.hu","token":"85f5fef72cca4c92a673b22ecd2feaec7ceb5022aac3583b717aa94492ae7152"}
** AUTHENTICATE **	{"fedid":"tesztAdmin@sztaki.hu","token":"85f5fef72cca4c92a673b22ecd2feaec7ceb5022aac3583b717aa94492ae7152"}
** AUTHENTICATE **	Normal API key acquired.
***	 RolesIsEmptyTest ***
GET 	/app.php/api/roles/1.json
GET 	/app.php/api/roles/1/entitlements.json
GET 	/app.php/api/roles/1/principals.json
PUT 	/app.php/api/roles/1.json
PUT 	/app.php/api/roles/1/entitlements/1.json
PUT 	/app.php/api/roles/1/principals/1.json
PATCH 	/app.php/api/roles/1.json
DEL 	/app.php/api/roles/1.json
DEL 	/app.php/api/roles/1/entitlements/1.json
DEL 	/app.php/api/roles/1/principals/1.json
BeforeClass @ CleanTest
/home/ede/NetBeansProjects/JavaCoreTest/hexaa-test
*** Loading Properties ***
*** 80
*** 192.168.203.203
*** tesztAdmin@sztaki.hu
*** 7lrfjlpu5br2vpv1jcaogdz481b28xf7lz85wqmv
OUTPUT>Could not open input file: app/console
OUTPUT>Dropped database for connection named `hexaa`
OUTPUT>Created database for connection named `hexaa`
OUTPUT>Updating database schema...
OUTPUT>Database schema updated successfully! "64" queries were executed
ExitValue: 0
** AUTHENTICATE **	GET 	/app.php/api/principal/self.json
** AUTHENTICATE **	{"code":403,"message":"Forbidden","errors":null}
** AUTHENTICATE **	Getting temporary API key.
** AUTHENTICATE **	Temporary API key acquired.
** AUTHENTICATE **	POST 	/app.php/api/tokens.json
{"fedid":"tesztAdmin@sztaki.hu","token":"e509f08e5e195c3dbf8ac932925caab12b93640c3e0cefbbe45ac23e3e8609c8"}
** AUTHENTICATE **	{"fedid":"tesztAdmin@sztaki.hu","token":"e509f08e5e195c3dbf8ac932925caab12b93640c3e0cefbbe45ac23e3e8609c8"}
** AUTHENTICATE **	Normal API key acquired.
***	 ServicesIsEmptyTest ***
GET 	/app.php/api/services.json
GET 	/app.php/api/services/1.json
GET 	/app.php/api/services/1/attributespecs.json
GET 	/app.php/api/services/1/entitlementpacks.json
GET 	/app.php/api/services/1/entitlements.json
GET 	/app.php/api/services/1/invitations.json
GET 	/app.php/api/services/1/managers.json
GET 	/app.php/api/services/1/organizations.json
PUT 	/app.php/api/services/1.json
PUT 	/app.php/api/services/1/attributespecs/1.json
PUT 	/app.php/api/services/1/managers/1.json
DEL 	/app.php/api/services/1.json
DEL 	/app.php/api/services/1/attributespecs/1.json
DEL 	/app.php/api/services/1/managers/1.json
PATCH 	/app.php/api/services/1.json
/home/ede/NetBeansProjects/JavaCoreTest/hexaa-test
*** Loading Properties ***
*** 80
*** 192.168.203.203
*** tesztAdmin@sztaki.hu
*** 7lrfjlpu5br2vpv1jcaogdz481b28xf7lz85wqmv
OUTPUT>Could not open input file: app/console
OUTPUT>Dropped database for connection named `hexaa`
OUTPUT>Created database for connection named `hexaa`
OUTPUT>Updating database schema...
OUTPUT>Database schema updated successfully! "64" queries were executed
ExitValue: 0
BeforeClass @ CleanTest
/home/ede/NetBeansProjects/JavaCoreTest/hexaa-test
*** Loading Properties ***
*** 80
*** 192.168.203.203
*** tesztAdmin@sztaki.hu
*** 7lrfjlpu5br2vpv1jcaogdz481b28xf7lz85wqmv
OUTPUT>Could not open input file: app/console
OUTPUT>Dropped database for connection named `hexaa`
OUTPUT>Created database for connection named `hexaa`
OUTPUT>Updating database schema...
OUTPUT>Database schema updated successfully! "64" queries were executed
ExitValue: 0
** AUTHENTICATE **	GET 	/app.php/api/principal/self.json
** AUTHENTICATE **	{"code":403,"message":"Forbidden","errors":null}
** AUTHENTICATE **	Getting temporary API key.
** AUTHENTICATE **	Temporary API key acquired.
** AUTHENTICATE **	POST 	/app.php/api/tokens.json
{"fedid":"tesztAdmin@sztaki.hu","token":"528403bc1fe4f82addf5c119900011aa4d7ac58775025dd782f1c18e0a7be335"}
** AUTHENTICATE **	{"fedid":"tesztAdmin@sztaki.hu","token":"528403bc1fe4f82addf5c119900011aa4d7ac58775025dd782f1c18e0a7be335"}
** AUTHENTICATE **	Normal API key acquired.
POST 	/app.php/api/attributevalueorganizations/1.json
POST 	/app.php/api/attributevalueorganizations/1/services/1.json
GET 	/app.php/api/attributevalueorganizations.json
PUT 	/app.php/api/attributevalueorganizations.json
DEL 	/app.php/api/attributevalueorganizations.json
POST 	/app.php/api/attributevalueprincipals/1/services/1.json
PUT 	/app.php/api/attributespecs.json
DEL 	/app.php/api/attributespecs.json
POST 	/app.php/api/attributespecs/1.json
POST 	/app.php/api/attributespecs/1/service.json
PUT 	/app.php/api/attributespecs/1/service.json
DEL 	/app.php/api/attributespecs/1/service.json
POST 	/app.php/api/entitlements/1.json
POST 	/app.php/api/entitlementpacks/1/entitlements.json
PUT 	/app.php/api/entitlementpacks/1/entitlements.json
DEL 	/app.php/api/entitlementpacks/1/entitlements.json
POST 	/app.php/api/entitlementpacks/1.json
GET 	/app.php/api/entitlementpacks/1/entitlements/1.json
POST 	/app.php/api/entitlementpacks/1/entitlements/1.json
PUT 	/app.php/api/entityidrequests.json
DEL 	/app.php/api/entityidrequests.json
POST 	/app.php/api/entityidrequests/1.json
POST 	/app.php/api/entityidrequests/1/accept.json
PUT 	/app.php/api/entityidrequests/1/accept.json
DEL 	/app.php/api/entityidrequests/1/accept.json
POST 	/app.php/api/entityidrequests/1/reject.json
PUT 	/app.php/api/entityidrequests/1/reject.json
DEL 	/app.php/api/entityidrequests/1/reject.json
POST 	/app.php/api/entityids.json
PUT 	/app.php/api/entityids.json
DEL 	/app.php/api/entityids.json
GET 	/app.php/api/invitations.json
PUT 	/app.php/api/invitations.json
DEL 	/app.php/api/invitations.json
POST 	/app.php/api/invitations/1.json
POST 	/app.php/api/invitations/1/resend.json
PUT 	/app.php/api/invitations/1/resend.json
DEL 	/app.php/api/invitations/1/resend.json
POST 	/app.php/api/invitations/token/accept/token.json
PUT 	/app.php/api/invitations/token/accept/token.json
DEL 	/app.php/api/invitations/token/accept/token.json
POST 	/app.php/api/invitations/token/accepts/{email}/email.json
PUT 	/app.php/api/invitations/token/accepts/{email}/email.json
DEL 	/app.php/api/invitations/token/accepts/{email}/email.json
POST 	/app.php/api/invitations/token/rejects/{email}/email.json
PUT 	/app.php/api/invitations/token/rejects/{email}/email.json
DEL 	/app.php/api/invitations/token/rejects/{email}/email.json
PUT 	/app.php/api/organizations.json
DEL 	/app.php/api/organizations.json
PUT 	/app.php/api/organizations/1/attributevalueorganization.json
DEL 	/app.php/api/organizations/1/attributevalueorganization.json
PUT 	/app.php/api/organizations/1/roles.json
DEL 	/app.php/api/organizations/1/roles.json
POST 	/app.php/api/organizations/1.json
POST 	/app.php/api/organizations/1/attributespecs.json
PUT 	/app.php/api/organizations/1/attributespecs.json
DEL 	/app.php/api/organizations/1/attributespecs.json
POST 	/app.php/api/organizations/1/attributespecs/1/attributevalueorganizations.json
PUT 	/app.php/api/organizations/1/attributespecs/1/attributevalueorganizations.json
DEL 	/app.php/api/organizations/1/attributespecs/1/attributevalueorganizations.json
POST 	/app.php/api/organizations/1/entitlementpacks.json
PUT 	/app.php/api/organizations/1/entitlementpacks.json
DEL 	/app.php/api/organizations/1/entitlementpacks.json
POST 	/app.php/api/organizations/1/entitlements.json
PUT 	/app.php/api/organizations/1/entitlements.json
DEL 	/app.php/api/organizations/1/entitlements.json
POST 	/app.php/api/organizations/1/invitations.json
PUT 	/app.php/api/organizations/1/invitations.json
DEL 	/app.php/api/organizations/1/invitations.json
POST 	/app.php/api/organizations/1/managers.json
PUT 	/app.php/api/organizations/1/managers.json
DEL 	/app.php/api/organizations/1/managers.json
POST 	/app.php/api/organizations/1/members.json
PUT 	/app.php/api/organizations/1/members.json
DEL 	/app.php/api/organizations/1/members.json
GET 	/app.php/api/organizations/1/entitlementpacks/1.json
POST 	/app.php/api/organizations/1/entitlementpacks/1.json
GET 	/app.php/api/organizations/1/managers/1.json
POST 	/app.php/api/organizations/1/managers/1.json
GET 	/app.php/api/organizations/1/members/1.json
POST 	/app.php/api/organizations/1/members/1.json
GET 	/app.php/api/organizations/1/entitlementpacks/1/accept.json
POST 	/app.php/api/organizations/1/entitlementpacks/1/accept.json
DEL 	/app.php/api/organizations/1/entitlementpacks/1/accept.json
GET 	/app.php/api/organizations/1/entitlementpacks/token/token.json
POST 	/app.php/api/organizations/1/entitlementpacks/token/token.json
DEL 	/app.php/api/organizations/1/entitlementpacks/token/token.json
POST 	/app.php/api/manager/organizations.json
PUT 	/app.php/api/manager/organizations.json
DEL 	/app.php/api/manager/organizations.json
POST 	/app.php/api/manager/services.json
PUT 	/app.php/api/manager/services.json
DEL 	/app.php/api/manager/services.json
POST 	/app.php/api/member/organizations.json
PUT 	/app.php/api/member/organizations.json
DEL 	/app.php/api/member/organizations.json
POST 	/app.php/api/principal/attributespecs.json
PUT 	/app.php/api/principal/attributespecs.json
DEL 	/app.php/api/principal/attributespecs.json
POST 	/app.php/api/principal/attributevalueprincipal.json
PUT 	/app.php/api/principal/attributevalueprincipal.json
DEL 	/app.php/api/principal/attributevalueprincipal.json
POST 	/app.php/api/principal/entitlements.json
PUT 	/app.php/api/principal/entitlements.json
DEL 	/app.php/api/principal/entitlements.json
POST 	/app.php/api/principal/invitations.json
PUT 	/app.php/api/principal/invitations.json
DEL 	/app.php/api/principal/invitations.json
POST 	/app.php/api/principal/isadmin.json
PUT 	/app.php/api/principal/isadmin.json
DEL 	/app.php/api/principal/isadmin.json
POST 	/app.php/api/principal/roles.json
PUT 	/app.php/api/principal/roles.json
DEL 	/app.php/api/principal/roles.json
POST 	/app.php/api/principal/self.json
PUT 	/app.php/api/principal/self.json
DEL 	/app.php/api/principal/self.json
POST 	/app.php/api/principals/1/attributespecs/attributevalueprincipals.json
PUT 	/app.php/api/principals/1/attributespecs/attributevalueprincipals.json
DEL 	/app.php/api/principals/1/attributespecs/attributevalueprincipals.json
DEL 	/app.php/api/principals.json
POST 	/app.php/api/principals/fedid/fedid.json
PUT 	/app.php/api/principals/fedid/fedid.json
POST 	/app.php/api/principals/1/id.json
PUT 	/app.php/api/principals/1/id.json
GET 	/app.php/api/principal.json
POST 	/app.php/api/principal.json
PUT 	/app.php/api/principal.json
POST 	/app.php/api/roles/1.json
POST 	/app.php/api/roles/1/entitlements.json
PUT 	/app.php/api/roles/1/entitlements.json
DEL 	/app.php/api/roles/1/entitlements.json
POST 	/app.php/api/roles/1/principals.json
PUT 	/app.php/api/roles/1/principals.json
DEL 	/app.php/api/roles/1/principals.json
GET 	/app.php/api/roles/1/entitlements/1.json
POST 	/app.php/api/roles/1/entitlements/1.json
GET 	/app.php/api/roles/1/principals/1.json
POST 	/app.php/api/roles/1/principals/1.json
PUT 	/app.php/api/services.json
DEL 	/app.php/api/services.json
PUT 	/app.php/api/services/1/entitlementpacks.json
DEL 	/app.php/api/services/1/entitlementpacks.json
PUT 	/app.php/api/services/1/entitlements.json
DEL 	/app.php/api/services/1/entitlements.json
POST 	/app.php/api/services/1.json
POST 	/app.php/api/services/1/attributespecs.json
PUT 	/app.php/api/services/1/attributespecs.json
DEL 	/app.php/api/services/1/attributespecs.json
POST 	/app.php/api/services/1/invitations.json
PUT 	/app.php/api/services/1/invitations.json
DEL 	/app.php/api/services/1/invitations.json
POST 	/app.php/api/services/1/managers.json
PUT 	/app.php/api/services/1/managers.json
DEL 	/app.php/api/services/1/managers.json
POST 	/app.php/api/services/1/organizations.json
PUT 	/app.php/api/services/1/organizations.json
DEL 	/app.php/api/services/1/organizations.json
GET 	/app.php/api/services/1/attributespecs/1.json
POST 	/app.php/api/services/1/attributespecs/1.json
GET 	/app.php/api/services/1/managers/1.json
POST 	/app.php/api/services/1/managers/1.json
BeforeClass @ CleanTest
/home/ede/NetBeansProjects/JavaCoreTest/hexaa-test
*** Loading Properties ***
*** 80
*** 192.168.203.203
*** tesztAdmin@sztaki.hu
*** 7lrfjlpu5br2vpv1jcaogdz481b28xf7lz85wqmv
OUTPUT>Could not open input file: app/console
OUTPUT>Dropped database for connection named `hexaa`
OUTPUT>Created database for connection named `hexaa`
OUTPUT>Updating database schema...
OUTPUT>Database schema updated successfully! "64" queries were executed
ExitValue: 0
** AUTHENTICATE **	GET 	/app.php/api/principal/self.json
** AUTHENTICATE **	{"code":403,"message":"Forbidden","errors":null}
** AUTHENTICATE **	Getting temporary API key.
** AUTHENTICATE **	Temporary API key acquired.
** AUTHENTICATE **	POST 	/app.php/api/tokens.json
{"fedid":"tesztAdmin@sztaki.hu","token":"9f8114f9ba8b1a1c5bce8fd86c92c2d50b0e45fa4b18d35e0bd453ccfc732435"}
** AUTHENTICATE **	{"fedid":"tesztAdmin@sztaki.hu","token":"9f8114f9ba8b1a1c5bce8fd86c92c2d50b0e45fa4b18d35e0bd453ccfc732435"}
** AUTHENTICATE **	Normal API key acquired.
***	 AttributespecsPostTest ***
POST 	/app.php/api/attributespecs.json
POST 	/app.php/api/attributespecs.json
BeforeClass @ CleanTest
/home/ede/NetBeansProjects/JavaCoreTest/hexaa-test
*** Loading Properties ***
*** 80
*** 192.168.203.203
*** tesztAdmin@sztaki.hu
*** 7lrfjlpu5br2vpv1jcaogdz481b28xf7lz85wqmv
OUTPUT>Could not open input file: app/console
OUTPUT>Dropped database for connection named `hexaa`
OUTPUT>Created database for connection named `hexaa`
OUTPUT>Updating database schema...
OUTPUT>Database schema updated successfully! "64" queries were executed
ExitValue: 0
** AUTHENTICATE **	GET 	/app.php/api/principal/self.json
** AUTHENTICATE **	{"code":403,"message":"Forbidden","errors":null}
** AUTHENTICATE **	Getting temporary API key.
** AUTHENTICATE **	Temporary API key acquired.
** AUTHENTICATE **	POST 	/app.php/api/tokens.json
{"fedid":"tesztAdmin@sztaki.hu","token":"d17de058b5bd4da06603c82efbea194e17d89d90230819c5d6562118493dc4ed"}
** AUTHENTICATE **	{"fedid":"tesztAdmin@sztaki.hu","token":"d17de058b5bd4da06603c82efbea194e17d89d90230819c5d6562118493dc4ed"}
** AUTHENTICATE **	Normal API key acquired.
***	 OrganizationPostTest ***
POST 	/app.php/api/organizations.json
GET 	/app.php/api/organizations.json
BeforeClass @ CleanTest
/home/ede/NetBeansProjects/JavaCoreTest/hexaa-test
*** Loading Properties ***
*** 80
*** 192.168.203.203
*** tesztAdmin@sztaki.hu
*** 7lrfjlpu5br2vpv1jcaogdz481b28xf7lz85wqmv
OUTPUT>Could not open input file: app/console
OUTPUT>Dropped database for connection named `hexaa`
OUTPUT>Created database for connection named `hexaa`
OUTPUT>Updating database schema...
OUTPUT>Database schema updated successfully! "64" queries were executed
ExitValue: 0
** AUTHENTICATE **	GET 	/app.php/api/principal/self.json
** AUTHENTICATE **	{"code":403,"message":"Forbidden","errors":null}
** AUTHENTICATE **	Getting temporary API key.
** AUTHENTICATE **	Temporary API key acquired.
** AUTHENTICATE **	POST 	/app.php/api/tokens.json
{"fedid":"tesztAdmin@sztaki.hu","token":"7a8b9f800d231d961c76c7e9adacb4c1e28797edc4ed6e5797ca9995124d0911"}
** AUTHENTICATE **	{"fedid":"tesztAdmin@sztaki.hu","token":"7a8b9f800d231d961c76c7e9adacb4c1e28797edc4ed6e5797ca9995124d0911"}
** AUTHENTICATE **	Normal API key acquired.
***	 PrincipalsPostTest ***
POST 	/app.php/api/principals.json
GET 	/app.php/api/principals.json
GET 	/app.php/api/principals.json
[{"created_at":"2014-10-06T13:40:00+0000","id":2,"fedid":"testFedid1","display_name":"testFedid1_name","email":"testFedid1@email.something"},{"created_at":"2014-10-06T13:40:00+0000","id":1,"fedid":"tesztAdmin@sztaki.hu","display_name":"tesztAdmin@sztaki.hu_name","email":"tesztAdmin@sztaki.hu"}]
BeforeClass @ CleanTest
/home/ede/NetBeansProjects/JavaCoreTest/hexaa-test
*** Loading Properties ***
*** 80
*** 192.168.203.203
*** tesztAdmin@sztaki.hu
*** 7lrfjlpu5br2vpv1jcaogdz481b28xf7lz85wqmv
OUTPUT>Could not open input file: app/console
OUTPUT>Dropped database for connection named `hexaa`
OUTPUT>Created database for connection named `hexaa`
OUTPUT>Updating database schema...
OUTPUT>Database schema updated successfully! "64" queries were executed
ExitValue: 0
** AUTHENTICATE **	GET 	/app.php/api/principal/self.json
** AUTHENTICATE **	{"code":403,"message":"Forbidden","errors":null}
** AUTHENTICATE **	Getting temporary API key.
** AUTHENTICATE **	Temporary API key acquired.
** AUTHENTICATE **	POST 	/app.php/api/tokens.json
{"fedid":"tesztAdmin@sztaki.hu","token":"a431cd19d2d2cee13bee462a3523cc28295b12191f660454aab30b0ccadc67bd"}
** AUTHENTICATE **	{"fedid":"tesztAdmin@sztaki.hu","token":"a431cd19d2d2cee13bee462a3523cc28295b12191f660454aab30b0ccadc67bd"}
** AUTHENTICATE **	Normal API key acquired.
***	 ServicesPostTest ***
GET 	/app.php/api/entityids.json
POST 	/app.php/api/services.json
GET 	/app.php/api/services.json
]]></system-out>
  <system-err><![CDATA[]]></system-err>
</testsuite>
