<?xml version="1.0" encoding="UTF-8" ?>
<testsuite errors="0" failures="0" hostname="banat" name="sztaki.hexaa.httputility.leveledtests.LevelFiveTestSuite" skipped="0" tests="5" time="28.429" timestamp="2014-10-06T13:45:54">
  <properties>
[...]
</properties>
  <testcase classname="sztaki.hexaa.httputility.apicalls.organizations.entitlementpacks.OrganizationEntitlementpacksUnlinkTest" name="testOrganizationEntitlementpacksDelete" time="2.295" />
  <testcase classname="sztaki.hexaa.httputility.apicalls.organizations.entitlementpacks.OrganizationEntitlementpacksGetTest" name="testOrganizationEntitlementpacksGetPacks" time="0.947" />
  <testcase classname="sztaki.hexaa.httputility.apicalls.organizations.entitlementpacks.OrganizationEntitlementpacksGetTest" name="testOrganizationEntitlementpacksGetEntitlements" time="0.935" />
  <testcase classname="sztaki.hexaa.httputility.apicalls.roles.entitlements.RolesEntitlementsGetTest" name="testRolesEntitlementsGet" time="0.161" />
  <testcase classname="sztaki.hexaa.httputility.apicalls.roles.entitlements.RolesEntitlementsRemoveTest" name="testRolesEntitlementsDelete" time="0.296" />
  <system-out><![CDATA[BeforeClass @ CleanTest
/home/ede/NetBeansProjects/JavaCoreTest/hexaa-test
*** Loading Properties ***
*** 80
*** 192.168.203.203
*** tesztAdmin@sztaki.hu
*** 7lrfjlpu5br2vpv1jcaogdz481b28xf7lz85wqmv
OUTPUT>Could not open input file: app/console
OUTPUT>Dropped database for connection named `hexaa`
OUTPUT>Created database for connection named `hexaa`
OUTPUT>Updating database schema...
OUTPUT>Database schema updated successfully! "64" queries were executed
ExitValue: 0
** AUTHENTICATE **	GET 	/app.php/api/principal/self.json
** AUTHENTICATE **	{"code":403,"message":"Forbidden","errors":null}
** AUTHENTICATE **	Getting temporary API key.
** AUTHENTICATE **	Temporary API key acquired.
** AUTHENTICATE **	POST 	/app.php/api/tokens.json
{"fedid":"tesztAdmin@sztaki.hu","token":"c676b1217de26eb53373a7e8527481b5ced547607790e382858e03a5a70761b8"}
** AUTHENTICATE **	{"fedid":"tesztAdmin@sztaki.hu","token":"c676b1217de26eb53373a7e8527481b5ced547607790e382858e03a5a70761b8"}
** AUTHENTICATE **	Normal API key acquired.
GET 	/app.php/api/entityids.json
POST 	/app.php/api/services.json
POST 	/app.php/api/organizations.json
POST 	/app.php/api/services/1/entitlements.json
POST 	/app.php/api/services/1/entitlements.json
POST 	/app.php/api/services/1/entitlementpacks.json
PUT 	/app.php/api/entitlementpacks/1/entitlements/1.json
PUT 	/app.php/api/entitlementpacks/1/entitlements/2.json
***	 OrganizationEntitlementpacksUnlinkTest ***
PUT 	/app.php/api/organizations/1/entitlementpacks/1.json
GET 	/app.php/api/organizations/1/entitlementpacks.json
DEL 	/app.php/api/organizations/1/entitlementpacks/1.json
PUT 	/app.php/api/organizations/1/entitlementpacks/1.json
GET 	/app.php/api/organizations/1/entitlementpacks.json
PUT 	/app.php/api/organizations/1/entitlementpacks/1/accept.json
GET 	/app.php/api/organizations/1/entitlementpacks.json
DEL 	/app.php/api/organizations/1/entitlementpacks/1.json
GET 	/app.php/api/organizations/1/entitlementpacks.json
BeforeClass @ CleanTest
/home/ede/NetBeansProjects/JavaCoreTest/hexaa-test
*** Loading Properties ***
*** 80
*** 192.168.203.203
*** tesztAdmin@sztaki.hu
*** 7lrfjlpu5br2vpv1jcaogdz481b28xf7lz85wqmv
OUTPUT>Could not open input file: app/console
OUTPUT>Dropped database for connection named `hexaa`
OUTPUT>Created database for connection named `hexaa`
OUTPUT>Updating database schema...
OUTPUT>Database schema updated successfully! "64" queries were executed
ExitValue: 0
** AUTHENTICATE **	GET 	/app.php/api/principal/self.json
** AUTHENTICATE **	{"code":403,"message":"Forbidden","errors":null}
** AUTHENTICATE **	Getting temporary API key.
** AUTHENTICATE **	Temporary API key acquired.
** AUTHENTICATE **	POST 	/app.php/api/tokens.json
{"fedid":"tesztAdmin@sztaki.hu","token":"2eac61c74abb1afd37bb189a55474000ca2d5124f0450a9b7faa09be68c735ef"}
** AUTHENTICATE **	{"fedid":"tesztAdmin@sztaki.hu","token":"2eac61c74abb1afd37bb189a55474000ca2d5124f0450a9b7faa09be68c735ef"}
** AUTHENTICATE **	Normal API key acquired.
GET 	/app.php/api/entityids.json
POST 	/app.php/api/services.json
POST 	/app.php/api/organizations.json
POST 	/app.php/api/services/1/entitlements.json
POST 	/app.php/api/services/1/entitlements.json
POST 	/app.php/api/services/1/entitlementpacks.json
PUT 	/app.php/api/entitlementpacks/1/entitlements/1.json
PUT 	/app.php/api/entitlementpacks/1/entitlements/2.json
***	 OrganizationEntitlementpacksGetTest ***
PUT 	/app.php/api/organizations/1/entitlementpacks/1.json
GET 	/app.php/api/organizations/1/entitlementpacks.json
PUT 	/app.php/api/organizations/1/entitlementpacks/1/accept.json
GET 	/app.php/api/organizations/1/entitlementpacks.json
GET 	/app.php/api/organizations/1/entitlementpacks.json
DEL 	/app.php/api/organizations/1/entitlementpacks/1.json
PUT 	/app.php/api/organizations/1/entitlementpacks/1.json
GET 	/app.php/api/organizations/1/entitlementpacks.json
PUT 	/app.php/api/organizations/1/entitlementpacks/1/accept.json
GET 	/app.php/api/organizations/1/entitlementpacks.json
GET 	/app.php/api/organizations/1/entitlements.json
DEL 	/app.php/api/organizations/1/entitlementpacks/1.json
BeforeClass @ CleanTest
/home/ede/NetBeansProjects/JavaCoreTest/hexaa-test
*** Loading Properties ***
*** 80
*** 192.168.203.203
*** tesztAdmin@sztaki.hu
*** 7lrfjlpu5br2vpv1jcaogdz481b28xf7lz85wqmv
OUTPUT>Could not open input file: app/console
OUTPUT>Dropped database for connection named `hexaa`
OUTPUT>Created database for connection named `hexaa`
OUTPUT>Updating database schema...
OUTPUT>Database schema updated successfully! "64" queries were executed
ExitValue: 0
** AUTHENTICATE **	GET 	/app.php/api/principal/self.json
** AUTHENTICATE **	{"code":403,"message":"Forbidden","errors":null}
** AUTHENTICATE **	Getting temporary API key.
** AUTHENTICATE **	Temporary API key acquired.
** AUTHENTICATE **	POST 	/app.php/api/tokens.json
{"fedid":"tesztAdmin@sztaki.hu","token":"f142e956934ee4a3236e3e2d6bf08a905f5ca3a31fa2aeadf59b0ff39daa74a6"}
** AUTHENTICATE **	{"fedid":"tesztAdmin@sztaki.hu","token":"f142e956934ee4a3236e3e2d6bf08a905f5ca3a31fa2aeadf59b0ff39daa74a6"}
** AUTHENTICATE **	Normal API key acquired.
POST 	/app.php/api/organizations.json
POST 	/app.php/api/organizations/1/roles.json
GET 	/app.php/api/entityids.json
POST 	/app.php/api/services.json
POST 	/app.php/api/services/1/entitlements.json
POST 	/app.php/api/services/1/entitlements.json
POST 	/app.php/api/services/1/entitlementpacks.json
PUT 	/app.php/api/entitlementpacks/1/entitlements/1.json
PUT 	/app.php/api/entitlementpacks/1/entitlements/2.json
PUT 	/app.php/api/organizations/1/entitlementpacks/1.json
PUT 	/app.php/api/organizations/1/entitlementpacks/1/accept.json
PUT 	/app.php/api/roles/1/entitlements/1.json
PUT 	/app.php/api/roles/1/entitlements/2.json
***	 RolesEntitlementsGetTest ***
GET 	/app.php/api/roles/1/entitlements.json
BeforeClass @ CleanTest
/home/ede/NetBeansProjects/JavaCoreTest/hexaa-test
*** Loading Properties ***
*** 80
*** 192.168.203.203
*** tesztAdmin@sztaki.hu
*** 7lrfjlpu5br2vpv1jcaogdz481b28xf7lz85wqmv
OUTPUT>Could not open input file: app/console
OUTPUT>Dropped database for connection named `hexaa`
OUTPUT>Created database for connection named `hexaa`
OUTPUT>Updating database schema...
OUTPUT>Database schema updated successfully! "64" queries were executed
ExitValue: 0
** AUTHENTICATE **	GET 	/app.php/api/principal/self.json
** AUTHENTICATE **	{"code":403,"message":"Forbidden","errors":null}
** AUTHENTICATE **	Getting temporary API key.
** AUTHENTICATE **	Temporary API key acquired.
** AUTHENTICATE **	POST 	/app.php/api/tokens.json
{"fedid":"tesztAdmin@sztaki.hu","token":"d1a439f209823fb2860f7746f1afd03737335d6d22abb6fe901ffe50dfbd54a1"}
** AUTHENTICATE **	{"fedid":"tesztAdmin@sztaki.hu","token":"d1a439f209823fb2860f7746f1afd03737335d6d22abb6fe901ffe50dfbd54a1"}
** AUTHENTICATE **	Normal API key acquired.
POST 	/app.php/api/organizations.json
POST 	/app.php/api/organizations/1/roles.json
GET 	/app.php/api/entityids.json
POST 	/app.php/api/services.json
POST 	/app.php/api/services/1/entitlements.json
POST 	/app.php/api/services/1/entitlements.json
POST 	/app.php/api/services/1/entitlementpacks.json
PUT 	/app.php/api/entitlementpacks/1/entitlements/1.json
PUT 	/app.php/api/entitlementpacks/1/entitlements/2.json
PUT 	/app.php/api/organizations/1/entitlementpacks/1.json
PUT 	/app.php/api/organizations/1/entitlementpacks/1/accept.json
PUT 	/app.php/api/roles/1/entitlements/1.json
PUT 	/app.php/api/roles/1/entitlements/2.json
***	 RolesEntitlementsRemoveTest ***
DEL 	/app.php/api/roles/1/entitlements/1.json
GET 	/app.php/api/roles/1/entitlements.json
]]></system-out>
  <system-err><![CDATA[]]></system-err>
</testsuite>
