<?xml version="1.0" encoding="UTF-8" ?>
<testsuite errors="0" failures="0" hostname="banat" name="sztaki.hexaa.httputility.leveledtests.LevelFourTestSuite" skipped="0" tests="18" time="92.705" timestamp="2014-09-29T13:47:34">
  <properties>
[...]
</properties>
  <testcase classname="sztaki.hexaa.httputility.apicalls.entitlementpacks.entitlements.EntitlementpacksGetEntitlementsTest" name="testEntitlementpacksGetEntitlements" time="0.279" />
  <testcase classname="sztaki.hexaa.httputility.apicalls.entitlementpacks.entitlements.EntitlementpacksRemoveEntitlementsTest" name="testEntitlementpacksRemoveEntitlements" time="0.628" />
  <testcase classname="sztaki.hexaa.httputility.apicalls.organizations.attributes.OrganizationsAttributesGet" name="testOrganizationsAttributespecsGet" time="0.182" />
  <testcase classname="sztaki.hexaa.httputility.apicalls.organizations.attributes.OrganizationsAttributesGet" name="testOrganizationsAttributevaluesBySpecsGet" time="0.19" />
  <testcase classname="sztaki.hexaa.httputility.apicalls.organizations.attributes.OrganizationsAttributesGet" name="testOrganizationsAllAttributevalues" time="0.155" />
  <testcase classname="sztaki.hexaa.httputility.apicalls.organizations.entitlementpacks.OrganizationEntitlementpacksAcceptTest" name="testOrganizationEntitlementpacksAccept" time="0.675" />
  <testcase classname="sztaki.hexaa.httputility.apicalls.organizations.entitlementpacks.OrganizationEntitlementpacksTokenTest" name="testOrganizationEntitlementpacksPut" time="0.496" />
  <testcase classname="sztaki.hexaa.httputility.apicalls.principals.PrincipalsAttributevaluesGetTest" name="testPrincipalGetAttributevalues" time="0.15" />
  <testcase classname="sztaki.hexaa.httputility.apicalls.principals.PrincipalsAttributevaluesGetTest" name="testPrincipalsGetAttributevalueBySpec" time="0.164" />
  <testcase classname="sztaki.hexaa.httputility.apicalls.principals.PrincipalsRoleGetTest" name="testPrincipalRolesGet" time="0.148" />
  <testcase classname="sztaki.hexaa.httputility.apicalls.principals.PrincipalsAttributespecsPrivateGetTest" name="testPrincipalGetPrivateAttributespecs" time="0.181" />
  <testcase classname="sztaki.hexaa.httputility.apicalls.principals.PrincipalsEntitlementsGetTest" name="testPrincipalGetEntitlements" time="0.143" />
  <testcase classname="sztaki.hexaa.httputility.apicalls.roles.entitlements.RolesEntitlementsAddTest" name="testRolesEntitlementsAdd" time="0.919" />
  <testcase classname="sztaki.hexaa.httputility.apicalls.roles.principals.RolesPrincipalsRemoveTest" name="testRolesPrincipalRemove" time="0.337" />
  <testcase classname="sztaki.hexaa.httputility.apicalls.roles.principals.RolesPrincipalsGetTest" name="testRolesPrincipalGet" time="0.145" />
  <testcase classname="sztaki.hexaa.httputility.apicalls.services.organizations.ServicesOrganizationsGetTest" name="testServicesOrganizationsGet" time="0.153" />
  <testcase classname="sztaki.hexaa.httputility.apicalls.services.managers.ServicesManagersRemoveTest" name="testServicesManagersRemove" time="0.52" />
  <testcase classname="sztaki.hexaa.httputility.apicalls.services.managers.ServicesManagersGetTest" name="testServicesManagersGet" time="0.306" />
  <system-out><![CDATA[BeforeClass @ CleanTest
/home/ede/NetBeansProjects/JavaCoreTest/hexaa-test
*** Loading Properties ***
*** 80
*** 192.168.203.203
*** tesztAdmin@sztaki.hu
*** 7lrfjlpu5br2vpv1jcaogdz481b28xf7lz85wqmv
OUTPUT>Dropped database for connection named `hexaa`
OUTPUT>Created database for connection named `hexaa`
OUTPUT>Updating database schema...
OUTPUT>Database schema updated successfully! "64" queries were executed
ExitValue: 0
** AUTHENTICATE **	GET 	/app.php/api/principal/self.json
** AUTHENTICATE **	{"code":403,"message":"Forbidden","errors":null}
** AUTHENTICATE **	Getting temporary API key.
** AUTHENTICATE **	Temporary API key acquired.
** AUTHENTICATE **	POST 	/app.php/api/tokens.json
{"fedid":"tesztAdmin@sztaki.hu","token":"dd18d275f3b0db8ad2d4cf69e15c1871350f2c6026fdb477e3db5099792d8a07"}
** AUTHENTICATE **	{"fedid":"tesztAdmin@sztaki.hu","token":"dd18d275f3b0db8ad2d4cf69e15c1871350f2c6026fdb477e3db5099792d8a07"}
** AUTHENTICATE **	Normal API key acquired.
***	 EntitlementpacksGetEntitlementsTest ***
GET 	/app.php/api/entityids.json
POST 	/app.php/api/services.json
POST 	/app.php/api/services/1/entitlements.json
POST 	/app.php/api/services/1/entitlements.json
POST 	/app.php/api/services/1/entitlementpacks.json
POST 	/app.php/api/services/1/entitlementpacks.json
PUT 	/app.php/api/entitlementpacks/1/entitlements/1.json
PUT 	/app.php/api/entitlementpacks/1/entitlements/2.json
PUT 	/app.php/api/entitlementpacks/2/entitlements/1.json
GET 	/app.php/api/entitlementpacks/1/entitlements.json
GET 	/app.php/api/entitlementpacks/2/entitlements.json
BeforeClass @ CleanTest
/home/ede/NetBeansProjects/JavaCoreTest/hexaa-test
*** Loading Properties ***
*** 80
*** 192.168.203.203
*** tesztAdmin@sztaki.hu
*** 7lrfjlpu5br2vpv1jcaogdz481b28xf7lz85wqmv
OUTPUT>Dropped database for connection named `hexaa`
OUTPUT>Created database for connection named `hexaa`
OUTPUT>Updating database schema...
OUTPUT>Database schema updated successfully! "64" queries were executed
ExitValue: 0
** AUTHENTICATE **	GET 	/app.php/api/principal/self.json
** AUTHENTICATE **	{"code":403,"message":"Forbidden","errors":null}
** AUTHENTICATE **	Getting temporary API key.
** AUTHENTICATE **	Temporary API key acquired.
** AUTHENTICATE **	POST 	/app.php/api/tokens.json
{"fedid":"tesztAdmin@sztaki.hu","token":"313915dae080d4270efbf041c10ad05bf0a7086374f11ed7c002cf30c30593c6"}
** AUTHENTICATE **	{"fedid":"tesztAdmin@sztaki.hu","token":"313915dae080d4270efbf041c10ad05bf0a7086374f11ed7c002cf30c30593c6"}
** AUTHENTICATE **	Normal API key acquired.
***	 EntitlementpacksRemoveEntitlementsTest ***
GET 	/app.php/api/entityids.json
POST 	/app.php/api/services.json
POST 	/app.php/api/services/1/entitlements.json
POST 	/app.php/api/services/1/entitlements.json
POST 	/app.php/api/services/1/entitlementpacks.json
POST 	/app.php/api/services/1/entitlementpacks.json
PUT 	/app.php/api/entitlementpacks/1/entitlements/1.json
PUT 	/app.php/api/entitlementpacks/1/entitlements/2.json
PUT 	/app.php/api/entitlementpacks/2/entitlements/1.json
DEL 	/app.php/api/entitlementpacks/1/entitlements/1.json
DEL 	/app.php/api/entitlementpacks/2/entitlements/1.json
GET 	/app.php/api/entitlementpacks/1/entitlements.json
GET 	/app.php/api/entitlementpacks/2/entitlements.json
BeforeClass @ CleanTest
/home/ede/NetBeansProjects/JavaCoreTest/hexaa-test
*** Loading Properties ***
*** 80
*** 192.168.203.203
*** tesztAdmin@sztaki.hu
*** 7lrfjlpu5br2vpv1jcaogdz481b28xf7lz85wqmv
OUTPUT>Dropped database for connection named `hexaa`
OUTPUT>Created database for connection named `hexaa`
OUTPUT>Updating database schema...
OUTPUT>Database schema updated successfully! "64" queries were executed
ExitValue: 0
** AUTHENTICATE **	GET 	/app.php/api/principal/self.json
** AUTHENTICATE **	{"code":403,"message":"Forbidden","errors":null}
** AUTHENTICATE **	Getting temporary API key.
** AUTHENTICATE **	Temporary API key acquired.
** AUTHENTICATE **	POST 	/app.php/api/tokens.json
{"fedid":"tesztAdmin@sztaki.hu","token":"2474ca4e667d726197f7414dd6ef007f5ee7ee4072feddae1d2eb0e9c8937170"}
** AUTHENTICATE **	{"fedid":"tesztAdmin@sztaki.hu","token":"2474ca4e667d726197f7414dd6ef007f5ee7ee4072feddae1d2eb0e9c8937170"}
** AUTHENTICATE **	Normal API key acquired.
***	 OrganizationsAttributesGet ***
POST 	/app.php/api/organizations.json
POST 	/app.php/api/attributespecs.json
POST 	/app.php/api/attributespecs.json
GET 	/app.php/api/entityids.json
POST 	/app.php/api/services.json
POST 	/app.php/api/services/1/entitlementpacks.json
PUT 	/app.php/api/services/1/attributespecs/1.json
PUT 	/app.php/api/services/1/attributespecs/2.json
PUT 	/app.php/api/organizations/1/entitlementpacks/1.json
PUT 	/app.php/api/organizations/1/entitlementpacks/1/accept.json
POST 	/app.php/api/attributevalueorganizations.json
POST 	/app.php/api/attributevalueorganizations.json
GET 	/app.php/api/organizations/1/attributespecs.json
GET 	/app.php/api/organizations/1/attributespecs/1/attributevalueorganizations.json
GET 	/app.php/api/organizations/1/attributevalueorganization.json
BeforeClass @ CleanTest
/home/ede/NetBeansProjects/JavaCoreTest/hexaa-test
*** Loading Properties ***
*** 80
*** 192.168.203.203
*** tesztAdmin@sztaki.hu
*** 7lrfjlpu5br2vpv1jcaogdz481b28xf7lz85wqmv
OUTPUT>Dropped database for connection named `hexaa`
OUTPUT>Created database for connection named `hexaa`
OUTPUT>Updating database schema...
OUTPUT>Database schema updated successfully! "64" queries were executed
ExitValue: 0
** AUTHENTICATE **	GET 	/app.php/api/principal/self.json
** AUTHENTICATE **	{"code":403,"message":"Forbidden","errors":null}
** AUTHENTICATE **	Getting temporary API key.
** AUTHENTICATE **	Temporary API key acquired.
** AUTHENTICATE **	POST 	/app.php/api/tokens.json
{"fedid":"tesztAdmin@sztaki.hu","token":"2196dd4f4b38c754406e756ef62f4e3ccfb2ca7eee4bea49367db0207b89ac57"}
** AUTHENTICATE **	{"fedid":"tesztAdmin@sztaki.hu","token":"2196dd4f4b38c754406e756ef62f4e3ccfb2ca7eee4bea49367db0207b89ac57"}
** AUTHENTICATE **	Normal API key acquired.
GET 	/app.php/api/entityids.json
POST 	/app.php/api/services.json
POST 	/app.php/api/organizations.json
POST 	/app.php/api/services/1/entitlements.json
POST 	/app.php/api/services/1/entitlements.json
POST 	/app.php/api/services/1/entitlementpacks.json
PUT 	/app.php/api/entitlementpacks/1/entitlements/1.json
PUT 	/app.php/api/entitlementpacks/1/entitlements/2.json
***	 OrganizationEntitlementpacksAcceptTest ***
PUT 	/app.php/api/organizations/1/entitlementpacks/1.json
GET 	/app.php/api/organizations/1/entitlementpacks.json
PUT 	/app.php/api/organizations/1/entitlementpacks/1/accept.json
GET 	/app.php/api/organizations/1/entitlementpacks.json
BeforeClass @ CleanTest
/home/ede/NetBeansProjects/JavaCoreTest/hexaa-test
*** Loading Properties ***
*** 80
*** 192.168.203.203
*** tesztAdmin@sztaki.hu
*** 7lrfjlpu5br2vpv1jcaogdz481b28xf7lz85wqmv
OUTPUT>Dropped database for connection named `hexaa`
OUTPUT>Created database for connection named `hexaa`
OUTPUT>Updating database schema...
OUTPUT>Database schema updated successfully! "64" queries were executed
ExitValue: 0
** AUTHENTICATE **	GET 	/app.php/api/principal/self.json
** AUTHENTICATE **	{"code":403,"message":"Forbidden","errors":null}
** AUTHENTICATE **	Getting temporary API key.
** AUTHENTICATE **	Temporary API key acquired.
** AUTHENTICATE **	POST 	/app.php/api/tokens.json
{"fedid":"tesztAdmin@sztaki.hu","token":"32619e8a3c81b0a4ddf0e9ad6edec6d3044eb7e474da66ac67718f3c9dd9e721"}
** AUTHENTICATE **	{"fedid":"tesztAdmin@sztaki.hu","token":"32619e8a3c81b0a4ddf0e9ad6edec6d3044eb7e474da66ac67718f3c9dd9e721"}
** AUTHENTICATE **	Normal API key acquired.
GET 	/app.php/api/entityids.json
POST 	/app.php/api/services.json
POST 	/app.php/api/organizations.json
POST 	/app.php/api/services/1/entitlements.json
POST 	/app.php/api/services/1/entitlements.json
POST 	/app.php/api/services/1/entitlementpacks.json
PUT 	/app.php/api/entitlementpacks/1/entitlements/1.json
PUT 	/app.php/api/entitlementpacks/1/entitlements/2.json
***	 OrganizationEntitlementpacksTokenTest ***
GET 	/app.php/api/entitlementpacks/1/token.json
PUT 	/app.php/api/organizations/1/entitlementpacks/90a355b2-1f11-49d0-9237-fdd382809228/token.json
GET 	/app.php/api/organizations/1/entitlementpacks.json
BeforeClass @ CleanTest
/home/ede/NetBeansProjects/JavaCoreTest/hexaa-test
*** Loading Properties ***
*** 80
*** 192.168.203.203
*** tesztAdmin@sztaki.hu
*** 7lrfjlpu5br2vpv1jcaogdz481b28xf7lz85wqmv
OUTPUT>Dropped database for connection named `hexaa`
OUTPUT>Created database for connection named `hexaa`
OUTPUT>Updating database schema...
OUTPUT>Database schema updated successfully! "64" queries were executed
ExitValue: 0
** AUTHENTICATE **	GET 	/app.php/api/principal/self.json
** AUTHENTICATE **	{"code":403,"message":"Forbidden","errors":null}
** AUTHENTICATE **	Getting temporary API key.
** AUTHENTICATE **	Temporary API key acquired.
** AUTHENTICATE **	POST 	/app.php/api/tokens.json
{"fedid":"tesztAdmin@sztaki.hu","token":"d90b0f472f22a2d8852b9abc3f329f220772013bead7975bc5d555be87393a5d"}
** AUTHENTICATE **	{"fedid":"tesztAdmin@sztaki.hu","token":"d90b0f472f22a2d8852b9abc3f329f220772013bead7975bc5d555be87393a5d"}
** AUTHENTICATE **	Normal API key acquired.
***	 PrincipalsAttributevaluesGetTest ***
GET 	/app.php/api/entityids.json
POST 	/app.php/api/services.json
POST 	/app.php/api/organizations.json
POST 	/app.php/api/organizations/1/roles.json
POST 	/app.php/api/services/1/entitlementpacks.json
POST 	/app.php/api/services/1/entitlements.json
PUT 	/app.php/api/entitlementpacks/1/entitlements/1.json
PUT 	/app.php/api/organizations/1/entitlementpacks/1.json
PUT 	/app.php/api/organizations/1/entitlementpacks/1/accept.json
PUT 	/app.php/api/roles/1/entitlements/1.json
PUT 	/app.php/api/roles/1/principals/1.json
POST 	/app.php/api/attributespecs.json
PUT 	/app.php/api/services/1/attributespecs/1.json
POST 	/app.php/api/attributevalueprincipals.json
GET 	/app.php/api/principal/attributevalueprincipal.json
GET 	/app.php/api/principals/1/attributespecs/attributevalueprincipals.json
BeforeClass @ CleanTest
/home/ede/NetBeansProjects/JavaCoreTest/hexaa-test
*** Loading Properties ***
*** 80
*** 192.168.203.203
*** tesztAdmin@sztaki.hu
*** 7lrfjlpu5br2vpv1jcaogdz481b28xf7lz85wqmv
OUTPUT>Dropped database for connection named `hexaa`
OUTPUT>Created database for connection named `hexaa`
OUTPUT>Updating database schema...
OUTPUT>Database schema updated successfully! "64" queries were executed
ExitValue: 0
** AUTHENTICATE **	GET 	/app.php/api/principal/self.json
** AUTHENTICATE **	{"code":403,"message":"Forbidden","errors":null}
** AUTHENTICATE **	Getting temporary API key.
** AUTHENTICATE **	Temporary API key acquired.
** AUTHENTICATE **	POST 	/app.php/api/tokens.json
{"fedid":"tesztAdmin@sztaki.hu","token":"832d54a7d00784e4230458d005723e65d91c35554c0c08a3280c45d3e953ed32"}
** AUTHENTICATE **	{"fedid":"tesztAdmin@sztaki.hu","token":"832d54a7d00784e4230458d005723e65d91c35554c0c08a3280c45d3e953ed32"}
** AUTHENTICATE **	Normal API key acquired.
***	 PrincipalsRoleGetTest ***
POST 	/app.php/api/organizations.json
POST 	/app.php/api/organizations/1/roles.json
PUT 	/app.php/api/organizations/1/members/1.json
PUT 	/app.php/api/roles/1/principals/1.json
GET 	/app.php/api/principal/roles.json
BeforeClass @ CleanTest
/home/ede/NetBeansProjects/JavaCoreTest/hexaa-test
*** Loading Properties ***
*** 80
*** 192.168.203.203
*** tesztAdmin@sztaki.hu
*** 7lrfjlpu5br2vpv1jcaogdz481b28xf7lz85wqmv
OUTPUT>Dropped database for connection named `hexaa`
OUTPUT>Created database for connection named `hexaa`
OUTPUT>Updating database schema...
OUTPUT>Database schema updated successfully! "64" queries were executed
ExitValue: 0
** AUTHENTICATE **	GET 	/app.php/api/principal/self.json
** AUTHENTICATE **	{"code":403,"message":"Forbidden","errors":null}
** AUTHENTICATE **	Getting temporary API key.
** AUTHENTICATE **	Temporary API key acquired.
** AUTHENTICATE **	POST 	/app.php/api/tokens.json
{"fedid":"tesztAdmin@sztaki.hu","token":"627e379670660d5385eda8afc05c1bf32a0bd733f46692e9113f652e49af0902"}
** AUTHENTICATE **	{"fedid":"tesztAdmin@sztaki.hu","token":"627e379670660d5385eda8afc05c1bf32a0bd733f46692e9113f652e49af0902"}
** AUTHENTICATE **	Normal API key acquired.
***	 PrincipalsAttributespecsPrivateGetTest ***
POST 	/app.php/api/organizations.json
PUT 	/app.php/api/organizations/1/members/1.json
GET 	/app.php/api/entityids.json
POST 	/app.php/api/services.json
POST 	/app.php/api/services.json
POST 	/app.php/api/attributespecs.json
POST 	/app.php/api/attributespecs.json
PUT 	/app.php/api/services/1/attributespecs/1.json
PUT 	/app.php/api/services/2/attributespecs/2.json
POST 	/app.php/api/organizations/1/roles.json
POST 	/app.php/api/services/2/entitlements.json
POST 	/app.php/api/services/2/entitlementpacks.json
PUT 	/app.php/api/entitlementpacks/1/entitlements/1.json
PUT 	/app.php/api/organizations/1/entitlementpacks/1.json
PUT 	/app.php/api/organizations/1/entitlementpacks/1/accept.json
PUT 	/app.php/api/roles/1/entitlements/1.json
PUT 	/app.php/api/roles/1/principals/1.json
GET 	/app.php/api/principal/attributespecs.json
BeforeClass @ CleanTest
/home/ede/NetBeansProjects/JavaCoreTest/hexaa-test
*** Loading Properties ***
*** 80
*** 192.168.203.203
*** tesztAdmin@sztaki.hu
*** 7lrfjlpu5br2vpv1jcaogdz481b28xf7lz85wqmv
OUTPUT>Dropped database for connection named `hexaa`
OUTPUT>Created database for connection named `hexaa`
OUTPUT>Updating database schema...
OUTPUT>Database schema updated successfully! "64" queries were executed
ExitValue: 0
** AUTHENTICATE **	GET 	/app.php/api/principal/self.json
** AUTHENTICATE **	{"code":403,"message":"Forbidden","errors":null}
** AUTHENTICATE **	Getting temporary API key.
** AUTHENTICATE **	Temporary API key acquired.
** AUTHENTICATE **	POST 	/app.php/api/tokens.json
{"fedid":"tesztAdmin@sztaki.hu","token":"4a635a59239f9173ed423f618ffb4ea68970616f3eb5c50713590572a092b959"}
** AUTHENTICATE **	{"fedid":"tesztAdmin@sztaki.hu","token":"4a635a59239f9173ed423f618ffb4ea68970616f3eb5c50713590572a092b959"}
** AUTHENTICATE **	Normal API key acquired.
***	 PrincipalsEntitlementsGetTest ***
POST 	/app.php/api/organizations.json
PUT 	/app.php/api/organizations/1/members/1.json
POST 	/app.php/api/organizations/1/roles.json
GET 	/app.php/api/entityids.json
POST 	/app.php/api/services.json
POST 	/app.php/api/services.json
POST 	/app.php/api/services/2/entitlements.json
POST 	/app.php/api/services/2/entitlementpacks.json
PUT 	/app.php/api/entitlementpacks/1/entitlements/1.json
PUT 	/app.php/api/organizations/1/entitlementpacks/1.json
PUT 	/app.php/api/organizations/1/entitlementpacks/1/accept.json
PUT 	/app.php/api/roles/1/entitlements/1.json
PUT 	/app.php/api/roles/1/principals/1.json
GET 	/app.php/api/principal/entitlements.json
BeforeClass @ CleanTest
/home/ede/NetBeansProjects/JavaCoreTest/hexaa-test
*** Loading Properties ***
*** 80
*** 192.168.203.203
*** tesztAdmin@sztaki.hu
*** 7lrfjlpu5br2vpv1jcaogdz481b28xf7lz85wqmv
OUTPUT>Dropped database for connection named `hexaa`
OUTPUT>Created database for connection named `hexaa`
OUTPUT>Updating database schema...
OUTPUT>Database schema updated successfully! "64" queries were executed
ExitValue: 0
** AUTHENTICATE **	GET 	/app.php/api/principal/self.json
** AUTHENTICATE **	{"code":403,"message":"Forbidden","errors":null}
** AUTHENTICATE **	Getting temporary API key.
** AUTHENTICATE **	Temporary API key acquired.
** AUTHENTICATE **	POST 	/app.php/api/tokens.json
{"fedid":"tesztAdmin@sztaki.hu","token":"6acb5f42d4e96fb2c47ee62b52dc3389846539cd03996b8862094db17ff7f6e1"}
** AUTHENTICATE **	{"fedid":"tesztAdmin@sztaki.hu","token":"6acb5f42d4e96fb2c47ee62b52dc3389846539cd03996b8862094db17ff7f6e1"}
** AUTHENTICATE **	Normal API key acquired.
***	 RolesEntitlementsAddTest ***
POST 	/app.php/api/organizations.json
POST 	/app.php/api/organizations/1/roles.json
POST 	/app.php/api/organizations/1/roles.json
GET 	/app.php/api/entityids.json
POST 	/app.php/api/services.json
POST 	/app.php/api/services/1/entitlements.json
POST 	/app.php/api/services/1/entitlementpacks.json
PUT 	/app.php/api/roles/1/entitlements/1.json
PUT 	/app.php/api/entitlementpacks/1/entitlements/1.json
PUT 	/app.php/api/organizations/1/entitlementpacks/1.json
PUT 	/app.php/api/organizations/1/entitlementpacks/1/accept.json
PUT 	/app.php/api/roles/1/entitlements/1.json
PUT 	/app.php/api/roles/1/entitlements/1.json
BeforeClass @ CleanTest
/home/ede/NetBeansProjects/JavaCoreTest/hexaa-test
*** Loading Properties ***
*** 80
*** 192.168.203.203
*** tesztAdmin@sztaki.hu
*** 7lrfjlpu5br2vpv1jcaogdz481b28xf7lz85wqmv
OUTPUT>Dropped database for connection named `hexaa`
OUTPUT>Created database for connection named `hexaa`
OUTPUT>Updating database schema...
OUTPUT>Database schema updated successfully! "64" queries were executed
ExitValue: 0
** AUTHENTICATE **	GET 	/app.php/api/principal/self.json
** AUTHENTICATE **	{"code":403,"message":"Forbidden","errors":null}
** AUTHENTICATE **	Getting temporary API key.
** AUTHENTICATE **	Temporary API key acquired.
** AUTHENTICATE **	POST 	/app.php/api/tokens.json
{"fedid":"tesztAdmin@sztaki.hu","token":"15011492a93be8204ccccc5d3a0ee1e6894cb01773385f8c24000d4f7a352728"}
** AUTHENTICATE **	{"fedid":"tesztAdmin@sztaki.hu","token":"15011492a93be8204ccccc5d3a0ee1e6894cb01773385f8c24000d4f7a352728"}
** AUTHENTICATE **	Normal API key acquired.
***	 RolesPrincipalsRemoveTest ***
POST 	/app.php/api/organizations.json
POST 	/app.php/api/organizations/1/roles.json
POST 	/app.php/api/principals.json
GET 	/app.php/api/principals/1/id.json
PUT 	/app.php/api/organizations/1/members/2.json
PUT 	/app.php/api/roles/1/principals/1.json
PUT 	/app.php/api/roles/1/principals/2.json
DEL 	/app.php/api/roles/1/principals/1.json
GET 	/app.php/api/roles/1/principals.json
BeforeClass @ CleanTest
/home/ede/NetBeansProjects/JavaCoreTest/hexaa-test
*** Loading Properties ***
*** 80
*** 192.168.203.203
*** tesztAdmin@sztaki.hu
*** 7lrfjlpu5br2vpv1jcaogdz481b28xf7lz85wqmv
OUTPUT>Dropped database for connection named `hexaa`
OUTPUT>Created database for connection named `hexaa`
OUTPUT>Updating database schema...
OUTPUT>Database schema updated successfully! "64" queries were executed
ExitValue: 0
** AUTHENTICATE **	GET 	/app.php/api/principal/self.json
** AUTHENTICATE **	{"code":403,"message":"Forbidden","errors":null}
** AUTHENTICATE **	Getting temporary API key.
** AUTHENTICATE **	Temporary API key acquired.
** AUTHENTICATE **	POST 	/app.php/api/tokens.json
{"fedid":"tesztAdmin@sztaki.hu","token":"6e41d2975ed142863566fdd23e5ef265b9cb1aec9ba3341ac6a4d33d19aae02f"}
** AUTHENTICATE **	{"fedid":"tesztAdmin@sztaki.hu","token":"6e41d2975ed142863566fdd23e5ef265b9cb1aec9ba3341ac6a4d33d19aae02f"}
** AUTHENTICATE **	Normal API key acquired.
***	 RolesPrincipalsGetTest ***
POST 	/app.php/api/organizations.json
POST 	/app.php/api/organizations/1/roles.json
POST 	/app.php/api/principals.json
PUT 	/app.php/api/organizations/1/members/2.json
PUT 	/app.php/api/roles/1/principals/2.json
GET 	/app.php/api/roles/1/principals.json
[{"principal":{"updated_at":"2014-09-29T13:48:49+0000","created_at":"2014-09-29T13:48:49+0000","id":2,"fedid":"testPrincipal","display_name":"testPrincipal_name","email":"testPrincipal@email.something"},"created_at":"2014-09-29T13:48:49+0000","expiration":null,"id":1}]
BeforeClass @ CleanTest
/home/ede/NetBeansProjects/JavaCoreTest/hexaa-test
*** Loading Properties ***
*** 80
*** 192.168.203.203
*** tesztAdmin@sztaki.hu
*** 7lrfjlpu5br2vpv1jcaogdz481b28xf7lz85wqmv
OUTPUT>Dropped database for connection named `hexaa`
OUTPUT>Created database for connection named `hexaa`
OUTPUT>Updating database schema...
OUTPUT>Database schema updated successfully! "64" queries were executed
ExitValue: 0
** AUTHENTICATE **	GET 	/app.php/api/principal/self.json
** AUTHENTICATE **	{"code":403,"message":"Forbidden","errors":null}
** AUTHENTICATE **	Getting temporary API key.
** AUTHENTICATE **	Temporary API key acquired.
** AUTHENTICATE **	POST 	/app.php/api/tokens.json
{"fedid":"tesztAdmin@sztaki.hu","token":"5c6a75654e28b9880208a8befe677f053c2f40399ea2fcad9ea709bfe742fd44"}
** AUTHENTICATE **	{"fedid":"tesztAdmin@sztaki.hu","token":"5c6a75654e28b9880208a8befe677f053c2f40399ea2fcad9ea709bfe742fd44"}
** AUTHENTICATE **	Normal API key acquired.
***	 ServicesOrganizationsGetTest ***
GET 	/app.php/api/entityids.json
POST 	/app.php/api/services.json
POST 	/app.php/api/services.json
POST 	/app.php/api/organizations.json
POST 	/app.php/api/services/1/entitlementpacks.json
PUT 	/app.php/api/organizations/1/entitlementpacks/1.json
PUT 	/app.php/api/organizations/1/entitlementpacks/1/accept.json
GET 	/app.php/api/services/1/organizations.json
BeforeClass @ CleanTest
/home/ede/NetBeansProjects/JavaCoreTest/hexaa-test
*** Loading Properties ***
*** 80
*** 192.168.203.203
*** tesztAdmin@sztaki.hu
*** 7lrfjlpu5br2vpv1jcaogdz481b28xf7lz85wqmv
OUTPUT>Dropped database for connection named `hexaa`
OUTPUT>Created database for connection named `hexaa`
OUTPUT>Updating database schema...
OUTPUT>Database schema updated successfully! "64" queries were executed
ExitValue: 0
** AUTHENTICATE **	GET 	/app.php/api/principal/self.json
** AUTHENTICATE **	{"code":403,"message":"Forbidden","errors":null}
** AUTHENTICATE **	Getting temporary API key.
** AUTHENTICATE **	Temporary API key acquired.
** AUTHENTICATE **	POST 	/app.php/api/tokens.json
{"fedid":"tesztAdmin@sztaki.hu","token":"e0d658e91701d145d3efd462f7ddb37ef8e3819ca9834ae5900dbb70cc66d637"}
** AUTHENTICATE **	{"fedid":"tesztAdmin@sztaki.hu","token":"e0d658e91701d145d3efd462f7ddb37ef8e3819ca9834ae5900dbb70cc66d637"}
** AUTHENTICATE **	Normal API key acquired.
***	 ServicesManagersRemoveTest ***
GET 	/app.php/api/entityids.json
POST 	/app.php/api/services.json
POST 	/app.php/api/services.json
POST 	/app.php/api/principals.json
POST 	/app.php/api/principals.json
GET 	/app.php/api/principal/self.json
PUT 	/app.php/api/services/1/managers/2.json
PUT 	/app.php/api/services/1/managers/3.json
DEL 	/app.php/api/services/1/managers/2.json
GET 	/app.php/api/services/1/managers.json
GET 	/app.php/api/services/2/managers.json
BeforeClass @ CleanTest
/home/ede/NetBeansProjects/JavaCoreTest/hexaa-test
*** Loading Properties ***
*** 80
*** 192.168.203.203
*** tesztAdmin@sztaki.hu
*** 7lrfjlpu5br2vpv1jcaogdz481b28xf7lz85wqmv
OUTPUT>Dropped database for connection named `hexaa`
OUTPUT>Created database for connection named `hexaa`
OUTPUT>Updating database schema...
OUTPUT>Database schema updated successfully! "64" queries were executed
ExitValue: 0
** AUTHENTICATE **	GET 	/app.php/api/principal/self.json
** AUTHENTICATE **	{"code":403,"message":"Forbidden","errors":null}
** AUTHENTICATE **	Getting temporary API key.
** AUTHENTICATE **	Temporary API key acquired.
** AUTHENTICATE **	POST 	/app.php/api/tokens.json
{"fedid":"tesztAdmin@sztaki.hu","token":"304f4c5b9fbe7495f9202b59543dad751f9e0ce022a6e3b66e80d200e685b97a"}
** AUTHENTICATE **	{"fedid":"tesztAdmin@sztaki.hu","token":"304f4c5b9fbe7495f9202b59543dad751f9e0ce022a6e3b66e80d200e685b97a"}
** AUTHENTICATE **	Normal API key acquired.
***	 ServicesManagersGetTest ***
GET 	/app.php/api/entityids.json
POST 	/app.php/api/services.json
POST 	/app.php/api/services.json
POST 	/app.php/api/principals.json
POST 	/app.php/api/principals.json
GET 	/app.php/api/principal/self.json
PUT 	/app.php/api/services/1/managers/2.json
PUT 	/app.php/api/services/1/managers/3.json
GET 	/app.php/api/services/1/managers.json
GET 	/app.php/api/services/2/managers.json
]]></system-out>
  <system-err><![CDATA[]]></system-err>
</testsuite>
