<?xml version="1.0" encoding="UTF-8" ?>
<testsuite errors="0" failures="0" hostname="banat" name="sztaki.hexaa.httputility.leveledtests.LevelTwoTestSuite" skipped="0" tests="31" time="105.058" timestamp="2014-09-29T13:43:38">
  <properties>
[...]
</properties>
  <testcase classname="sztaki.hexaa.httputility.apicalls.attributespecs.AttributespecsDeleteTest" name="testAttributespecsDelete" time="0.253" />
  <testcase classname="sztaki.hexaa.httputility.apicalls.attributespecs.AttributespecsGetTest" name="testAttributespecsGetByID" time="0.144" />
  <testcase classname="sztaki.hexaa.httputility.apicalls.attributespecs.AttributespecsGetTest" name="testAttributespecsArray" time="0.133" />
  <testcase classname="sztaki.hexaa.httputility.apicalls.attributespecs.AttributespecsPutTest" name="testAttributespecsPut" time="0.289" />
  <testcase classname="sztaki.hexaa.httputility.apicalls.organizations.OrganizationDeleteTest" name="testOrganizationDelete" time="0.424" />
  <testcase classname="sztaki.hexaa.httputility.apicalls.organizations.OrganizationGetTest" name="testOrganizationGetArray" time="0.151" />
  <testcase classname="sztaki.hexaa.httputility.apicalls.organizations.OrganizationGetTest" name="testOrganizationGetById" time="0.251" />
  <testcase classname="sztaki.hexaa.httputility.apicalls.organizations.OrganizationPutTest" name="testOrganizationPut" time="0.411" />
  <testcase classname="sztaki.hexaa.httputility.apicalls.organizations.principals.OrganizationsManagersAddTest" name="testOrganizationManagersAdd" time="0.159" />
  <testcase classname="sztaki.hexaa.httputility.apicalls.organizations.principals.OrganizationsMembersAddTest" name="testOrganizationMemberAdd" time="0.167" />
  <testcase classname="sztaki.hexaa.httputility.apicalls.principals.PrincipalGetAdmin" name="testPrincipalGetNotAdmin" time="0.667" />
  <testcase classname="sztaki.hexaa.httputility.apicalls.principals.PrincipalGetAdmin" name="testPrincipalGetIsAdmin" time="0.133" />
  <testcase classname="sztaki.hexaa.httputility.apicalls.principals.PrincipalGetTest" name="testPrincipalSelfGet" time="0.154" />
  <testcase classname="sztaki.hexaa.httputility.apicalls.principals.PrincipalGetTest" name="testPrincipalsGet" time="0.159" />
  <testcase classname="sztaki.hexaa.httputility.apicalls.principals.PrincipalGetTest" name="testPrincipalsGetByFedid" time="0.114" />
  <testcase classname="sztaki.hexaa.httputility.apicalls.principals.PrincipalGetTest" name="testPrincipalsGetById" time="0.134" />
  <testcase classname="sztaki.hexaa.httputility.apicalls.principals.PrincipalsDeleteSelfTest" name="testPrincipalDeleteSelf" time="0.733" />
  <testcase classname="sztaki.hexaa.httputility.apicalls.principals.PrincipalsDeleteTest" name="testPrincipalsDeleteByFedid" time="0.333" />
  <testcase classname="sztaki.hexaa.httputility.apicalls.principals.PrincipalsDeleteTest" name="testPrincipalsDeleteById" time="0.291" />
  <testcase classname="sztaki.hexaa.httputility.apicalls.principals.PrincipalsManagerGetOrganizationsTest" name="testPrincipalGetManagerOrg" time="0.149" />
  <testcase classname="sztaki.hexaa.httputility.apicalls.principals.PrincipalsManagerGetServicesTest" name="testPrincipalGetManagerService" time="0.147" />
  <testcase classname="sztaki.hexaa.httputility.apicalls.principals.PrincipalsMemeberGetOrganizationsTest" name="testPrincipalGetMemberOrg" time="0.158" />
  <testcase classname="sztaki.hexaa.httputility.apicalls.roles.RolesPostTest" name="testRolesPost" time="0.173" />
  <testcase classname="sztaki.hexaa.httputility.apicalls.services.ServicesDeleteTest" name="testServicesDelete" time="0.285" />
  <testcase classname="sztaki.hexaa.httputility.apicalls.services.ServicesGetTest" name="testServicesGetArray" time="0.137" />
  <testcase classname="sztaki.hexaa.httputility.apicalls.services.ServicesGetTest" name="testServicesGetByID" time="0.269" />
  <testcase classname="sztaki.hexaa.httputility.apicalls.services.ServicesGetTest" name="testServicesGetByArray" time="0.141" />
  <testcase classname="sztaki.hexaa.httputility.apicalls.services.ServicesPutTest" name="testServicesPut" time="0.36" />
  <testcase classname="sztaki.hexaa.httputility.apicalls.services.attributespecs.ServicesAttributespecsAddTest" name="testServicesAttributespecsAdd" time="0.965" />
  <testcase classname="sztaki.hexaa.httputility.apicalls.services.entitlementpacks.ServicesEntitlementpacksPostTest" name="testServiceEntitlementpacksPosts" time="0.663" />
  <testcase classname="sztaki.hexaa.httputility.apicalls.services.entitlements.ServicesEntitlementsPostTest" name="testServiceEntitlementsPosts" time="0.47" />
  <system-out><![CDATA[BeforeClass @ CleanTest
/home/ede/NetBeansProjects/JavaCoreTest/hexaa-test
*** Loading Properties ***
*** 80
*** 192.168.203.203
*** tesztAdmin@sztaki.hu
*** 7lrfjlpu5br2vpv1jcaogdz481b28xf7lz85wqmv
OUTPUT>Dropped database for connection named `hexaa`
OUTPUT>Created database for connection named `hexaa`
OUTPUT>Updating database schema...
OUTPUT>Database schema updated successfully! "64" queries were executed
ExitValue: 0
** AUTHENTICATE **	GET 	/app.php/api/principal/self.json
** AUTHENTICATE **	{"code":403,"message":"Forbidden","errors":null}
** AUTHENTICATE **	Getting temporary API key.
** AUTHENTICATE **	Temporary API key acquired.
** AUTHENTICATE **	POST 	/app.php/api/tokens.json
{"fedid":"tesztAdmin@sztaki.hu","token":"202ce480f20c137dd08b635c8c2ab54eef3e82c9486de31df48ce81b6f422939"}
** AUTHENTICATE **	{"fedid":"tesztAdmin@sztaki.hu","token":"202ce480f20c137dd08b635c8c2ab54eef3e82c9486de31df48ce81b6f422939"}
** AUTHENTICATE **	Normal API key acquired.
***	 AttributespecsDeleteTest ***
POST 	/app.php/api/attributespecs.json
DEL 	/app.php/api/attributespecs/1.json
GET 	/app.php/api/attributespecs.json
BeforeClass @ CleanTest
/home/ede/NetBeansProjects/JavaCoreTest/hexaa-test
*** Loading Properties ***
*** 80
*** 192.168.203.203
*** tesztAdmin@sztaki.hu
*** 7lrfjlpu5br2vpv1jcaogdz481b28xf7lz85wqmv
OUTPUT>Dropped database for connection named `hexaa`
OUTPUT>Created database for connection named `hexaa`
OUTPUT>Updating database schema...
OUTPUT>Database schema updated successfully! "64" queries were executed
ExitValue: 0
** AUTHENTICATE **	GET 	/app.php/api/principal/self.json
** AUTHENTICATE **	{"code":403,"message":"Forbidden","errors":null}
** AUTHENTICATE **	Getting temporary API key.
** AUTHENTICATE **	Temporary API key acquired.
** AUTHENTICATE **	POST 	/app.php/api/tokens.json
{"fedid":"tesztAdmin@sztaki.hu","token":"2b4131ba01b71e5b1898c4739665b319f8e9127a40ebb9b64f8e85c273f8deae"}
** AUTHENTICATE **	{"fedid":"tesztAdmin@sztaki.hu","token":"2b4131ba01b71e5b1898c4739665b319f8e9127a40ebb9b64f8e85c273f8deae"}
** AUTHENTICATE **	Normal API key acquired.
***	 AttributespecsGetTest ***
POST 	/app.php/api/attributespecs.json
POST 	/app.php/api/attributespecs.json
GET 	/app.php/api/attributespecs/2.json
GET 	/app.php/api/attributespecs.json
BeforeClass @ CleanTest
/home/ede/NetBeansProjects/JavaCoreTest/hexaa-test
*** Loading Properties ***
*** 80
*** 192.168.203.203
*** tesztAdmin@sztaki.hu
*** 7lrfjlpu5br2vpv1jcaogdz481b28xf7lz85wqmv
OUTPUT>Dropped database for connection named `hexaa`
OUTPUT>Created database for connection named `hexaa`
OUTPUT>Updating database schema...
OUTPUT>Database schema updated successfully! "64" queries were executed
ExitValue: 0
** AUTHENTICATE **	GET 	/app.php/api/principal/self.json
** AUTHENTICATE **	{"code":403,"message":"Forbidden","errors":null}
** AUTHENTICATE **	Getting temporary API key.
** AUTHENTICATE **	Temporary API key acquired.
** AUTHENTICATE **	POST 	/app.php/api/tokens.json
{"fedid":"tesztAdmin@sztaki.hu","token":"887fdecf952cca3243f1ed9fe14ae3f0393da48896aa4a17f33ac915e1a9f816"}
** AUTHENTICATE **	{"fedid":"tesztAdmin@sztaki.hu","token":"887fdecf952cca3243f1ed9fe14ae3f0393da48896aa4a17f33ac915e1a9f816"}
** AUTHENTICATE **	Normal API key acquired.
***	 AttributespecsPutTest ***
POST 	/app.php/api/attributespecs.json
PUT 	/app.php/api/attributespecs/1.json
GET 	/app.php/api/attributespecs/1.json
BeforeClass @ CleanTest
/home/ede/NetBeansProjects/JavaCoreTest/hexaa-test
*** Loading Properties ***
*** 80
*** 192.168.203.203
*** tesztAdmin@sztaki.hu
*** 7lrfjlpu5br2vpv1jcaogdz481b28xf7lz85wqmv
OUTPUT>Dropped database for connection named `hexaa`
OUTPUT>Created database for connection named `hexaa`
OUTPUT>Updating database schema...
OUTPUT>Database schema updated successfully! "64" queries were executed
ExitValue: 0
** AUTHENTICATE **	GET 	/app.php/api/principal/self.json
** AUTHENTICATE **	{"code":403,"message":"Forbidden","errors":null}
** AUTHENTICATE **	Getting temporary API key.
** AUTHENTICATE **	Temporary API key acquired.
** AUTHENTICATE **	POST 	/app.php/api/tokens.json
{"fedid":"tesztAdmin@sztaki.hu","token":"6ab54a8c9e258e32fc781d70ee7e00c56ab7630cefc41bcde40bda192d1fc9b1"}
** AUTHENTICATE **	{"fedid":"tesztAdmin@sztaki.hu","token":"6ab54a8c9e258e32fc781d70ee7e00c56ab7630cefc41bcde40bda192d1fc9b1"}
** AUTHENTICATE **	Normal API key acquired.
***	 OrganizationDeleteTest ***
POST 	/app.php/api/organizations.json
POST 	/app.php/api/organizations.json
DEL 	/app.php/api/organizations/1.json
GET 	/app.php/api/organizations/1.json
GET 	/app.php/api/organizations/2.json
BeforeClass @ CleanTest
/home/ede/NetBeansProjects/JavaCoreTest/hexaa-test
*** Loading Properties ***
*** 80
*** 192.168.203.203
*** tesztAdmin@sztaki.hu
*** 7lrfjlpu5br2vpv1jcaogdz481b28xf7lz85wqmv
OUTPUT>Dropped database for connection named `hexaa`
OUTPUT>Created database for connection named `hexaa`
OUTPUT>Updating database schema...
OUTPUT>Database schema updated successfully! "64" queries were executed
ExitValue: 0
** AUTHENTICATE **	GET 	/app.php/api/principal/self.json
** AUTHENTICATE **	{"code":403,"message":"Forbidden","errors":null}
** AUTHENTICATE **	Getting temporary API key.
** AUTHENTICATE **	Temporary API key acquired.
** AUTHENTICATE **	POST 	/app.php/api/tokens.json
{"fedid":"tesztAdmin@sztaki.hu","token":"b12f6db271bb1841c3f47fbff63381810a5c46bd442583559b9fa640e4f18f00"}
** AUTHENTICATE **	{"fedid":"tesztAdmin@sztaki.hu","token":"b12f6db271bb1841c3f47fbff63381810a5c46bd442583559b9fa640e4f18f00"}
** AUTHENTICATE **	Normal API key acquired.
***	 OrganizationGetTest ***
POST 	/app.php/api/organizations.json
POST 	/app.php/api/organizations.json
GET 	/app.php/api/organizations.json
GET 	/app.php/api/organizations/1.json
GET 	/app.php/api/organizations/2.json
BeforeClass @ CleanTest
/home/ede/NetBeansProjects/JavaCoreTest/hexaa-test
*** Loading Properties ***
*** 80
*** 192.168.203.203
*** tesztAdmin@sztaki.hu
*** 7lrfjlpu5br2vpv1jcaogdz481b28xf7lz85wqmv
OUTPUT>Dropped database for connection named `hexaa`
OUTPUT>Created database for connection named `hexaa`
OUTPUT>Updating database schema...
OUTPUT>Database schema updated successfully! "64" queries were executed
ExitValue: 0
** AUTHENTICATE **	GET 	/app.php/api/principal/self.json
** AUTHENTICATE **	{"code":403,"message":"Forbidden","errors":null}
** AUTHENTICATE **	Getting temporary API key.
** AUTHENTICATE **	Temporary API key acquired.
** AUTHENTICATE **	POST 	/app.php/api/tokens.json
{"fedid":"tesztAdmin@sztaki.hu","token":"9b28e11be8ceea9a12dd20f699dcfb6a944e20f7747ffa4efaa1a7b97335692a"}
** AUTHENTICATE **	{"fedid":"tesztAdmin@sztaki.hu","token":"9b28e11be8ceea9a12dd20f699dcfb6a944e20f7747ffa4efaa1a7b97335692a"}
** AUTHENTICATE **	Normal API key acquired.
***	 OrganizationPutTest ***
POST 	/app.php/api/organizations.json
POST 	/app.php/api/organizations.json
PUT 	/app.php/api/organizations/1.json
GET 	/app.php/api/organizations/1.json
GET 	/app.php/api/organizations/2.json
BeforeClass @ CleanTest
/home/ede/NetBeansProjects/JavaCoreTest/hexaa-test
*** Loading Properties ***
*** 80
*** 192.168.203.203
*** tesztAdmin@sztaki.hu
*** 7lrfjlpu5br2vpv1jcaogdz481b28xf7lz85wqmv
OUTPUT>Dropped database for connection named `hexaa`
OUTPUT>Created database for connection named `hexaa`
OUTPUT>Updating database schema...
OUTPUT>Database schema updated successfully! "64" queries were executed
ExitValue: 0
** AUTHENTICATE **	GET 	/app.php/api/principal/self.json
** AUTHENTICATE **	{"code":403,"message":"Forbidden","errors":null}
** AUTHENTICATE **	Getting temporary API key.
** AUTHENTICATE **	Temporary API key acquired.
** AUTHENTICATE **	POST 	/app.php/api/tokens.json
{"fedid":"tesztAdmin@sztaki.hu","token":"9fb7615fe2ae4bab04c14db64cac1cedc5e35ad024d6a5719b6f1354b4c60c08"}
** AUTHENTICATE **	{"fedid":"tesztAdmin@sztaki.hu","token":"9fb7615fe2ae4bab04c14db64cac1cedc5e35ad024d6a5719b6f1354b4c60c08"}
** AUTHENTICATE **	Normal API key acquired.
***	 OrganizationsManagersAddTest ***
POST 	/app.php/api/organizations.json
POST 	/app.php/api/principals.json
PUT 	/app.php/api/organizations/1/managers/2.json
BeforeClass @ CleanTest
/home/ede/NetBeansProjects/JavaCoreTest/hexaa-test
*** Loading Properties ***
*** 80
*** 192.168.203.203
*** tesztAdmin@sztaki.hu
*** 7lrfjlpu5br2vpv1jcaogdz481b28xf7lz85wqmv
OUTPUT>Dropped database for connection named `hexaa`
OUTPUT>Created database for connection named `hexaa`
OUTPUT>Updating database schema...
OUTPUT>Database schema updated successfully! "64" queries were executed
ExitValue: 0
** AUTHENTICATE **	GET 	/app.php/api/principal/self.json
** AUTHENTICATE **	{"code":403,"message":"Forbidden","errors":null}
** AUTHENTICATE **	Getting temporary API key.
** AUTHENTICATE **	Temporary API key acquired.
** AUTHENTICATE **	POST 	/app.php/api/tokens.json
{"fedid":"tesztAdmin@sztaki.hu","token":"fb8919d3ba93f328168338fb1931bb588ad4b4a938109fdb98ee37da161a257e"}
** AUTHENTICATE **	{"fedid":"tesztAdmin@sztaki.hu","token":"fb8919d3ba93f328168338fb1931bb588ad4b4a938109fdb98ee37da161a257e"}
** AUTHENTICATE **	Normal API key acquired.
***	 OrganizationsMembersAddTest ***
POST 	/app.php/api/organizations.json
POST 	/app.php/api/principals.json
PUT 	/app.php/api/organizations/1/members/2.json
BeforeClass @ CleanTest
/home/ede/NetBeansProjects/JavaCoreTest/hexaa-test
*** Loading Properties ***
*** 80
*** 192.168.203.203
*** tesztAdmin@sztaki.hu
*** 7lrfjlpu5br2vpv1jcaogdz481b28xf7lz85wqmv
OUTPUT>Dropped database for connection named `hexaa`
OUTPUT>Created database for connection named `hexaa`
OUTPUT>Updating database schema...
OUTPUT>Database schema updated successfully! "64" queries were executed
ExitValue: 0
** AUTHENTICATE **	GET 	/app.php/api/principal/self.json
** AUTHENTICATE **	{"code":403,"message":"Forbidden","errors":null}
** AUTHENTICATE **	Getting temporary API key.
** AUTHENTICATE **	Temporary API key acquired.
** AUTHENTICATE **	POST 	/app.php/api/tokens.json
{"fedid":"tesztAdmin@sztaki.hu","token":"a362e1453a15360c4cd7ced805786e210a5f48f45bf697ba307d42b7d7dd9b24"}
** AUTHENTICATE **	{"fedid":"tesztAdmin@sztaki.hu","token":"a362e1453a15360c4cd7ced805786e210a5f48f45bf697ba307d42b7d7dd9b24"}
** AUTHENTICATE **	Normal API key acquired.
***	 PrincipalGetAdmin ***
** AUTHENTICATE **	GET 	/app.php/api/principal/self.json
** AUTHENTICATE **	{"created_at":"2014-09-29T13:44:18+0000","id":1,"fedid":"tesztAdmin@sztaki.hu","display_name":"tesztAdmin@sztaki.hu_name","email":"tesztAdmin@sztaki.hu"}
** AUTHENTICATE **	Getting temporary API key.
** AUTHENTICATE **	Temporary API key acquired.
** AUTHENTICATE **	POST 	/app.php/api/tokens.json
{"fedid":"admin@is.not","token":"3712eab6174b556f75e5ecba7e3b144c92377db921e18e13b7085d2abf1cb5dc"}
** AUTHENTICATE **	{"fedid":"admin@is.not","token":"3712eab6174b556f75e5ecba7e3b144c92377db921e18e13b7085d2abf1cb5dc"}
** AUTHENTICATE **	Normal API key acquired.
GET 	/app.php/api/principal/isadmin.json
** AUTHENTICATE **	GET 	/app.php/api/principal/self.json
** AUTHENTICATE **	{"created_at":"2014-09-29T13:44:18+0000","id":2,"fedid":"admin@is.not","display_name":"admin@is.not_name","email":"admin@is.not"}
** AUTHENTICATE **	Getting temporary API key.
** AUTHENTICATE **	Temporary API key acquired.
** AUTHENTICATE **	POST 	/app.php/api/tokens.json
{"fedid":"tesztAdmin@sztaki.hu","token":"a362e1453a15360c4cd7ced805786e210a5f48f45bf697ba307d42b7d7dd9b24"}
** AUTHENTICATE **	{"fedid":"tesztAdmin@sztaki.hu","token":"a362e1453a15360c4cd7ced805786e210a5f48f45bf697ba307d42b7d7dd9b24"}
** AUTHENTICATE **	Normal API key acquired.
GET 	/app.php/api/principal/isadmin.json
BeforeClass @ CleanTest
/home/ede/NetBeansProjects/JavaCoreTest/hexaa-test
*** Loading Properties ***
*** 80
*** 192.168.203.203
*** tesztAdmin@sztaki.hu
*** 7lrfjlpu5br2vpv1jcaogdz481b28xf7lz85wqmv
OUTPUT>Dropped database for connection named `hexaa`
OUTPUT>Created database for connection named `hexaa`
OUTPUT>Updating database schema...
OUTPUT>Database schema updated successfully! "64" queries were executed
ExitValue: 0
** AUTHENTICATE **	GET 	/app.php/api/principal/self.json
** AUTHENTICATE **	{"code":403,"message":"Forbidden","errors":null}
** AUTHENTICATE **	Getting temporary API key.
** AUTHENTICATE **	Temporary API key acquired.
** AUTHENTICATE **	POST 	/app.php/api/tokens.json
{"fedid":"tesztAdmin@sztaki.hu","token":"d0dd2a715a77dae83114cda24b03a671fb43f076fd7228f885c4ad3de179347c"}
** AUTHENTICATE **	{"fedid":"tesztAdmin@sztaki.hu","token":"d0dd2a715a77dae83114cda24b03a671fb43f076fd7228f885c4ad3de179347c"}
** AUTHENTICATE **	Normal API key acquired.
***	 PrincipalGetTest ***
GET 	/app.php/api/principal/self.json
GET 	/app.php/api/principals.json
GET 	/app.php/api/principals/tesztAdmin@sztaki.hu/fedid.json
GET 	/app.php/api/principals/1/id.json
BeforeClass @ CleanTest
/home/ede/NetBeansProjects/JavaCoreTest/hexaa-test
*** Loading Properties ***
*** 80
*** 192.168.203.203
*** tesztAdmin@sztaki.hu
*** 7lrfjlpu5br2vpv1jcaogdz481b28xf7lz85wqmv
OUTPUT>Dropped database for connection named `hexaa`
OUTPUT>Created database for connection named `hexaa`
OUTPUT>Updating database schema...
OUTPUT>Database schema updated successfully! "64" queries were executed
ExitValue: 0
** AUTHENTICATE **	GET 	/app.php/api/principal/self.json
** AUTHENTICATE **	{"code":403,"message":"Forbidden","errors":null}
** AUTHENTICATE **	Getting temporary API key.
** AUTHENTICATE **	Temporary API key acquired.
** AUTHENTICATE **	POST 	/app.php/api/tokens.json
{"fedid":"tesztAdmin@sztaki.hu","token":"8af7f5a0b1b75580a54ff3583e0d5ba1c79dbc3df2293de161bb5a56ad78b427"}
** AUTHENTICATE **	{"fedid":"tesztAdmin@sztaki.hu","token":"8af7f5a0b1b75580a54ff3583e0d5ba1c79dbc3df2293de161bb5a56ad78b427"}
** AUTHENTICATE **	Normal API key acquired.
***	 PrincipalsDeleteSelfTest ***
** AUTHENTICATE **	GET 	/app.php/api/principal/self.json
** AUTHENTICATE **	{"created_at":"2014-09-29T13:44:27+0000","id":1,"fedid":"tesztAdmin@sztaki.hu","display_name":"tesztAdmin@sztaki.hu_name","email":"tesztAdmin@sztaki.hu"}
** AUTHENTICATE **	Getting temporary API key.
** AUTHENTICATE **	Temporary API key acquired.
** AUTHENTICATE **	POST 	/app.php/api/tokens.json
{"fedid":"testPrincipal@something.test","token":"32b0f5cd3f5c4091ec7b3ed587005ab5f14f26df79488f3cefb63acb7c11c0b9"}
** AUTHENTICATE **	{"fedid":"testPrincipal@something.test","token":"32b0f5cd3f5c4091ec7b3ed587005ab5f14f26df79488f3cefb63acb7c11c0b9"}
** AUTHENTICATE **	Normal API key acquired.
GET 	/app.php/api/principal/self.json
DEL 	/app.php/api/principal.json
GET 	/app.php/api/principal/self.json
** AUTHENTICATE **	GET 	/app.php/api/principal/self.json
** AUTHENTICATE **	{"code":403,"message":"Forbidden","errors":null}
** AUTHENTICATE **	Getting temporary API key.
** AUTHENTICATE **	Temporary API key acquired.
** AUTHENTICATE **	POST 	/app.php/api/tokens.json
{"fedid":"tesztAdmin@sztaki.hu","token":"8af7f5a0b1b75580a54ff3583e0d5ba1c79dbc3df2293de161bb5a56ad78b427"}
** AUTHENTICATE **	{"fedid":"tesztAdmin@sztaki.hu","token":"8af7f5a0b1b75580a54ff3583e0d5ba1c79dbc3df2293de161bb5a56ad78b427"}
** AUTHENTICATE **	Normal API key acquired.
GET 	/app.php/api/principals.json
BeforeClass @ CleanTest
/home/ede/NetBeansProjects/JavaCoreTest/hexaa-test
*** Loading Properties ***
*** 80
*** 192.168.203.203
*** tesztAdmin@sztaki.hu
*** 7lrfjlpu5br2vpv1jcaogdz481b28xf7lz85wqmv
OUTPUT>Dropped database for connection named `hexaa`
OUTPUT>Created database for connection named `hexaa`
OUTPUT>Updating database schema...
OUTPUT>Database schema updated successfully! "64" queries were executed
ExitValue: 0
** AUTHENTICATE **	GET 	/app.php/api/principal/self.json
** AUTHENTICATE **	{"code":403,"message":"Forbidden","errors":null}
** AUTHENTICATE **	Getting temporary API key.
** AUTHENTICATE **	Temporary API key acquired.
** AUTHENTICATE **	POST 	/app.php/api/tokens.json
{"fedid":"tesztAdmin@sztaki.hu","token":"79e15ed4b921989b62efa33a8f5bd60653e39e20e0537a9f40d85fb6c1ed9a1a"}
** AUTHENTICATE **	{"fedid":"tesztAdmin@sztaki.hu","token":"79e15ed4b921989b62efa33a8f5bd60653e39e20e0537a9f40d85fb6c1ed9a1a"}
** AUTHENTICATE **	Normal API key acquired.
***	 PrincipalsDeleteTest ***
POST 	/app.php/api/principals.json
DEL 	/app.php/api/principals/testPrincipal/fedid.json
POST 	/app.php/api/principals.json
DEL 	/app.php/api/principals/3/id.json
BeforeClass @ CleanTest
/home/ede/NetBeansProjects/JavaCoreTest/hexaa-test
*** Loading Properties ***
*** 80
*** 192.168.203.203
*** tesztAdmin@sztaki.hu
*** 7lrfjlpu5br2vpv1jcaogdz481b28xf7lz85wqmv
OUTPUT>Dropped database for connection named `hexaa`
OUTPUT>Created database for connection named `hexaa`
OUTPUT>Updating database schema...
OUTPUT>Database schema updated successfully! "64" queries were executed
ExitValue: 0
** AUTHENTICATE **	GET 	/app.php/api/principal/self.json
** AUTHENTICATE **	{"code":403,"message":"Forbidden","errors":null}
** AUTHENTICATE **	Getting temporary API key.
** AUTHENTICATE **	Temporary API key acquired.
** AUTHENTICATE **	POST 	/app.php/api/tokens.json
{"fedid":"tesztAdmin@sztaki.hu","token":"835772114a865f1be78e20ecdba67f2fcb374cbee30ccbb45edee23d7f0e1ea5"}
** AUTHENTICATE **	{"fedid":"tesztAdmin@sztaki.hu","token":"835772114a865f1be78e20ecdba67f2fcb374cbee30ccbb45edee23d7f0e1ea5"}
** AUTHENTICATE **	Normal API key acquired.
***	 PrincipalsManagerGetOrganizationsTest ***
POST 	/app.php/api/organizations.json
GET 	/app.php/api/manager/organizations.json
BeforeClass @ CleanTest
/home/ede/NetBeansProjects/JavaCoreTest/hexaa-test
*** Loading Properties ***
*** 80
*** 192.168.203.203
*** tesztAdmin@sztaki.hu
*** 7lrfjlpu5br2vpv1jcaogdz481b28xf7lz85wqmv
OUTPUT>Dropped database for connection named `hexaa`
OUTPUT>Created database for connection named `hexaa`
OUTPUT>Updating database schema...
OUTPUT>Database schema updated successfully! "64" queries were executed
ExitValue: 0
** AUTHENTICATE **	GET 	/app.php/api/principal/self.json
** AUTHENTICATE **	{"code":403,"message":"Forbidden","errors":null}
** AUTHENTICATE **	Getting temporary API key.
** AUTHENTICATE **	Temporary API key acquired.
** AUTHENTICATE **	POST 	/app.php/api/tokens.json
{"fedid":"tesztAdmin@sztaki.hu","token":"9fed9424f6cab810f9ceac8e3ed59193edda4b72ce32130ad08bbe1306350481"}
** AUTHENTICATE **	{"fedid":"tesztAdmin@sztaki.hu","token":"9fed9424f6cab810f9ceac8e3ed59193edda4b72ce32130ad08bbe1306350481"}
** AUTHENTICATE **	Normal API key acquired.
***	 PrincipalsManagerGetServicesTest ***
GET 	/app.php/api/entityids.json
POST 	/app.php/api/services.json
GET 	/app.php/api/manager/services.json
BeforeClass @ CleanTest
/home/ede/NetBeansProjects/JavaCoreTest/hexaa-test
*** Loading Properties ***
*** 80
*** 192.168.203.203
*** tesztAdmin@sztaki.hu
*** 7lrfjlpu5br2vpv1jcaogdz481b28xf7lz85wqmv
OUTPUT>Dropped database for connection named `hexaa`
OUTPUT>Created database for connection named `hexaa`
OUTPUT>Updating database schema...
OUTPUT>Database schema updated successfully! "64" queries were executed
ExitValue: 0
** AUTHENTICATE **	GET 	/app.php/api/principal/self.json
** AUTHENTICATE **	{"code":403,"message":"Forbidden","errors":null}
** AUTHENTICATE **	Getting temporary API key.
** AUTHENTICATE **	Temporary API key acquired.
** AUTHENTICATE **	POST 	/app.php/api/tokens.json
{"fedid":"tesztAdmin@sztaki.hu","token":"1b9c819bb7372aa24082f7ad26a0f4bc594e940854cd9b9022360f620d126075"}
** AUTHENTICATE **	{"fedid":"tesztAdmin@sztaki.hu","token":"1b9c819bb7372aa24082f7ad26a0f4bc594e940854cd9b9022360f620d126075"}
** AUTHENTICATE **	Normal API key acquired.
***	 PrincipalsMemeberGetOrganizationsTest ***
POST 	/app.php/api/organizations.json
GET 	/app.php/api/member/organizations.json
BeforeClass @ CleanTest
/home/ede/NetBeansProjects/JavaCoreTest/hexaa-test
*** Loading Properties ***
*** 80
*** 192.168.203.203
*** tesztAdmin@sztaki.hu
*** 7lrfjlpu5br2vpv1jcaogdz481b28xf7lz85wqmv
OUTPUT>Dropped database for connection named `hexaa`
OUTPUT>Created database for connection named `hexaa`
OUTPUT>Updating database schema...
OUTPUT>Database schema updated successfully! "64" queries were executed
ExitValue: 0
** AUTHENTICATE **	GET 	/app.php/api/principal/self.json
** AUTHENTICATE **	{"code":403,"message":"Forbidden","errors":null}
** AUTHENTICATE **	Getting temporary API key.
** AUTHENTICATE **	Temporary API key acquired.
** AUTHENTICATE **	POST 	/app.php/api/tokens.json
{"fedid":"tesztAdmin@sztaki.hu","token":"8d13fc62cbf0c7e09470b3ed49eed8206ae82f75c59539aeb7feb510bb2f091e"}
** AUTHENTICATE **	{"fedid":"tesztAdmin@sztaki.hu","token":"8d13fc62cbf0c7e09470b3ed49eed8206ae82f75c59539aeb7feb510bb2f091e"}
** AUTHENTICATE **	Normal API key acquired.
***	 RolesPostTest ***
POST 	/app.php/api/organizations.json
POST 	/app.php/api/organizations/1/roles.json
BeforeClass @ CleanTest
/home/ede/NetBeansProjects/JavaCoreTest/hexaa-test
*** Loading Properties ***
*** 80
*** 192.168.203.203
*** tesztAdmin@sztaki.hu
*** 7lrfjlpu5br2vpv1jcaogdz481b28xf7lz85wqmv
OUTPUT>Dropped database for connection named `hexaa`
OUTPUT>Created database for connection named `hexaa`
OUTPUT>Updating database schema...
OUTPUT>Database schema updated successfully! "64" queries were executed
ExitValue: 0
** AUTHENTICATE **	GET 	/app.php/api/principal/self.json
** AUTHENTICATE **	{"code":403,"message":"Forbidden","errors":null}
** AUTHENTICATE **	Getting temporary API key.
** AUTHENTICATE **	Temporary API key acquired.
** AUTHENTICATE **	POST 	/app.php/api/tokens.json
{"fedid":"tesztAdmin@sztaki.hu","token":"68875bf11aa7d92ab78ede1e2162b07d769af08f7a93a928127bde0249ec49ab"}
** AUTHENTICATE **	{"fedid":"tesztAdmin@sztaki.hu","token":"68875bf11aa7d92ab78ede1e2162b07d769af08f7a93a928127bde0249ec49ab"}
** AUTHENTICATE **	Normal API key acquired.
***	 ServicesDeleteTest ***
GET 	/app.php/api/entityids.json
POST 	/app.php/api/services.json
POST 	/app.php/api/services.json
DEL 	/app.php/api/services/1.json
GET 	/app.php/api/services.json
BeforeClass @ CleanTest
/home/ede/NetBeansProjects/JavaCoreTest/hexaa-test
*** Loading Properties ***
*** 80
*** 192.168.203.203
*** tesztAdmin@sztaki.hu
*** 7lrfjlpu5br2vpv1jcaogdz481b28xf7lz85wqmv
OUTPUT>Dropped database for connection named `hexaa`
OUTPUT>Created database for connection named `hexaa`
OUTPUT>Updating database schema...
OUTPUT>Database schema updated successfully! "64" queries were executed
ExitValue: 0
** AUTHENTICATE **	GET 	/app.php/api/principal/self.json
** AUTHENTICATE **	{"code":403,"message":"Forbidden","errors":null}
** AUTHENTICATE **	Getting temporary API key.
** AUTHENTICATE **	Temporary API key acquired.
** AUTHENTICATE **	POST 	/app.php/api/tokens.json
{"fedid":"tesztAdmin@sztaki.hu","token":"c65c3ff91e61ac3062b794566b4a64a1a43e4715ac5ae17ef6fb9b98e1f2940d"}
** AUTHENTICATE **	{"fedid":"tesztAdmin@sztaki.hu","token":"c65c3ff91e61ac3062b794566b4a64a1a43e4715ac5ae17ef6fb9b98e1f2940d"}
** AUTHENTICATE **	Normal API key acquired.
***	 ServicesGetTest ***
GET 	/app.php/api/entityids.json
POST 	/app.php/api/services.json
POST 	/app.php/api/services.json
GET 	/app.php/api/services.json
GET 	/app.php/api/services/1.json
GET 	/app.php/api/services/2.json
GET 	/app.php/api/services.json
BeforeClass @ CleanTest
/home/ede/NetBeansProjects/JavaCoreTest/hexaa-test
*** Loading Properties ***
*** 80
*** 192.168.203.203
*** tesztAdmin@sztaki.hu
*** 7lrfjlpu5br2vpv1jcaogdz481b28xf7lz85wqmv
OUTPUT>Dropped database for connection named `hexaa`
OUTPUT>Created database for connection named `hexaa`
OUTPUT>Updating database schema...
OUTPUT>Database schema updated successfully! "64" queries were executed
ExitValue: 0
** AUTHENTICATE **	GET 	/app.php/api/principal/self.json
** AUTHENTICATE **	{"code":403,"message":"Forbidden","errors":null}
** AUTHENTICATE **	Getting temporary API key.
** AUTHENTICATE **	Temporary API key acquired.
** AUTHENTICATE **	POST 	/app.php/api/tokens.json
{"fedid":"tesztAdmin@sztaki.hu","token":"777d310c380630cc7f0cfc165323ef955bee3fb31b1b1e23b86b96536af82711"}
** AUTHENTICATE **	{"fedid":"tesztAdmin@sztaki.hu","token":"777d310c380630cc7f0cfc165323ef955bee3fb31b1b1e23b86b96536af82711"}
** AUTHENTICATE **	Normal API key acquired.
***	 ServicesPutTest ***
GET 	/app.php/api/entityids.json
POST 	/app.php/api/services.json
POST 	/app.php/api/services.json
PUT 	/app.php/api/services/1.json
GET 	/app.php/api/services.json
BeforeClass @ CleanTest
/home/ede/NetBeansProjects/JavaCoreTest/hexaa-test
*** Loading Properties ***
*** 80
*** 192.168.203.203
*** tesztAdmin@sztaki.hu
*** 7lrfjlpu5br2vpv1jcaogdz481b28xf7lz85wqmv
OUTPUT>Dropped database for connection named `hexaa`
OUTPUT>Created database for connection named `hexaa`
OUTPUT>Updating database schema...
OUTPUT>Database schema updated successfully! "64" queries were executed
ExitValue: 0
** AUTHENTICATE **	GET 	/app.php/api/principal/self.json
** AUTHENTICATE **	{"code":403,"message":"Forbidden","errors":null}
** AUTHENTICATE **	Getting temporary API key.
** AUTHENTICATE **	Temporary API key acquired.
** AUTHENTICATE **	POST 	/app.php/api/tokens.json
{"fedid":"tesztAdmin@sztaki.hu","token":"e81340032885146f01c07ab123ccca334213a4ee6932497676d942ea6c6fc8da"}
** AUTHENTICATE **	{"fedid":"tesztAdmin@sztaki.hu","token":"e81340032885146f01c07ab123ccca334213a4ee6932497676d942ea6c6fc8da"}
** AUTHENTICATE **	Normal API key acquired.
***	 ServicesAttributespecsAddTest ***
GET 	/app.php/api/entityids.json
POST 	/app.php/api/services.json
POST 	/app.php/api/services.json
POST 	/app.php/api/attributespecs.json
POST 	/app.php/api/attributespecs.json
PUT 	/app.php/api/services/1/attributespecs/1.json
GET 	/app.php/api/services/1/attributespecs.json
PUT 	/app.php/api/services/1/attributespecs/2.json
GET 	/app.php/api/services/1/attributespecs.json
GET 	/app.php/api/services/1/attributespecs.json
GET 	/app.php/api/services/2/attributespecs.json
BeforeClass @ CleanTest
/home/ede/NetBeansProjects/JavaCoreTest/hexaa-test
*** Loading Properties ***
*** 80
*** 192.168.203.203
*** tesztAdmin@sztaki.hu
*** 7lrfjlpu5br2vpv1jcaogdz481b28xf7lz85wqmv
OUTPUT>Dropped database for connection named `hexaa`
OUTPUT>Created database for connection named `hexaa`
OUTPUT>Updating database schema...
OUTPUT>Database schema updated successfully! "64" queries were executed
ExitValue: 0
** AUTHENTICATE **	GET 	/app.php/api/principal/self.json
** AUTHENTICATE **	{"code":403,"message":"Forbidden","errors":null}
** AUTHENTICATE **	Getting temporary API key.
** AUTHENTICATE **	Temporary API key acquired.
** AUTHENTICATE **	POST 	/app.php/api/tokens.json
{"fedid":"tesztAdmin@sztaki.hu","token":"ce1622b99dab94617c6e65e084e7eaab388f1c4e7f8de15021d9e630e27a9b70"}
** AUTHENTICATE **	{"fedid":"tesztAdmin@sztaki.hu","token":"ce1622b99dab94617c6e65e084e7eaab388f1c4e7f8de15021d9e630e27a9b70"}
** AUTHENTICATE **	Normal API key acquired.
GET 	/app.php/api/entityids.json
POST 	/app.php/api/services.json
POST 	/app.php/api/services.json
***	 ServicesEntitlementpacksPostTest ***
POST 	/app.php/api/services/1/entitlementpacks.json
POST 	/app.php/api/services/1/entitlementpacks.json
GET 	/app.php/api/services/1/entitlementpacks.json
BeforeClass @ CleanTest
/home/ede/NetBeansProjects/JavaCoreTest/hexaa-test
*** Loading Properties ***
*** 80
*** 192.168.203.203
*** tesztAdmin@sztaki.hu
*** 7lrfjlpu5br2vpv1jcaogdz481b28xf7lz85wqmv
OUTPUT>Dropped database for connection named `hexaa`
OUTPUT>Created database for connection named `hexaa`
OUTPUT>Updating database schema...
OUTPUT>Database schema updated successfully! "64" queries were executed
ExitValue: 0
** AUTHENTICATE **	GET 	/app.php/api/principal/self.json
** AUTHENTICATE **	{"code":403,"message":"Forbidden","errors":null}
** AUTHENTICATE **	Getting temporary API key.
** AUTHENTICATE **	Temporary API key acquired.
** AUTHENTICATE **	POST 	/app.php/api/tokens.json
{"fedid":"tesztAdmin@sztaki.hu","token":"76e921a4980445aa1d7d5a1df90dd6f1ec448ee2b71497f416a80d4e180bdf36"}
** AUTHENTICATE **	{"fedid":"tesztAdmin@sztaki.hu","token":"76e921a4980445aa1d7d5a1df90dd6f1ec448ee2b71497f416a80d4e180bdf36"}
** AUTHENTICATE **	Normal API key acquired.
***	 ServicesEntitlementsPostTest ***
GET 	/app.php/api/entityids.json
POST 	/app.php/api/services.json
POST 	/app.php/api/services.json
POST 	/app.php/api/services/1/entitlements.json
POST 	/app.php/api/services/1/entitlements.json
GET 	/app.php/api/services/1/entitlements.json
]]></system-out>
  <system-err><![CDATA[]]></system-err>
</testsuite>
