<?xml version="1.0" encoding="UTF-8" ?>
<testsuite errors="0" failures="0" hostname="banat" name="sztaki.hexaa.httputility.leveledtests.LevelFourTestSuite" skipped="0" tests="20" time="101.102" timestamp="2014-10-06T13:44:12">
  <properties>
[...]
</properties>
  <testcase classname="sztaki.hexaa.httputility.apicalls.attributevalueprincipals.AttributevalueprincipalsDeleteTest" name="testAttributevalueprincipalsDelete" time="0.284" />
  <testcase classname="sztaki.hexaa.httputility.apicalls.attributevalueorganizations.AttributevalueorganizationsDeleteTest" name="testAttributevalueorganizationsDelete" time="0.281" />
  <testcase classname="sztaki.hexaa.httputility.apicalls.entitlementpacks.entitlements.EntitlementpacksGetEntitlementsTest" name="testEntitlementpacksGetEntitlements" time="0.622" />
  <testcase classname="sztaki.hexaa.httputility.apicalls.entitlementpacks.entitlements.EntitlementpacksRemoveEntitlementsTest" name="testEntitlementpacksRemoveEntitlements" time="0.62" />
  <testcase classname="sztaki.hexaa.httputility.apicalls.organizations.attributes.OrganizationsAttributesGet" name="testOrganizationsAttributespecsGet" time="0.162" />
  <testcase classname="sztaki.hexaa.httputility.apicalls.organizations.attributes.OrganizationsAttributesGet" name="testOrganizationsAttributevaluesBySpecsGet" time="0.167" />
  <testcase classname="sztaki.hexaa.httputility.apicalls.organizations.attributes.OrganizationsAttributesGet" name="testOrganizationsAllAttributevalues" time="0.166" />
  <testcase classname="sztaki.hexaa.httputility.apicalls.organizations.entitlementpacks.OrganizationEntitlementpacksAcceptTest" name="testOrganizationEntitlementpacksAccept" time="0.64" />
  <testcase classname="sztaki.hexaa.httputility.apicalls.organizations.entitlementpacks.OrganizationEntitlementpacksTokenTest" name="testOrganizationEntitlementpacksPut" time="0.468" />
  <testcase classname="sztaki.hexaa.httputility.apicalls.principals.PrincipalsAttributevaluesGetTest" name="testPrincipalGetAttributevalues" time="0.146" />
  <testcase classname="sztaki.hexaa.httputility.apicalls.principals.PrincipalsAttributevaluesGetTest" name="testPrincipalsGetAttributevalueBySpec" time="0.183" />
  <testcase classname="sztaki.hexaa.httputility.apicalls.principals.PrincipalsRoleGetTest" name="testPrincipalRolesGet" time="0.155" />
  <testcase classname="sztaki.hexaa.httputility.apicalls.principals.PrincipalsAttributespecsPrivateGetTest" name="testPrincipalGetPrivateAttributespecs" time="0.171" />
  <testcase classname="sztaki.hexaa.httputility.apicalls.principals.PrincipalsEntitlementsGetTest" name="testPrincipalGetEntitlements" time="0.159" />
  <testcase classname="sztaki.hexaa.httputility.apicalls.roles.entitlements.RolesEntitlementsAddTest" name="testRolesEntitlementsAdd" time="0.966" />
  <testcase classname="sztaki.hexaa.httputility.apicalls.roles.principals.RolesPrincipalsRemoveTest" name="testRolesPrincipalRemove" time="0.299" />
  <testcase classname="sztaki.hexaa.httputility.apicalls.roles.principals.RolesPrincipalsGetTest" name="testRolesPrincipalGet" time="0.144" />
  <testcase classname="sztaki.hexaa.httputility.apicalls.services.organizations.ServicesOrganizationsGetTest" name="testServicesOrganizationsGet" time="0.157" />
  <testcase classname="sztaki.hexaa.httputility.apicalls.services.managers.ServicesManagersRemoveTest" name="testServicesManagersRemove" time="0.47" />
  <testcase classname="sztaki.hexaa.httputility.apicalls.services.managers.ServicesManagersGetTest" name="testServicesManagersGet" time="0.286" />
  <system-out><![CDATA[BeforeClass @ CleanTest
/home/ede/NetBeansProjects/JavaCoreTest/hexaa-test
*** Loading Properties ***
*** 80
*** 192.168.203.203
*** tesztAdmin@sztaki.hu
*** 7lrfjlpu5br2vpv1jcaogdz481b28xf7lz85wqmv
OUTPUT>Could not open input file: app/console
OUTPUT>Dropped database for connection named `hexaa`
OUTPUT>Created database for connection named `hexaa`
OUTPUT>Updating database schema...
OUTPUT>Database schema updated successfully! "64" queries were executed
ExitValue: 0
** AUTHENTICATE **	GET 	/app.php/api/principal/self.json
** AUTHENTICATE **	{"code":403,"message":"Forbidden","errors":null}
** AUTHENTICATE **	Getting temporary API key.
** AUTHENTICATE **	Temporary API key acquired.
** AUTHENTICATE **	POST 	/app.php/api/tokens.json
{"fedid":"tesztAdmin@sztaki.hu","token":"91bdb6b7a38158f6e3a6364e83e6cd5259c58d146ed416858d2146930fdf53ba"}
** AUTHENTICATE **	{"fedid":"tesztAdmin@sztaki.hu","token":"91bdb6b7a38158f6e3a6364e83e6cd5259c58d146ed416858d2146930fdf53ba"}
** AUTHENTICATE **	Normal API key acquired.
***	 AttributevalueprincipalsDeleteTest ***
POST 	/app.php/api/principals.json
HTTP/1.1 201 Created
POST 	/app.php/api/attributespecs.json
HTTP/1.1 201 Created
POST 	/app.php/api/attributevalueprincipals.json
HTTP/1.1 201 Created
DEL 	/app.php/api/attributevalueprincipals/1.json
GET 	/app.php/api/attributevalueprincipals/1.json
BeforeClass @ CleanTest
/home/ede/NetBeansProjects/JavaCoreTest/hexaa-test
*** Loading Properties ***
*** 80
*** 192.168.203.203
*** tesztAdmin@sztaki.hu
*** 7lrfjlpu5br2vpv1jcaogdz481b28xf7lz85wqmv
OUTPUT>Could not open input file: app/console
OUTPUT>Dropped database for connection named `hexaa`
OUTPUT>Created database for connection named `hexaa`
OUTPUT>Updating database schema...
OUTPUT>Database schema updated successfully! "64" queries were executed
ExitValue: 0
** AUTHENTICATE **	GET 	/app.php/api/principal/self.json
** AUTHENTICATE **	{"code":403,"message":"Forbidden","errors":null}
** AUTHENTICATE **	Getting temporary API key.
** AUTHENTICATE **	Temporary API key acquired.
** AUTHENTICATE **	POST 	/app.php/api/tokens.json
{"fedid":"tesztAdmin@sztaki.hu","token":"baa2613d35319c6d0558f0f23da81c792f4fd4420f44aa1feed7f8d5c1baf7de"}
** AUTHENTICATE **	{"fedid":"tesztAdmin@sztaki.hu","token":"baa2613d35319c6d0558f0f23da81c792f4fd4420f44aa1feed7f8d5c1baf7de"}
** AUTHENTICATE **	Normal API key acquired.
***	 AttributevalueorganizationsDeleteTest ***
POST 	/app.php/api/organizations.json
POST 	/app.php/api/attributespecs.json
POST 	/app.php/api/attributevalueorganizations.json
DEL 	/app.php/api/attributevalueorganizations/1.json
GET 	/app.php/api/attributevalueorganizations/1.json
BeforeClass @ CleanTest
/home/ede/NetBeansProjects/JavaCoreTest/hexaa-test
*** Loading Properties ***
*** 80
*** 192.168.203.203
*** tesztAdmin@sztaki.hu
*** 7lrfjlpu5br2vpv1jcaogdz481b28xf7lz85wqmv
OUTPUT>Could not open input file: app/console
OUTPUT>Dropped database for connection named `hexaa`
OUTPUT>Created database for connection named `hexaa`
OUTPUT>Updating database schema...
OUTPUT>Database schema updated successfully! "64" queries were executed
ExitValue: 0
** AUTHENTICATE **	GET 	/app.php/api/principal/self.json
** AUTHENTICATE **	{"code":403,"message":"Forbidden","errors":null}
** AUTHENTICATE **	Getting temporary API key.
** AUTHENTICATE **	Temporary API key acquired.
** AUTHENTICATE **	POST 	/app.php/api/tokens.json
{"fedid":"tesztAdmin@sztaki.hu","token":"b80543d3e4034268ac5848d19e32005e9a708eaf265e2ffd8a52571805b07028"}
** AUTHENTICATE **	{"fedid":"tesztAdmin@sztaki.hu","token":"b80543d3e4034268ac5848d19e32005e9a708eaf265e2ffd8a52571805b07028"}
** AUTHENTICATE **	Normal API key acquired.
***	 EntitlementpacksGetEntitlementsTest ***
GET 	/app.php/api/entityids.json
POST 	/app.php/api/services.json
POST 	/app.php/api/services/1/entitlements.json
POST 	/app.php/api/services/1/entitlements.json
POST 	/app.php/api/services/1/entitlementpacks.json
POST 	/app.php/api/services/1/entitlementpacks.json
PUT 	/app.php/api/entitlementpacks/1/entitlements/1.json
PUT 	/app.php/api/entitlementpacks/1/entitlements/2.json
PUT 	/app.php/api/entitlementpacks/2/entitlements/1.json
GET 	/app.php/api/entitlementpacks/1/entitlements.json
GET 	/app.php/api/entitlementpacks/2/entitlements.json
BeforeClass @ CleanTest
/home/ede/NetBeansProjects/JavaCoreTest/hexaa-test
*** Loading Properties ***
*** 80
*** 192.168.203.203
*** tesztAdmin@sztaki.hu
*** 7lrfjlpu5br2vpv1jcaogdz481b28xf7lz85wqmv
OUTPUT>Could not open input file: app/console
OUTPUT>Dropped database for connection named `hexaa`
OUTPUT>Created database for connection named `hexaa`
OUTPUT>Updating database schema...
OUTPUT>Database schema updated successfully! "64" queries were executed
ExitValue: 0
** AUTHENTICATE **	GET 	/app.php/api/principal/self.json
** AUTHENTICATE **	{"code":403,"message":"Forbidden","errors":null}
** AUTHENTICATE **	Getting temporary API key.
** AUTHENTICATE **	Temporary API key acquired.
** AUTHENTICATE **	POST 	/app.php/api/tokens.json
{"fedid":"tesztAdmin@sztaki.hu","token":"29bf9a718d2dccc10adfb3e7dc3c52ea25e0e6ea370d9250bf3cdb96396f57cb"}
** AUTHENTICATE **	{"fedid":"tesztAdmin@sztaki.hu","token":"29bf9a718d2dccc10adfb3e7dc3c52ea25e0e6ea370d9250bf3cdb96396f57cb"}
** AUTHENTICATE **	Normal API key acquired.
***	 EntitlementpacksRemoveEntitlementsTest ***
GET 	/app.php/api/entityids.json
POST 	/app.php/api/services.json
POST 	/app.php/api/services/1/entitlements.json
POST 	/app.php/api/services/1/entitlements.json
POST 	/app.php/api/services/1/entitlementpacks.json
POST 	/app.php/api/services/1/entitlementpacks.json
PUT 	/app.php/api/entitlementpacks/1/entitlements/1.json
PUT 	/app.php/api/entitlementpacks/1/entitlements/2.json
PUT 	/app.php/api/entitlementpacks/2/entitlements/1.json
DEL 	/app.php/api/entitlementpacks/1/entitlements/1.json
DEL 	/app.php/api/entitlementpacks/2/entitlements/1.json
GET 	/app.php/api/entitlementpacks/1/entitlements.json
GET 	/app.php/api/entitlementpacks/2/entitlements.json
BeforeClass @ CleanTest
/home/ede/NetBeansProjects/JavaCoreTest/hexaa-test
*** Loading Properties ***
*** 80
*** 192.168.203.203
*** tesztAdmin@sztaki.hu
*** 7lrfjlpu5br2vpv1jcaogdz481b28xf7lz85wqmv
OUTPUT>Could not open input file: app/console
OUTPUT>Dropped database for connection named `hexaa`
OUTPUT>Created database for connection named `hexaa`
OUTPUT>Updating database schema...
OUTPUT>Database schema updated successfully! "64" queries were executed
ExitValue: 0
** AUTHENTICATE **	GET 	/app.php/api/principal/self.json
** AUTHENTICATE **	{"code":403,"message":"Forbidden","errors":null}
** AUTHENTICATE **	Getting temporary API key.
** AUTHENTICATE **	Temporary API key acquired.
** AUTHENTICATE **	POST 	/app.php/api/tokens.json
{"fedid":"tesztAdmin@sztaki.hu","token":"2eb8aa4ab5e17248342579f009bbc9199d0e68bbfc7556348227bc05de0b2b21"}
** AUTHENTICATE **	{"fedid":"tesztAdmin@sztaki.hu","token":"2eb8aa4ab5e17248342579f009bbc9199d0e68bbfc7556348227bc05de0b2b21"}
** AUTHENTICATE **	Normal API key acquired.
***	 OrganizationsAttributesGet ***
POST 	/app.php/api/organizations.json
POST 	/app.php/api/attributespecs.json
POST 	/app.php/api/attributespecs.json
GET 	/app.php/api/entityids.json
POST 	/app.php/api/services.json
POST 	/app.php/api/services/1/entitlementpacks.json
PUT 	/app.php/api/services/1/attributespecs/1.json
PUT 	/app.php/api/services/1/attributespecs/2.json
PUT 	/app.php/api/organizations/1/entitlementpacks/1.json
PUT 	/app.php/api/organizations/1/entitlementpacks/1/accept.json
POST 	/app.php/api/attributevalueorganizations.json
POST 	/app.php/api/attributevalueorganizations.json
GET 	/app.php/api/organizations/1/attributespecs.json
GET 	/app.php/api/organizations/1/attributespecs/1/attributevalueorganizations.json
GET 	/app.php/api/organizations/1/attributevalueorganization.json
BeforeClass @ CleanTest
/home/ede/NetBeansProjects/JavaCoreTest/hexaa-test
*** Loading Properties ***
*** 80
*** 192.168.203.203
*** tesztAdmin@sztaki.hu
*** 7lrfjlpu5br2vpv1jcaogdz481b28xf7lz85wqmv
OUTPUT>Could not open input file: app/console
OUTPUT>Dropped database for connection named `hexaa`
OUTPUT>Created database for connection named `hexaa`
OUTPUT>Updating database schema...
OUTPUT>Database schema updated successfully! "64" queries were executed
ExitValue: 0
** AUTHENTICATE **	GET 	/app.php/api/principal/self.json
** AUTHENTICATE **	{"code":403,"message":"Forbidden","errors":null}
** AUTHENTICATE **	Getting temporary API key.
** AUTHENTICATE **	Temporary API key acquired.
** AUTHENTICATE **	POST 	/app.php/api/tokens.json
{"fedid":"tesztAdmin@sztaki.hu","token":"68761a0441d21d30c20ae49b2e1b4acef16ba155c691362440e48128a0121687"}
** AUTHENTICATE **	{"fedid":"tesztAdmin@sztaki.hu","token":"68761a0441d21d30c20ae49b2e1b4acef16ba155c691362440e48128a0121687"}
** AUTHENTICATE **	Normal API key acquired.
GET 	/app.php/api/entityids.json
POST 	/app.php/api/services.json
POST 	/app.php/api/organizations.json
POST 	/app.php/api/services/1/entitlements.json
POST 	/app.php/api/services/1/entitlements.json
POST 	/app.php/api/services/1/entitlementpacks.json
PUT 	/app.php/api/entitlementpacks/1/entitlements/1.json
PUT 	/app.php/api/entitlementpacks/1/entitlements/2.json
***	 OrganizationEntitlementpacksAcceptTest ***
PUT 	/app.php/api/organizations/1/entitlementpacks/1.json
GET 	/app.php/api/organizations/1/entitlementpacks.json
PUT 	/app.php/api/organizations/1/entitlementpacks/1/accept.json
GET 	/app.php/api/organizations/1/entitlementpacks.json
BeforeClass @ CleanTest
/home/ede/NetBeansProjects/JavaCoreTest/hexaa-test
*** Loading Properties ***
*** 80
*** 192.168.203.203
*** tesztAdmin@sztaki.hu
*** 7lrfjlpu5br2vpv1jcaogdz481b28xf7lz85wqmv
OUTPUT>Could not open input file: app/console
OUTPUT>Dropped database for connection named `hexaa`
OUTPUT>Created database for connection named `hexaa`
OUTPUT>Updating database schema...
OUTPUT>Database schema updated successfully! "64" queries were executed
ExitValue: 0
** AUTHENTICATE **	GET 	/app.php/api/principal/self.json
** AUTHENTICATE **	{"code":403,"message":"Forbidden","errors":null}
** AUTHENTICATE **	Getting temporary API key.
** AUTHENTICATE **	Temporary API key acquired.
** AUTHENTICATE **	POST 	/app.php/api/tokens.json
{"fedid":"tesztAdmin@sztaki.hu","token":"d629b12dd458432cc831b41e679e8f23141298f460b9c6d269ea2431950459c4"}
** AUTHENTICATE **	{"fedid":"tesztAdmin@sztaki.hu","token":"d629b12dd458432cc831b41e679e8f23141298f460b9c6d269ea2431950459c4"}
** AUTHENTICATE **	Normal API key acquired.
GET 	/app.php/api/entityids.json
POST 	/app.php/api/services.json
POST 	/app.php/api/organizations.json
POST 	/app.php/api/services/1/entitlements.json
POST 	/app.php/api/services/1/entitlements.json
POST 	/app.php/api/services/1/entitlementpacks.json
PUT 	/app.php/api/entitlementpacks/1/entitlements/1.json
PUT 	/app.php/api/entitlementpacks/1/entitlements/2.json
***	 OrganizationEntitlementpacksTokenTest ***
GET 	/app.php/api/entitlementpacks/1/token.json
PUT 	/app.php/api/organizations/1/entitlementpacks/0f3a98fe-491e-4be4-a684-49d43f0da95e/token.json
GET 	/app.php/api/organizations/1/entitlementpacks.json
BeforeClass @ CleanTest
/home/ede/NetBeansProjects/JavaCoreTest/hexaa-test
*** Loading Properties ***
*** 80
*** 192.168.203.203
*** tesztAdmin@sztaki.hu
*** 7lrfjlpu5br2vpv1jcaogdz481b28xf7lz85wqmv
OUTPUT>Could not open input file: app/console
OUTPUT>Dropped database for connection named `hexaa`
OUTPUT>Created database for connection named `hexaa`
OUTPUT>Updating database schema...
OUTPUT>Database schema updated successfully! "64" queries were executed
ExitValue: 0
** AUTHENTICATE **	GET 	/app.php/api/principal/self.json
** AUTHENTICATE **	{"code":403,"message":"Forbidden","errors":null}
** AUTHENTICATE **	Getting temporary API key.
** AUTHENTICATE **	Temporary API key acquired.
** AUTHENTICATE **	POST 	/app.php/api/tokens.json
{"fedid":"tesztAdmin@sztaki.hu","token":"08bc4eef701029acd1a35ba60853629a5bb0bf6179766a7380ead69b183e4aae"}
** AUTHENTICATE **	{"fedid":"tesztAdmin@sztaki.hu","token":"08bc4eef701029acd1a35ba60853629a5bb0bf6179766a7380ead69b183e4aae"}
** AUTHENTICATE **	Normal API key acquired.
***	 PrincipalsAttributevaluesGetTest ***
GET 	/app.php/api/entityids.json
POST 	/app.php/api/services.json
POST 	/app.php/api/organizations.json
POST 	/app.php/api/organizations/1/roles.json
POST 	/app.php/api/services/1/entitlementpacks.json
POST 	/app.php/api/services/1/entitlements.json
PUT 	/app.php/api/entitlementpacks/1/entitlements/1.json
PUT 	/app.php/api/organizations/1/entitlementpacks/1.json
PUT 	/app.php/api/organizations/1/entitlementpacks/1/accept.json
PUT 	/app.php/api/roles/1/entitlements/1.json
PUT 	/app.php/api/roles/1/principals/1.json
POST 	/app.php/api/attributespecs.json
PUT 	/app.php/api/services/1/attributespecs/1.json
POST 	/app.php/api/attributevalueprincipals.json
GET 	/app.php/api/principal/attributevalueprincipal.json
GET 	/app.php/api/principals/1/attributespecs/attributevalueprincipals.json
BeforeClass @ CleanTest
/home/ede/NetBeansProjects/JavaCoreTest/hexaa-test
*** Loading Properties ***
*** 80
*** 192.168.203.203
*** tesztAdmin@sztaki.hu
*** 7lrfjlpu5br2vpv1jcaogdz481b28xf7lz85wqmv
OUTPUT>Could not open input file: app/console
OUTPUT>Dropped database for connection named `hexaa`
OUTPUT>Created database for connection named `hexaa`
OUTPUT>Updating database schema...
OUTPUT>Database schema updated successfully! "64" queries were executed
ExitValue: 0
** AUTHENTICATE **	GET 	/app.php/api/principal/self.json
** AUTHENTICATE **	{"code":403,"message":"Forbidden","errors":null}
** AUTHENTICATE **	Getting temporary API key.
** AUTHENTICATE **	Temporary API key acquired.
** AUTHENTICATE **	POST 	/app.php/api/tokens.json
{"fedid":"tesztAdmin@sztaki.hu","token":"86a00247ea18e8bb8512e8a4b0b152b0beabc94d75e9ec811cb0fa298f14bc37"}
** AUTHENTICATE **	{"fedid":"tesztAdmin@sztaki.hu","token":"86a00247ea18e8bb8512e8a4b0b152b0beabc94d75e9ec811cb0fa298f14bc37"}
** AUTHENTICATE **	Normal API key acquired.
***	 PrincipalsRoleGetTest ***
POST 	/app.php/api/organizations.json
POST 	/app.php/api/organizations/1/roles.json
PUT 	/app.php/api/organizations/1/members/1.json
PUT 	/app.php/api/roles/1/principals/1.json
GET 	/app.php/api/principal/roles.json
BeforeClass @ CleanTest
/home/ede/NetBeansProjects/JavaCoreTest/hexaa-test
*** Loading Properties ***
*** 80
*** 192.168.203.203
*** tesztAdmin@sztaki.hu
*** 7lrfjlpu5br2vpv1jcaogdz481b28xf7lz85wqmv
OUTPUT>Could not open input file: app/console
OUTPUT>Dropped database for connection named `hexaa`
OUTPUT>Created database for connection named `hexaa`
OUTPUT>Updating database schema...
OUTPUT>Database schema updated successfully! "64" queries were executed
ExitValue: 0
** AUTHENTICATE **	GET 	/app.php/api/principal/self.json
** AUTHENTICATE **	{"code":403,"message":"Forbidden","errors":null}
** AUTHENTICATE **	Getting temporary API key.
** AUTHENTICATE **	Temporary API key acquired.
** AUTHENTICATE **	POST 	/app.php/api/tokens.json
{"fedid":"tesztAdmin@sztaki.hu","token":"17ee137ceffd63ecf173cd8f0d49cb0d10812e423e1fa3e899fb9c27cb8f0c45"}
** AUTHENTICATE **	{"fedid":"tesztAdmin@sztaki.hu","token":"17ee137ceffd63ecf173cd8f0d49cb0d10812e423e1fa3e899fb9c27cb8f0c45"}
** AUTHENTICATE **	Normal API key acquired.
***	 PrincipalsAttributespecsPrivateGetTest ***
POST 	/app.php/api/organizations.json
PUT 	/app.php/api/organizations/1/members/1.json
GET 	/app.php/api/entityids.json
POST 	/app.php/api/services.json
POST 	/app.php/api/services.json
POST 	/app.php/api/attributespecs.json
POST 	/app.php/api/attributespecs.json
PUT 	/app.php/api/services/1/attributespecs/1.json
PUT 	/app.php/api/services/2/attributespecs/2.json
POST 	/app.php/api/organizations/1/roles.json
POST 	/app.php/api/services/2/entitlements.json
POST 	/app.php/api/services/2/entitlementpacks.json
PUT 	/app.php/api/entitlementpacks/1/entitlements/1.json
PUT 	/app.php/api/organizations/1/entitlementpacks/1.json
PUT 	/app.php/api/organizations/1/entitlementpacks/1/accept.json
PUT 	/app.php/api/roles/1/entitlements/1.json
PUT 	/app.php/api/roles/1/principals/1.json
GET 	/app.php/api/principal/attributespecs.json
BeforeClass @ CleanTest
/home/ede/NetBeansProjects/JavaCoreTest/hexaa-test
*** Loading Properties ***
*** 80
*** 192.168.203.203
*** tesztAdmin@sztaki.hu
*** 7lrfjlpu5br2vpv1jcaogdz481b28xf7lz85wqmv
OUTPUT>Could not open input file: app/console
OUTPUT>Dropped database for connection named `hexaa`
OUTPUT>Created database for connection named `hexaa`
OUTPUT>Updating database schema...
OUTPUT>Database schema updated successfully! "64" queries were executed
ExitValue: 0
** AUTHENTICATE **	GET 	/app.php/api/principal/self.json
** AUTHENTICATE **	{"code":403,"message":"Forbidden","errors":null}
** AUTHENTICATE **	Getting temporary API key.
** AUTHENTICATE **	Temporary API key acquired.
** AUTHENTICATE **	POST 	/app.php/api/tokens.json
{"fedid":"tesztAdmin@sztaki.hu","token":"c7e9939c50ba0d5df942deb71edc257eb9373bdda75f9a72762a05029e6290f3"}
** AUTHENTICATE **	{"fedid":"tesztAdmin@sztaki.hu","token":"c7e9939c50ba0d5df942deb71edc257eb9373bdda75f9a72762a05029e6290f3"}
** AUTHENTICATE **	Normal API key acquired.
***	 PrincipalsEntitlementsGetTest ***
POST 	/app.php/api/organizations.json
PUT 	/app.php/api/organizations/1/members/1.json
POST 	/app.php/api/organizations/1/roles.json
GET 	/app.php/api/entityids.json
POST 	/app.php/api/services.json
POST 	/app.php/api/services.json
POST 	/app.php/api/services/2/entitlements.json
POST 	/app.php/api/services/2/entitlementpacks.json
PUT 	/app.php/api/entitlementpacks/1/entitlements/1.json
PUT 	/app.php/api/organizations/1/entitlementpacks/1.json
PUT 	/app.php/api/organizations/1/entitlementpacks/1/accept.json
PUT 	/app.php/api/roles/1/entitlements/1.json
PUT 	/app.php/api/roles/1/principals/1.json
GET 	/app.php/api/principal/entitlements.json
BeforeClass @ CleanTest
/home/ede/NetBeansProjects/JavaCoreTest/hexaa-test
*** Loading Properties ***
*** 80
*** 192.168.203.203
*** tesztAdmin@sztaki.hu
*** 7lrfjlpu5br2vpv1jcaogdz481b28xf7lz85wqmv
OUTPUT>Could not open input file: app/console
OUTPUT>Dropped database for connection named `hexaa`
OUTPUT>Created database for connection named `hexaa`
OUTPUT>Updating database schema...
OUTPUT>Database schema updated successfully! "64" queries were executed
ExitValue: 0
** AUTHENTICATE **	GET 	/app.php/api/principal/self.json
** AUTHENTICATE **	{"code":403,"message":"Forbidden","errors":null}
** AUTHENTICATE **	Getting temporary API key.
** AUTHENTICATE **	Temporary API key acquired.
** AUTHENTICATE **	POST 	/app.php/api/tokens.json
{"fedid":"tesztAdmin@sztaki.hu","token":"de4aaa58d61d0f649883070a09d12084bec7a72ef69ed08037120b2ebf4cbce3"}
** AUTHENTICATE **	{"fedid":"tesztAdmin@sztaki.hu","token":"de4aaa58d61d0f649883070a09d12084bec7a72ef69ed08037120b2ebf4cbce3"}
** AUTHENTICATE **	Normal API key acquired.
***	 RolesEntitlementsAddTest ***
POST 	/app.php/api/organizations.json
POST 	/app.php/api/organizations/1/roles.json
POST 	/app.php/api/organizations/1/roles.json
GET 	/app.php/api/entityids.json
POST 	/app.php/api/services.json
POST 	/app.php/api/services/1/entitlements.json
POST 	/app.php/api/services/1/entitlementpacks.json
PUT 	/app.php/api/roles/1/entitlements/1.json
PUT 	/app.php/api/entitlementpacks/1/entitlements/1.json
PUT 	/app.php/api/organizations/1/entitlementpacks/1.json
PUT 	/app.php/api/organizations/1/entitlementpacks/1/accept.json
PUT 	/app.php/api/roles/1/entitlements/1.json
PUT 	/app.php/api/roles/1/entitlements/1.json
BeforeClass @ CleanTest
/home/ede/NetBeansProjects/JavaCoreTest/hexaa-test
*** Loading Properties ***
*** 80
*** 192.168.203.203
*** tesztAdmin@sztaki.hu
*** 7lrfjlpu5br2vpv1jcaogdz481b28xf7lz85wqmv
OUTPUT>Could not open input file: app/console
OUTPUT>Dropped database for connection named `hexaa`
OUTPUT>Created database for connection named `hexaa`
OUTPUT>Updating database schema...
OUTPUT>Database schema updated successfully! "64" queries were executed
ExitValue: 0
** AUTHENTICATE **	GET 	/app.php/api/principal/self.json
** AUTHENTICATE **	{"code":403,"message":"Forbidden","errors":null}
** AUTHENTICATE **	Getting temporary API key.
** AUTHENTICATE **	Temporary API key acquired.
** AUTHENTICATE **	POST 	/app.php/api/tokens.json
{"fedid":"tesztAdmin@sztaki.hu","token":"3c76df4b61817b63c9e7c97db1df50a6203180a946bf2c9ac3e1131d44213137"}
** AUTHENTICATE **	{"fedid":"tesztAdmin@sztaki.hu","token":"3c76df4b61817b63c9e7c97db1df50a6203180a946bf2c9ac3e1131d44213137"}
** AUTHENTICATE **	Normal API key acquired.
***	 RolesPrincipalsRemoveTest ***
POST 	/app.php/api/organizations.json
POST 	/app.php/api/organizations/1/roles.json
POST 	/app.php/api/principals.json
GET 	/app.php/api/principals/1/id.json
PUT 	/app.php/api/organizations/1/members/2.json
PUT 	/app.php/api/roles/1/principals/1.json
PUT 	/app.php/api/roles/1/principals/2.json
DEL 	/app.php/api/roles/1/principals/1.json
GET 	/app.php/api/roles/1/principals.json
BeforeClass @ CleanTest
/home/ede/NetBeansProjects/JavaCoreTest/hexaa-test
*** Loading Properties ***
*** 80
*** 192.168.203.203
*** tesztAdmin@sztaki.hu
*** 7lrfjlpu5br2vpv1jcaogdz481b28xf7lz85wqmv
OUTPUT>Could not open input file: app/console
OUTPUT>Dropped database for connection named `hexaa`
OUTPUT>Created database for connection named `hexaa`
OUTPUT>Updating database schema...
OUTPUT>Database schema updated successfully! "64" queries were executed
ExitValue: 0
** AUTHENTICATE **	GET 	/app.php/api/principal/self.json
** AUTHENTICATE **	{"code":403,"message":"Forbidden","errors":null}
** AUTHENTICATE **	Getting temporary API key.
** AUTHENTICATE **	Temporary API key acquired.
** AUTHENTICATE **	POST 	/app.php/api/tokens.json
{"fedid":"tesztAdmin@sztaki.hu","token":"20ae30a277f94139ac30f00fa77299b69e52d35304d3de682bd5048b6bdb9ba0"}
** AUTHENTICATE **	{"fedid":"tesztAdmin@sztaki.hu","token":"20ae30a277f94139ac30f00fa77299b69e52d35304d3de682bd5048b6bdb9ba0"}
** AUTHENTICATE **	Normal API key acquired.
***	 RolesPrincipalsGetTest ***
POST 	/app.php/api/organizations.json
POST 	/app.php/api/organizations/1/roles.json
POST 	/app.php/api/principals.json
PUT 	/app.php/api/organizations/1/members/2.json
PUT 	/app.php/api/roles/1/principals/2.json
GET 	/app.php/api/roles/1/principals.json
[{"principal":{"updated_at":"2014-10-06T13:45:36+0000","created_at":"2014-10-06T13:45:36+0000","id":2,"fedid":"testPrincipal","display_name":"testPrincipal_name","email":"testPrincipal@email.something"},"created_at":"2014-10-06T13:45:37+0000","expiration":null,"id":1}]
BeforeClass @ CleanTest
/home/ede/NetBeansProjects/JavaCoreTest/hexaa-test
*** Loading Properties ***
*** 80
*** 192.168.203.203
*** tesztAdmin@sztaki.hu
*** 7lrfjlpu5br2vpv1jcaogdz481b28xf7lz85wqmv
OUTPUT>Could not open input file: app/console
OUTPUT>Dropped database for connection named `hexaa`
OUTPUT>Created database for connection named `hexaa`
OUTPUT>Updating database schema...
OUTPUT>Database schema updated successfully! "64" queries were executed
ExitValue: 0
** AUTHENTICATE **	GET 	/app.php/api/principal/self.json
** AUTHENTICATE **	{"code":403,"message":"Forbidden","errors":null}
** AUTHENTICATE **	Getting temporary API key.
** AUTHENTICATE **	Temporary API key acquired.
** AUTHENTICATE **	POST 	/app.php/api/tokens.json
{"fedid":"tesztAdmin@sztaki.hu","token":"b08e6aed70bf49ee68f9fc9060be3fd54266260d085a92b512a5b32f66fac3d5"}
** AUTHENTICATE **	{"fedid":"tesztAdmin@sztaki.hu","token":"b08e6aed70bf49ee68f9fc9060be3fd54266260d085a92b512a5b32f66fac3d5"}
** AUTHENTICATE **	Normal API key acquired.
***	 ServicesOrganizationsGetTest ***
GET 	/app.php/api/entityids.json
POST 	/app.php/api/services.json
POST 	/app.php/api/services.json
POST 	/app.php/api/organizations.json
POST 	/app.php/api/services/1/entitlementpacks.json
PUT 	/app.php/api/organizations/1/entitlementpacks/1.json
PUT 	/app.php/api/organizations/1/entitlementpacks/1/accept.json
GET 	/app.php/api/services/1/organizations.json
BeforeClass @ CleanTest
/home/ede/NetBeansProjects/JavaCoreTest/hexaa-test
*** Loading Properties ***
*** 80
*** 192.168.203.203
*** tesztAdmin@sztaki.hu
*** 7lrfjlpu5br2vpv1jcaogdz481b28xf7lz85wqmv
OUTPUT>Could not open input file: app/console
OUTPUT>Dropped database for connection named `hexaa`
OUTPUT>Created database for connection named `hexaa`
OUTPUT>Updating database schema...
OUTPUT>Database schema updated successfully! "64" queries were executed
ExitValue: 0
** AUTHENTICATE **	GET 	/app.php/api/principal/self.json
** AUTHENTICATE **	{"code":403,"message":"Forbidden","errors":null}
** AUTHENTICATE **	Getting temporary API key.
** AUTHENTICATE **	Temporary API key acquired.
** AUTHENTICATE **	POST 	/app.php/api/tokens.json
{"fedid":"tesztAdmin@sztaki.hu","token":"29b5e398497bdc0fc9dbc740c5e00bea09f02c58efb443e773e2ed506a7df33d"}
** AUTHENTICATE **	{"fedid":"tesztAdmin@sztaki.hu","token":"29b5e398497bdc0fc9dbc740c5e00bea09f02c58efb443e773e2ed506a7df33d"}
** AUTHENTICATE **	Normal API key acquired.
***	 ServicesManagersRemoveTest ***
GET 	/app.php/api/entityids.json
POST 	/app.php/api/services.json
POST 	/app.php/api/services.json
POST 	/app.php/api/principals.json
POST 	/app.php/api/principals.json
GET 	/app.php/api/principal/self.json
PUT 	/app.php/api/services/1/managers/2.json
PUT 	/app.php/api/services/1/managers/3.json
DEL 	/app.php/api/services/1/managers/2.json
GET 	/app.php/api/services/1/managers.json
GET 	/app.php/api/services/2/managers.json
BeforeClass @ CleanTest
/home/ede/NetBeansProjects/JavaCoreTest/hexaa-test
*** Loading Properties ***
*** 80
*** 192.168.203.203
*** tesztAdmin@sztaki.hu
*** 7lrfjlpu5br2vpv1jcaogdz481b28xf7lz85wqmv
OUTPUT>Could not open input file: app/console
OUTPUT>Dropped database for connection named `hexaa`
OUTPUT>Created database for connection named `hexaa`
OUTPUT>Updating database schema...
OUTPUT>Database schema updated successfully! "64" queries were executed
ExitValue: 0
** AUTHENTICATE **	GET 	/app.php/api/principal/self.json
** AUTHENTICATE **	{"code":403,"message":"Forbidden","errors":null}
** AUTHENTICATE **	Getting temporary API key.
** AUTHENTICATE **	Temporary API key acquired.
** AUTHENTICATE **	POST 	/app.php/api/tokens.json
{"fedid":"tesztAdmin@sztaki.hu","token":"ba7956011c857e88efd24ac54dac8b6f14665c71ce36bfa19a1d17b21a11064e"}
** AUTHENTICATE **	{"fedid":"tesztAdmin@sztaki.hu","token":"ba7956011c857e88efd24ac54dac8b6f14665c71ce36bfa19a1d17b21a11064e"}
** AUTHENTICATE **	Normal API key acquired.
***	 ServicesManagersGetTest ***
GET 	/app.php/api/entityids.json
POST 	/app.php/api/services.json
POST 	/app.php/api/services.json
POST 	/app.php/api/principals.json
POST 	/app.php/api/principals.json
GET 	/app.php/api/principal/self.json
PUT 	/app.php/api/services/1/managers/2.json
PUT 	/app.php/api/services/1/managers/3.json
GET 	/app.php/api/services/1/managers.json
GET 	/app.php/api/services/2/managers.json
]]></system-out>
  <system-err><![CDATA[]]></system-err>
</testsuite>
